#
# There is insufficient memory for the Java Runtime Environment to continue.
# Native memory allocation (malloc) failed to allocate 1079856 bytes for Chunk::new
# Possible reasons:
#   The system is out of physical RAM or swap space
#   The process is running with CompressedOops enabled, and the Java Heap may be blocking the growth of the native heap
# Possible solutions:
#   Reduce memory load on the system
#   Increase physical memory or swap space
#   Check if swap backing store is full
#   Decrease Java heap size (-Xmx/-Xms)
#   Decrease number of Java threads
#   Decrease Java thread stack sizes (-Xss)
#   Set larger code cache with -XX:ReservedCodeCacheSize=
#   JVM is running with Unscaled Compressed Oops mode in which the Java heap is
#     placed in the first 4GB address space. The Java Heap base address is the
#     maximum limit for the native heap growth. Please use -XX:HeapBaseMinAddress
#     to set the Java Heap base and to place the Java Heap above 4GB virtual address.
# This output file may be truncated or incomplete.
#
#  Out of Memory Error (./src/hotspot/share/memory/arena.cpp:197), pid=10832, tid=13320
#
# JRE version: OpenJDK Runtime Environment (11.0.8+10) (build 11.0.8+10-b944.6842174)
# Java VM: OpenJDK 64-Bit Server VM (11.0.8+10-b944.6842174, mixed mode, tiered, compressed oops, g1 gc, windows-amd64)
# No core dump will be written. Minidumps are not enabled by default on client versions of Windows
#

---------------  S U M M A R Y ------------

Command Line: --add-opens=java.base/java.util=ALL-UNNAMED --add-opens=java.base/java.lang=ALL-UNNAMED --add-opens=java.base/java.lang.invoke=ALL-UNNAMED --add-opens=java.prefs/java.util.prefs=ALL-UNNAMED -Xmx2048m -Dfile.encoding=UTF-8 -Duser.country=US -Duser.language=en -Duser.variant org.gradle.launcher.daemon.bootstrap.GradleDaemon 6.7.1

Host: Intel(R) Core(TM) i5-7200U CPU @ 2.50GHz, 4 cores, 11G,  Windows 10 , 64 bit Build 19041 (10.0.19041.928)
Time: Mon Jun 14 08:49:15 2021 Malay Peninsula Standard Time elapsed time: 30 seconds (0d 0h 0m 30s)

---------------  T H R E A D  ---------------

Current thread (0x0000020fdc63c000):  JavaThread "C2 CompilerThread1" daemon [_thread_in_native, id=13320, stack(0x0000003d04d00000,0x0000003d04e00000)]


Current CompileTask:
C2:  30511 7100       4       java.io.WinNTFileSystem::normalize (143 bytes)

Stack: [0x0000003d04d00000,0x0000003d04e00000]
Native frames: (J=compiled Java code, j=interpreted, Vv=VM code, C=native code)
V  [jvm.dll+0x5de50a]
V  [jvm.dll+0x7122f5]
V  [jvm.dll+0x71384d]
V  [jvm.dll+0x713f03]
V  [jvm.dll+0x23e728]
V  [jvm.dll+0xb899c]
V  [jvm.dll+0xb8e9c]
V  [jvm.dll+0x35024d]
V  [jvm.dll+0x31dea3]
V  [jvm.dll+0x31d39a]
V  [jvm.dll+0x1f7702]
V  [jvm.dll+0x1f68d4]
V  [jvm.dll+0x17f32c]
V  [jvm.dll+0x205047]
V  [jvm.dll+0x203891]
V  [jvm.dll+0x6dad3f]
V  [jvm.dll+0x6d3895]
V  [jvm.dll+0x5dd4a6]
C  [ucrtbase.dll+0x21bb2]
C  [KERNEL32.DLL+0x17034]
C  [ntdll.dll+0x52651]


---------------  P R O C E S S  ---------------

Threads class SMR info:
_java_thread_list=0x0000020fdddce2e0, length=142, elements={
0x0000020fbd70a800, 0x0000020fd8183800, 0x0000020fd8184800, 0x0000020fd796e800,
0x0000020fd7971000, 0x0000020fd7973000, 0x0000020fd7978000, 0x0000020fd823d000,
0x0000020fd832e800, 0x0000020fd8330800, 0x0000020fd9a8e800, 0x0000020fd974e000,
0x0000020fd9594000, 0x0000020fda688800, 0x0000020fd964e000, 0x0000020fda459800,
0x0000020fd9d3b000, 0x0000020fd9d3b800, 0x0000020fd91ce000, 0x0000020fda20a000,
0x0000020fd90d7800, 0x0000020fd90d6800, 0x0000020fd90d5000, 0x0000020fd90d1800,
0x0000020fd90d8000, 0x0000020fd90d2800, 0x0000020fd90d5800, 0x0000020fd90d3000,
0x0000020fd90d4000, 0x0000020fdc960000, 0x0000020fdc95c000, 0x0000020fdc95d000,
0x0000020fdc95d800, 0x0000020fdc95e800, 0x0000020fdc95a800, 0x0000020fdc961000,
0x0000020fdc95b000, 0x0000020fdc962800, 0x0000020fdc963800, 0x0000020fdc964000,
0x0000020fdc961800, 0x0000020fdc966000, 0x0000020fdc966800, 0x0000020fdc965000,
0x0000020fdc967800, 0x0000020fdc968800, 0x0000020fdc969000, 0x0000020fda5f2800,
0x0000020fda5f4000, 0x0000020fda5f1800, 0x0000020fda5f6000, 0x0000020fda5f5000,
0x0000020fda5f1000, 0x0000020fda5f6800, 0x0000020fda5f8800, 0x0000020fda5f7800,
0x0000020fda5f9000, 0x0000020fda5f3800, 0x0000020fda5fc800, 0x0000020fda5fd000,
0x0000020fda5fe000, 0x0000020fda5fa800, 0x0000020fda5ff000, 0x0000020fda5ff800,
0x0000020fda5fa000, 0x0000020fda5fb800, 0x0000020fdaabf000, 0x0000020fdaac0000,
0x0000020fdaac1000, 0x0000020fdaabb000, 0x0000020fdaabe800, 0x0000020fdaabc000,
0x0000020fdaac1800, 0x0000020fdaac2800, 0x0000020fdaabc800, 0x0000020fdaac3000,
0x0000020fdaabd800, 0x0000020fdaac8000, 0x0000020fdaac7800, 0x0000020fdaac9000,
0x0000020fdaac4000, 0x0000020fdaac5800, 0x0000020fdaaca000, 0x0000020fdaac6800,
0x0000020fdaac5000, 0x0000020fd8482800, 0x0000020fd8480000, 0x0000020fd8484800,
0x0000020fd8484000, 0x0000020fd8483000, 0x0000020fd847f000, 0x0000020fd8485800,
0x0000020fd8486800, 0x0000020fd8480800, 0x0000020fd8487000, 0x0000020fd8481800,
0x0000020fd8489000, 0x0000020fd848d000, 0x0000020fd848c000, 0x0000020fd848d800,
0x0000020fd8489800, 0x0000020fd848a800, 0x0000020fd8488000, 0x0000020fd848b800,
0x0000020fdab99800, 0x0000020fdab97800, 0x0000020fdab96800, 0x0000020fdab9c000,
0x0000020fdab9b800, 0x0000020fdab99000, 0x0000020fdab9d000, 0x0000020fdab9a800,
0x0000020fdab9e000, 0x0000020fdab98000, 0x0000020fdaba2800, 0x0000020fdaba3800,
0x0000020fdaba2000, 0x0000020fdaba4800, 0x0000020fdab9e800, 0x0000020fdaba5000,
0x0000020fdaba0800, 0x0000020fdaba1000, 0x0000020fdab9f800, 0x0000020fdc634000,
0x0000020fdc634800, 0x0000020fdc632000, 0x0000020fdc630800, 0x0000020fdc635800,
0x0000020fdc636800, 0x0000020fdc637000, 0x0000020fdc631800, 0x0000020fdc638000,
0x0000020fdc639000, 0x0000020fdc63b000, 0x0000020fdc63c000, 0x0000020fdc63f800,
0x0000020fdc63d000, 0x0000020fdc63d800, 0x0000020fdc63e800, 0x0000020fdc63a800,
0x0000020fdc639800, 0x0000020fddb4a800
}

Java Threads: ( => current thread )
  0x0000020fbd70a800 JavaThread "main" [_thread_blocked, id=16292, stack(0x0000003d02200000,0x0000003d02300000)]
  0x0000020fd8183800 JavaThread "Reference Handler" daemon [_thread_blocked, id=10772, stack(0x0000003d02900000,0x0000003d02a00000)]
  0x0000020fd8184800 JavaThread "Finalizer" daemon [_thread_blocked, id=13872, stack(0x0000003d02a00000,0x0000003d02b00000)]
  0x0000020fd796e800 JavaThread "Signal Dispatcher" daemon [_thread_blocked, id=23472, stack(0x0000003d02b00000,0x0000003d02c00000)]
  0x0000020fd7971000 JavaThread "Attach Listener" daemon [_thread_blocked, id=24872, stack(0x0000003d02c00000,0x0000003d02d00000)]
  0x0000020fd7973000 JavaThread "C2 CompilerThread0" daemon [_thread_in_native, id=3696, stack(0x0000003d02d00000,0x0000003d02e00000)]
  0x0000020fd7978000 JavaThread "C1 CompilerThread0" daemon [_thread_in_native, id=22148, stack(0x0000003d02e00000,0x0000003d02f00000)]
  0x0000020fd823d000 JavaThread "Sweeper thread" daemon [_thread_blocked, id=16352, stack(0x0000003d02f00000,0x0000003d03000000)]
  0x0000020fd832e800 JavaThread "Common-Cleaner" daemon [_thread_blocked, id=4168, stack(0x0000003d03000000,0x0000003d03100000)]
  0x0000020fd8330800 JavaThread "Service Thread" daemon [_thread_blocked, id=15040, stack(0x0000003d03100000,0x0000003d03200000)]
  0x0000020fd9a8e800 JavaThread "Daemon health stats" [_thread_blocked, id=10924, stack(0x0000003d03700000,0x0000003d03800000)]
  0x0000020fd974e000 JavaThread "Incoming local TCP Connector on port 57577" [_thread_in_native, id=14204, stack(0x0000003d03900000,0x0000003d03a00000)]
  0x0000020fd9594000 JavaThread "Daemon periodic checks" [_thread_blocked, id=14112, stack(0x0000003d03a00000,0x0000003d03b00000)]
  0x0000020fda688800 JavaThread "Daemon" [_thread_blocked, id=16500, stack(0x0000003d03b00000,0x0000003d03c00000)]
  0x0000020fd964e000 JavaThread "Handler for socket connection from /127.0.0.1:57577 to /127.0.0.1:57578" [_thread_in_native, id=24068, stack(0x0000003d03c00000,0x0000003d03d00000)]
  0x0000020fda459800 JavaThread "Cancel handler" [_thread_blocked, id=23724, stack(0x0000003d03d00000,0x0000003d03e00000)]
  0x0000020fd9d3b000 JavaThread "Daemon worker" [_thread_blocked, id=22892, stack(0x0000003d03e00000,0x0000003d03f00000)]
  0x0000020fd9d3b800 JavaThread "Asynchronous log dispatcher for DefaultDaemonConnection: socket connection from /127.0.0.1:57577 to /127.0.0.1:57578" [_thread_blocked, id=21656, stack(0x0000003d03f00000,0x0000003d04000000)]
  0x0000020fd91ce000 JavaThread "Stdin handler" [_thread_blocked, id=5412, stack(0x0000003d04000000,0x0000003d04100000)]
  0x0000020fda20a000 JavaThread "Thread-8" [_thread_blocked, id=11932, stack(0x0000003d04100000,0x0000003d04200000)]
  0x0000020fd90d7800 JavaThread "Cache worker for file hash cache (C:\Users\Putera Ezzalee\.gradle\caches\6.7.1\fileHashes)" [_thread_blocked, id=1436, stack(0x0000003d04200000,0x0000003d04300000)]
  0x0000020fd90d6800 JavaThread "File lock request listener" [_thread_in_native, id=10556, stack(0x0000003d04300000,0x0000003d04400000)]
  0x0000020fd90d5000 JavaThread "Cache worker for journal cache (C:\Users\Putera Ezzalee\.gradle\caches\journal-1)" [_thread_blocked, id=6364, stack(0x0000003d04400000,0x0000003d04500000)]
  0x0000020fd90d1800 JavaThread "Cache worker for file hash cache (C:\Users\Putera Ezzalee\AndroidStudioProjects\KarismaTuitionCentre\.gradle\6.7.1\fileHashes)" [_thread_blocked, id=25056, stack(0x0000003d04500000,0x0000003d04600000)]
  0x0000020fd90d8000 JavaThread "Cache worker for checksums cache (C:\Users\Putera Ezzalee\AndroidStudioProjects\KarismaTuitionCentre\.gradle\checksums)" [_thread_blocked, id=23832, stack(0x0000003d04700000,0x0000003d04800000)]
  0x0000020fd90d2800 JavaThread "Cache worker for cache directory md-supplier (C:\Users\Putera Ezzalee\.gradle\caches\6.7.1\md-supplier)" [_thread_blocked, id=13768, stack(0x0000003d04800000,0x0000003d04900000)]
  0x0000020fd90d5800 JavaThread "Cache worker for cache directory md-rule (C:\Users\Putera Ezzalee\.gradle\caches\6.7.1\md-rule)" [_thread_blocked, id=15764, stack(0x0000003d04900000,0x0000003d04a00000)]
  0x0000020fd90d3000 JavaThread "Cache worker for execution history cache (C:\Users\Putera Ezzalee\.gradle\caches\6.7.1\executionHistory)" [_thread_blocked, id=1900, stack(0x0000003d04a00000,0x0000003d04b00000)]
  0x0000020fd90d4000 JavaThread "jar transforms" [_thread_blocked, id=17336, stack(0x0000003d04600000,0x0000003d04700000)]
  0x0000020fdc960000 JavaThread "Cache worker for file content cache (C:\Users\Putera Ezzalee\.gradle\caches\6.7.1\fileContent)" [_thread_blocked, id=2176, stack(0x0000003d04b00000,0x0000003d04c00000)]
  0x0000020fdc95c000 JavaThread "Cache worker for Build Output Cleanup Cache (C:\Users\Putera Ezzalee\AndroidStudioProjects\KarismaTuitionCentre\.gradle\buildOutputCleanup)" [_thread_blocked, id=24668, stack(0x0000003d04c00000,0x0000003d04d00000)]
  0x0000020fdc95d000 JavaThread "Build operations" [_thread_blocked, id=19356, stack(0x0000003d04e00000,0x0000003d04f00000)]
  0x0000020fdc95d800 JavaThread "Build operations Thread 2" [_thread_blocked, id=7428, stack(0x0000003d04f00000,0x0000003d05000000)]
  0x0000020fdc95e800 JavaThread "Build operations Thread 3" [_thread_blocked, id=8312, stack(0x0000003d05000000,0x0000003d05100000)]
  0x0000020fdc95a800 JavaThread "Build operations Thread 4" [_thread_blocked, id=5176, stack(0x0000003d05100000,0x0000003d05200000)]
  0x0000020fdc961000 JavaThread "jar transforms Thread 2" [_thread_blocked, id=23100, stack(0x0000003d05200000,0x0000003d05300000)]
  0x0000020fdc95b000 JavaThread "jar transforms Thread 3" [_thread_blocked, id=23708, stack(0x0000003d05300000,0x0000003d05400000)]
  0x0000020fdc962800 JavaThread "jar transforms Thread 4" [_thread_blocked, id=11980, stack(0x0000003d05400000,0x0000003d05500000)]
  0x0000020fdc963800 JavaThread "jar transforms Thread 5" [_thread_blocked, id=21100, stack(0x0000003d05500000,0x0000003d05600000)]
  0x0000020fdc964000 JavaThread "jar transforms Thread 6" [_thread_blocked, id=8292, stack(0x0000003d05600000,0x0000003d05700000)]
  0x0000020fdc961800 JavaThread "jar transforms Thread 7" [_thread_blocked, id=10288, stack(0x0000003d05700000,0x0000003d05800000)]
  0x0000020fdc966000 JavaThread "jar transforms Thread 8" [_thread_blocked, id=4164, stack(0x0000003d05800000,0x0000003d05900000)]
  0x0000020fdc966800 JavaThread "jar transforms Thread 9" [_thread_blocked, id=22044, stack(0x0000003d05900000,0x0000003d05a00000)]
  0x0000020fdc965000 JavaThread "jar transforms Thread 10" [_thread_blocked, id=3180, stack(0x0000003d05a00000,0x0000003d05b00000)]
  0x0000020fdc967800 JavaThread "jar transforms Thread 11" [_thread_blocked, id=15464, stack(0x0000003d05b00000,0x0000003d05c00000)]
  0x0000020fdc968800 JavaThread "jar transforms Thread 12" [_thread_blocked, id=6284, stack(0x0000003d05c00000,0x0000003d05d00000)]
  0x0000020fdc969000 JavaThread "jar transforms Thread 13" [_thread_blocked, id=4984, stack(0x0000003d05d00000,0x0000003d05e00000)]
  0x0000020fda5f2800 JavaThread "jar transforms Thread 14" [_thread_blocked, id=15404, stack(0x0000003d05e00000,0x0000003d05f00000)]
  0x0000020fda5f4000 JavaThread "jar transforms Thread 15" [_thread_blocked, id=11752, stack(0x0000003d05f00000,0x0000003d06000000)]
  0x0000020fda5f1800 JavaThread "jar transforms Thread 16" [_thread_blocked, id=17292, stack(0x0000003d06000000,0x0000003d06100000)]
  0x0000020fda5f6000 JavaThread "jar transforms Thread 17" [_thread_blocked, id=11224, stack(0x0000003d06100000,0x0000003d06200000)]
  0x0000020fda5f5000 JavaThread "jar transforms Thread 18" [_thread_blocked, id=2684, stack(0x0000003d06200000,0x0000003d06300000)]
  0x0000020fda5f1000 JavaThread "jar transforms Thread 19" [_thread_blocked, id=4476, stack(0x0000003d06300000,0x0000003d06400000)]
  0x0000020fda5f6800 JavaThread "jar transforms Thread 20" [_thread_blocked, id=23996, stack(0x0000003d06400000,0x0000003d06500000)]
  0x0000020fda5f8800 JavaThread "jar transforms Thread 21" [_thread_blocked, id=13960, stack(0x0000003d06500000,0x0000003d06600000)]
  0x0000020fda5f7800 JavaThread "jar transforms Thread 22" [_thread_blocked, id=19436, stack(0x0000003d06600000,0x0000003d06700000)]
  0x0000020fda5f9000 JavaThread "jar transforms Thread 23" [_thread_blocked, id=11552, stack(0x0000003d06700000,0x0000003d06800000)]
  0x0000020fda5f3800 JavaThread "jar transforms Thread 24" [_thread_blocked, id=1764, stack(0x0000003d06800000,0x0000003d06900000)]
  0x0000020fda5fc800 JavaThread "jar transforms Thread 25" [_thread_blocked, id=1068, stack(0x0000003d06900000,0x0000003d06a00000)]
  0x0000020fda5fd000 JavaThread "jar transforms Thread 26" [_thread_blocked, id=21188, stack(0x0000003d06a00000,0x0000003d06b00000)]
  0x0000020fda5fe000 JavaThread "jar transforms Thread 27" [_thread_blocked, id=5732, stack(0x0000003d06b00000,0x0000003d06c00000)]
  0x0000020fda5fa800 JavaThread "jar transforms Thread 28" [_thread_blocked, id=23876, stack(0x0000003d06c00000,0x0000003d06d00000)]
  0x0000020fda5ff000 JavaThread "jar transforms Thread 29" [_thread_blocked, id=928, stack(0x0000003d06d00000,0x0000003d06e00000)]
  0x0000020fda5ff800 JavaThread "jar transforms Thread 30" [_thread_blocked, id=19952, stack(0x0000003d06e00000,0x0000003d06f00000)]
  0x0000020fda5fa000 JavaThread "jar transforms Thread 31" [_thread_blocked, id=1368, stack(0x0000003d06f00000,0x0000003d07000000)]
  0x0000020fda5fb800 JavaThread "jar transforms Thread 32" [_thread_blocked, id=15012, stack(0x0000003d07000000,0x0000003d07100000)]
  0x0000020fdaabf000 JavaThread "jar transforms Thread 33" [_thread_blocked, id=14848, stack(0x0000003d07100000,0x0000003d07200000)]
  0x0000020fdaac0000 JavaThread "jar transforms Thread 34" [_thread_blocked, id=3728, stack(0x0000003d07200000,0x0000003d07300000)]
  0x0000020fdaac1000 JavaThread "jar transforms Thread 35" [_thread_blocked, id=23688, stack(0x0000003d07300000,0x0000003d07400000)]
  0x0000020fdaabb000 JavaThread "jar transforms Thread 36" [_thread_blocked, id=23736, stack(0x0000003d07400000,0x0000003d07500000)]
  0x0000020fdaabe800 JavaThread "jar transforms Thread 37" [_thread_blocked, id=15752, stack(0x0000003d07500000,0x0000003d07600000)]
  0x0000020fdaabc000 JavaThread "jar transforms Thread 38" [_thread_blocked, id=22140, stack(0x0000003d07600000,0x0000003d07700000)]
  0x0000020fdaac1800 JavaThread "jar transforms Thread 39" [_thread_blocked, id=13252, stack(0x0000003d07700000,0x0000003d07800000)]
  0x0000020fdaac2800 JavaThread "jar transforms Thread 40" [_thread_blocked, id=22656, stack(0x0000003d07800000,0x0000003d07900000)]
  0x0000020fdaabc800 JavaThread "jar transforms Thread 41" [_thread_blocked, id=5496, stack(0x0000003d07900000,0x0000003d07a00000)]
  0x0000020fdaac3000 JavaThread "jar transforms Thread 42" [_thread_blocked, id=7980, stack(0x0000003d07a00000,0x0000003d07b00000)]
  0x0000020fdaabd800 JavaThread "jar transforms Thread 43" [_thread_blocked, id=20388, stack(0x0000003d07b00000,0x0000003d07c00000)]
  0x0000020fdaac8000 JavaThread "jar transforms Thread 44" [_thread_blocked, id=9444, stack(0x0000003d07c00000,0x0000003d07d00000)]
  0x0000020fdaac7800 JavaThread "jar transforms Thread 45" [_thread_blocked, id=3268, stack(0x0000003d07d00000,0x0000003d07e00000)]
  0x0000020fdaac9000 JavaThread "jar transforms Thread 46" [_thread_blocked, id=15384, stack(0x0000003d07e00000,0x0000003d07f00000)]
  0x0000020fdaac4000 JavaThread "jar transforms Thread 47" [_thread_blocked, id=15276, stack(0x0000003d07f00000,0x0000003d08000000)]
  0x0000020fdaac5800 JavaThread "jar transforms Thread 48" [_thread_blocked, id=24588, stack(0x0000003d08000000,0x0000003d08100000)]
  0x0000020fdaaca000 JavaThread "jar transforms Thread 49" [_thread_blocked, id=8268, stack(0x0000003d08100000,0x0000003d08200000)]
  0x0000020fdaac6800 JavaThread "jar transforms Thread 50" [_thread_blocked, id=19252, stack(0x0000003d08200000,0x0000003d08300000)]
  0x0000020fdaac5000 JavaThread "jar transforms Thread 51" [_thread_blocked, id=23004, stack(0x0000003d08300000,0x0000003d08400000)]
  0x0000020fd8482800 JavaThread "jar transforms Thread 52" [_thread_blocked, id=6120, stack(0x0000003d08400000,0x0000003d08500000)]
  0x0000020fd8480000 JavaThread "jar transforms Thread 53" [_thread_blocked, id=22440, stack(0x0000003d08500000,0x0000003d08600000)]
  0x0000020fd8484800 JavaThread "jar transforms Thread 54" [_thread_blocked, id=14836, stack(0x0000003d08600000,0x0000003d08700000)]
  0x0000020fd8484000 JavaThread "jar transforms Thread 55" [_thread_blocked, id=22164, stack(0x0000003d08700000,0x0000003d08800000)]
  0x0000020fd8483000 JavaThread "jar transforms Thread 56" [_thread_blocked, id=13708, stack(0x0000003d08800000,0x0000003d08900000)]
  0x0000020fd847f000 JavaThread "jar transforms Thread 57" [_thread_blocked, id=13560, stack(0x0000003d08900000,0x0000003d08a00000)]
  0x0000020fd8485800 JavaThread "jar transforms Thread 58" [_thread_blocked, id=3568, stack(0x0000003d08a00000,0x0000003d08b00000)]
  0x0000020fd8486800 JavaThread "jar transforms Thread 59" [_thread_blocked, id=22296, stack(0x0000003d08b00000,0x0000003d08c00000)]
  0x0000020fd8480800 JavaThread "jar transforms Thread 60" [_thread_blocked, id=19568, stack(0x0000003d08c00000,0x0000003d08d00000)]
  0x0000020fd8487000 JavaThread "jar transforms Thread 61" [_thread_blocked, id=15552, stack(0x0000003d08d00000,0x0000003d08e00000)]
  0x0000020fd8481800 JavaThread "jar transforms Thread 62" [_thread_blocked, id=10564, stack(0x0000003d08e00000,0x0000003d08f00000)]
  0x0000020fd8489000 JavaThread "jar transforms Thread 63" [_thread_blocked, id=20644, stack(0x0000003d08f00000,0x0000003d09000000)]
  0x0000020fd848d000 JavaThread "jar transforms Thread 64" [_thread_blocked, id=1096, stack(0x0000003d09000000,0x0000003d09100000)]
  0x0000020fd848c000 JavaThread "jar transforms Thread 65" [_thread_blocked, id=6088, stack(0x0000003d09100000,0x0000003d09200000)]
  0x0000020fd848d800 JavaThread "jar transforms Thread 66" [_thread_blocked, id=23104, stack(0x0000003d09200000,0x0000003d09300000)]
  0x0000020fd8489800 JavaThread "jar transforms Thread 67" [_thread_blocked, id=2440, stack(0x0000003d09300000,0x0000003d09400000)]
  0x0000020fd848a800 JavaThread "jar transforms Thread 68" [_thread_blocked, id=13652, stack(0x0000003d09400000,0x0000003d09500000)]
  0x0000020fd8488000 JavaThread "jar transforms Thread 69" [_thread_blocked, id=18932, stack(0x0000003d09500000,0x0000003d09600000)]
  0x0000020fd848b800 JavaThread "jar transforms Thread 70" [_thread_blocked, id=19352, stack(0x0000003d09600000,0x0000003d09700000)]
  0x0000020fdab99800 JavaThread "jar transforms Thread 71" [_thread_blocked, id=344, stack(0x0000003d09700000,0x0000003d09800000)]
  0x0000020fdab97800 JavaThread "jar transforms Thread 72" [_thread_blocked, id=10672, stack(0x0000003d09800000,0x0000003d09900000)]
  0x0000020fdab96800 JavaThread "jar transforms Thread 73" [_thread_blocked, id=9700, stack(0x0000003d09900000,0x0000003d09a00000)]
  0x0000020fdab9c000 JavaThread "jar transforms Thread 74" [_thread_blocked, id=12316, stack(0x0000003d09a00000,0x0000003d09b00000)]
  0x0000020fdab9b800 JavaThread "jar transforms Thread 75" [_thread_blocked, id=15224, stack(0x0000003d09b00000,0x0000003d09c00000)]
  0x0000020fdab99000 JavaThread "jar transforms Thread 76" [_thread_blocked, id=8128, stack(0x0000003d09c00000,0x0000003d09d00000)]
  0x0000020fdab9d000 JavaThread "jar transforms Thread 77" [_thread_blocked, id=9492, stack(0x0000003d09d00000,0x0000003d09e00000)]
  0x0000020fdab9a800 JavaThread "jar transforms Thread 78" [_thread_blocked, id=16584, stack(0x0000003d09e00000,0x0000003d09f00000)]
  0x0000020fdab9e000 JavaThread "jar transforms Thread 79" [_thread_blocked, id=20456, stack(0x0000003d09f00000,0x0000003d0a000000)]
  0x0000020fdab98000 JavaThread "jar transforms Thread 80" [_thread_blocked, id=5792, stack(0x0000003d0a000000,0x0000003d0a100000)]
  0x0000020fdaba2800 JavaThread "jar transforms Thread 81" [_thread_blocked, id=11792, stack(0x0000003d0a100000,0x0000003d0a200000)]
  0x0000020fdaba3800 JavaThread "jar transforms Thread 82" [_thread_blocked, id=12716, stack(0x0000003d0a200000,0x0000003d0a300000)]
  0x0000020fdaba2000 JavaThread "jar transforms Thread 83" [_thread_blocked, id=7244, stack(0x0000003d0a300000,0x0000003d0a400000)]
  0x0000020fdaba4800 JavaThread "jar transforms Thread 84" [_thread_blocked, id=15156, stack(0x0000003d0a400000,0x0000003d0a500000)]
  0x0000020fdab9e800 JavaThread "jar transforms Thread 85" [_thread_blocked, id=10852, stack(0x0000003d0a500000,0x0000003d0a600000)]
  0x0000020fdaba5000 JavaThread "jar transforms Thread 86" [_thread_blocked, id=12988, stack(0x0000003d0a600000,0x0000003d0a700000)]
  0x0000020fdaba0800 JavaThread "jar transforms Thread 87" [_thread_blocked, id=19008, stack(0x0000003d0a700000,0x0000003d0a800000)]
  0x0000020fdaba1000 JavaThread "jar transforms Thread 88" [_thread_blocked, id=17124, stack(0x0000003d0a800000,0x0000003d0a900000)]
  0x0000020fdab9f800 JavaThread "jar transforms Thread 89" [_thread_blocked, id=24800, stack(0x0000003d0a900000,0x0000003d0aa00000)]
  0x0000020fdc634000 JavaThread "jar transforms Thread 90" [_thread_blocked, id=24112, stack(0x0000003d0aa00000,0x0000003d0ab00000)]
  0x0000020fdc634800 JavaThread "jar transforms Thread 91" [_thread_blocked, id=16344, stack(0x0000003d0ab00000,0x0000003d0ac00000)]
  0x0000020fdc632000 JavaThread "jar transforms Thread 92" [_thread_blocked, id=5024, stack(0x0000003d0ac00000,0x0000003d0ad00000)]
  0x0000020fdc630800 JavaThread "jar transforms Thread 93" [_thread_blocked, id=5460, stack(0x0000003d0ad00000,0x0000003d0ae00000)]
  0x0000020fdc635800 JavaThread "jar transforms Thread 94" [_thread_blocked, id=14044, stack(0x0000003d0ae00000,0x0000003d0af00000)]
  0x0000020fdc636800 JavaThread "jar transforms Thread 95" [_thread_blocked, id=11780, stack(0x0000003d0af00000,0x0000003d0b000000)]
  0x0000020fdc637000 JavaThread "jar transforms Thread 96" [_thread_blocked, id=14248, stack(0x0000003d0b000000,0x0000003d0b100000)]
  0x0000020fdc631800 JavaThread "jar transforms Thread 97" [_thread_blocked, id=5380, stack(0x0000003d0b100000,0x0000003d0b200000)]
  0x0000020fdc638000 JavaThread "jar transforms Thread 98" [_thread_blocked, id=9732, stack(0x0000003d0b200000,0x0000003d0b300000)]
  0x0000020fdc639000 JavaThread "jar transforms Thread 99" [_thread_blocked, id=21276, stack(0x0000003d0b300000,0x0000003d0b400000)]
  0x0000020fdc63b000 JavaThread "Memory manager" [_thread_blocked, id=23588, stack(0x0000003d0b400000,0x0000003d0b500000)]
=>0x0000020fdc63c000 JavaThread "C2 CompilerThread1" daemon [_thread_in_native, id=13320, stack(0x0000003d04d00000,0x0000003d04e00000)]
  0x0000020fdc63f800 JavaThread "build event listener" [_thread_blocked, id=12368, stack(0x0000003d0b500000,0x0000003d0b600000)]
  0x0000020fdc63d000 JavaThread "pool-3-thread-1" [_thread_blocked, id=20460, stack(0x0000003d0b600000,0x0000003d0b700000)]
  0x0000020fdc63d800 JavaThread "build event listener" [_thread_blocked, id=19796, stack(0x0000003d0b700000,0x0000003d0b800000)]
  0x0000020fdc63e800 JavaThread "Execution worker for ':'" [_thread_in_Java, id=23072, stack(0x0000003d0b800000,0x0000003d0b900000)]
  0x0000020fdc63a800 JavaThread "Execution worker for ':' Thread 2" [_thread_blocked, id=23560, stack(0x0000003d0b900000,0x0000003d0ba00000)]
  0x0000020fdc639800 JavaThread "Execution worker for ':' Thread 3" [_thread_blocked, id=17888, stack(0x0000003d0ba00000,0x0000003d0bb00000)]
  0x0000020fddb4a800 JavaThread "Cache worker for execution history cache (C:\Users\Putera Ezzalee\AndroidStudioProjects\KarismaTuitionCentre\.gradle\6.7.1\executionHistory)" [_thread_blocked, id=304, stack(0x0000003d0bb00000,0x0000003d0bc00000)]

Other Threads:
  0x0000020fd7961800 VMThread "VM Thread" [stack: 0x0000003d02800000,0x0000003d02900000] [id=9140]
  0x0000020fd835a800 WatcherThread [stack: 0x0000003d03200000,0x0000003d03300000] [id=16988]
  0x0000020fbd723800 GCTaskThread "GC Thread#0" [stack: 0x0000003d02300000,0x0000003d02400000] [id=3316]
  0x0000020fd8738000 GCTaskThread "GC Thread#1" [stack: 0x0000003d03400000,0x0000003d03500000] [id=19004]
  0x0000020fd8f01800 GCTaskThread "GC Thread#2" [stack: 0x0000003d03500000,0x0000003d03600000] [id=4640]
  0x0000020fd8bbc800 GCTaskThread "GC Thread#3" [stack: 0x0000003d03600000,0x0000003d03700000] [id=7068]
  0x0000020fbd755800 ConcurrentGCThread "G1 Main Marker" [stack: 0x0000003d02400000,0x0000003d02500000] [id=9052]
  0x0000020fbd757000 ConcurrentGCThread "G1 Conc#0" [stack: 0x0000003d02500000,0x0000003d02600000] [id=21148]
  0x0000020fd77ae800 ConcurrentGCThread "G1 Refine#0" [stack: 0x0000003d02600000,0x0000003d02700000] [id=8416]
  0x0000020fd77af800 ConcurrentGCThread "G1 Young RemSet Sampling" [stack: 0x0000003d02700000,0x0000003d02800000] [id=20452]

Threads with active compile tasks:
C2 CompilerThread1  30579 7100       4       java.io.WinNTFileSystem::normalize (143 bytes)

VM state:not at safepoint (normal execution)

VM Mutex/Monitor currently owned by a thread: None

Heap address: 0x0000000080000000, size: 2048 MB, Compressed Oops mode: 32-bit
Narrow klass base: 0x0000000000000000, Narrow klass shift: 3
Compressed class space size: 1073741824 Address: 0x0000000100000000

Heap:
 garbage-first heap   total 196608K, used 82794K [0x0000000080000000, 0x0000000100000000)
  region size 1024K, 40 young (40960K), 13 survivors (13312K)
 Metaspace       used 75364K, capacity 77195K, committed 77440K, reserved 1116160K
  class space    used 9877K, capacity 10581K, committed 10624K, reserved 1048576K
Heap Regions: E=young(eden), S=young(survivor), O=old, HS=humongous(starts), HC=humongous(continues), CS=collection set, F=free, A=archive, TAMS=top-at-mark-start (previous, next)
|   0|0x0000000080000000, 0x0000000080100000, 0x0000000080100000|100%| O|  |TAMS 0x0000000080100000, 0x0000000080000000| Untracked 
|   1|0x0000000080100000, 0x0000000080200000, 0x0000000080200000|100%| O|  |TAMS 0x0000000080200000, 0x0000000080100000| Untracked 
|   2|0x0000000080200000, 0x0000000080300000, 0x0000000080300000|100%| O|  |TAMS 0x0000000080300000, 0x0000000080200000| Untracked 
|   3|0x0000000080300000, 0x0000000080400000, 0x0000000080400000|100%|HS|  |TAMS 0x0000000080400000, 0x0000000080300000| Complete 
|   4|0x0000000080400000, 0x0000000080500000, 0x0000000080500000|100%|HC|  |TAMS 0x0000000080500000, 0x0000000080400000| Complete 
|   5|0x0000000080500000, 0x0000000080600000, 0x0000000080600000|100%|HC|  |TAMS 0x0000000080600000, 0x0000000080500000| Complete 
|   6|0x0000000080600000, 0x0000000080700000, 0x0000000080700000|100%| O|  |TAMS 0x0000000080700000, 0x0000000080600000| Untracked 
|   7|0x0000000080700000, 0x0000000080800000, 0x0000000080800000|100%| O|  |TAMS 0x0000000080800000, 0x0000000080700000| Untracked 
|   8|0x0000000080800000, 0x0000000080900000, 0x0000000080900000|100%| O|  |TAMS 0x0000000080900000, 0x0000000080800000| Untracked 
|   9|0x0000000080900000, 0x0000000080a00000, 0x0000000080a00000|100%| O|  |TAMS 0x0000000080a00000, 0x0000000080900000| Untracked 
|  10|0x0000000080a00000, 0x0000000080b00000, 0x0000000080b00000|100%| O|  |TAMS 0x0000000080b00000, 0x0000000080a00000| Untracked 
|  11|0x0000000080b00000, 0x0000000080c00000, 0x0000000080c00000|100%| O|  |TAMS 0x0000000080c00000, 0x0000000080b00000| Untracked 
|  12|0x0000000080c00000, 0x0000000080d00000, 0x0000000080d00000|100%| O|  |TAMS 0x0000000080d00000, 0x0000000080c00000| Untracked 
|  13|0x0000000080d00000, 0x0000000080e00000, 0x0000000080e00000|100%|HS|  |TAMS 0x0000000080e00000, 0x0000000080d00000| Complete 
|  14|0x0000000080e00000, 0x0000000080f00000, 0x0000000080f00000|100%|HS|  |TAMS 0x0000000080f00000, 0x0000000080e00000| Complete 
|  15|0x0000000080f00000, 0x0000000081000000, 0x0000000081000000|100%|HC|  |TAMS 0x0000000081000000, 0x0000000080f00000| Complete 
|  16|0x0000000081000000, 0x0000000081100000, 0x0000000081100000|100%| O|  |TAMS 0x0000000081100000, 0x0000000081000000| Untracked 
|  17|0x0000000081100000, 0x0000000081200000, 0x0000000081200000|100%| O|  |TAMS 0x0000000081200000, 0x0000000081100000| Untracked 
|  18|0x0000000081200000, 0x0000000081300000, 0x0000000081300000|100%| O|  |TAMS 0x0000000081300000, 0x0000000081200000| Untracked 
|  19|0x0000000081300000, 0x0000000081400000, 0x0000000081400000|100%| O|  |TAMS 0x0000000081400000, 0x0000000081300000| Untracked 
|  20|0x0000000081400000, 0x0000000081500000, 0x0000000081500000|100%| O|  |TAMS 0x0000000081500000, 0x0000000081400000| Untracked 
|  21|0x0000000081500000, 0x0000000081600000, 0x0000000081600000|100%| O|  |TAMS 0x0000000081600000, 0x0000000081500000| Untracked 
|  22|0x0000000081600000, 0x0000000081700000, 0x0000000081700000|100%| O|  |TAMS 0x0000000081700000, 0x0000000081600000| Untracked 
|  23|0x0000000081700000, 0x0000000081800000, 0x0000000081800000|100%| O|  |TAMS 0x0000000081800000, 0x0000000081700000| Untracked 
|  24|0x0000000081800000, 0x0000000081900000, 0x0000000081900000|100%| O|  |TAMS 0x0000000081800000, 0x0000000081800000| Untracked 
|  25|0x0000000081900000, 0x0000000081a00000, 0x0000000081a00000|100%| O|  |TAMS 0x0000000081a00000, 0x0000000081900000| Untracked 
|  26|0x0000000081a00000, 0x0000000081b00000, 0x0000000081b00000|100%| O|  |TAMS 0x0000000081b00000, 0x0000000081a00000| Untracked 
|  27|0x0000000081b00000, 0x0000000081c00000, 0x0000000081c00000|100%| O|  |TAMS 0x0000000081c00000, 0x0000000081b00000| Untracked 
|  28|0x0000000081c00000, 0x0000000081d00000, 0x0000000081d00000|100%| O|  |TAMS 0x0000000081d00000, 0x0000000081c00000| Untracked 
|  29|0x0000000081d00000, 0x0000000081e00000, 0x0000000081e00000|100%| O|  |TAMS 0x0000000081e00000, 0x0000000081d00000| Untracked 
|  30|0x0000000081e00000, 0x0000000081f00000, 0x0000000081f00000|100%| O|  |TAMS 0x0000000081f00000, 0x0000000081e00000| Untracked 
|  31|0x0000000081f00000, 0x0000000082000000, 0x0000000082000000|100%| O|  |TAMS 0x0000000082000000, 0x0000000081f00000| Untracked 
|  32|0x0000000082000000, 0x0000000082100000, 0x0000000082100000|100%| O|  |TAMS 0x0000000082100000, 0x0000000082000000| Untracked 
|  33|0x0000000082100000, 0x0000000082200000, 0x0000000082200000|100%| O|  |TAMS 0x0000000082200000, 0x0000000082100000| Untracked 
|  34|0x0000000082200000, 0x0000000082300000, 0x0000000082300000|100%| O|  |TAMS 0x0000000082300000, 0x0000000082200000| Untracked 
|  35|0x0000000082300000, 0x0000000082400000, 0x0000000082400000|100%| O|  |TAMS 0x0000000082400000, 0x0000000082300000| Untracked 
|  36|0x0000000082400000, 0x0000000082500000, 0x0000000082500000|100%| O|  |TAMS 0x0000000082500000, 0x0000000082400000| Untracked 
|  37|0x0000000082500000, 0x0000000082600000, 0x0000000082600000|100%| O|  |TAMS 0x0000000082600000, 0x0000000082500000| Untracked 
|  38|0x0000000082600000, 0x0000000082700000, 0x0000000082700000|100%| O|  |TAMS 0x0000000082700000, 0x0000000082600000| Untracked 
|  39|0x0000000082700000, 0x0000000082800000, 0x0000000082800000|100%| O|  |TAMS 0x0000000082737000, 0x0000000082700000| Untracked 
|  40|0x0000000082800000, 0x0000000082900000, 0x0000000082900000|100%| O|  |TAMS 0x0000000082800000, 0x0000000082800000| Untracked 
|  41|0x0000000082900000, 0x00000000829f6000, 0x0000000082a00000| 96%| O|  |TAMS 0x0000000082900000, 0x0000000082900000| Untracked 
|  42|0x0000000082a00000, 0x0000000082a00000, 0x0000000082b00000|  0%| F|  |TAMS 0x0000000082a00000, 0x0000000082a00000| Untracked 
|  43|0x0000000082b00000, 0x0000000082b00000, 0x0000000082c00000|  0%| F|  |TAMS 0x0000000082b00000, 0x0000000082b00000| Untracked 
|  44|0x0000000082c00000, 0x0000000082c00000, 0x0000000082d00000|  0%| F|  |TAMS 0x0000000082c00000, 0x0000000082c00000| Untracked 
|  45|0x0000000082d00000, 0x0000000082d00000, 0x0000000082e00000|  0%| F|  |TAMS 0x0000000082d00000, 0x0000000082d00000| Untracked 
|  46|0x0000000082e00000, 0x0000000082e00000, 0x0000000082f00000|  0%| F|  |TAMS 0x0000000082e00000, 0x0000000082e00000| Untracked 
|  47|0x0000000082f00000, 0x0000000082f00000, 0x0000000083000000|  0%| F|  |TAMS 0x0000000082f00000, 0x0000000082f00000| Untracked 
|  48|0x0000000083000000, 0x0000000083000000, 0x0000000083100000|  0%| F|  |TAMS 0x0000000083000000, 0x0000000083000000| Untracked 
|  49|0x0000000083100000, 0x0000000083100000, 0x0000000083200000|  0%| F|  |TAMS 0x0000000083100000, 0x0000000083100000| Untracked 
|  50|0x0000000083200000, 0x0000000083200000, 0x0000000083300000|  0%| F|  |TAMS 0x0000000083200000, 0x0000000083200000| Untracked 
|  51|0x0000000083300000, 0x0000000083300000, 0x0000000083400000|  0%| F|  |TAMS 0x0000000083300000, 0x0000000083300000| Untracked 
|  52|0x0000000083400000, 0x0000000083400000, 0x0000000083500000|  0%| F|  |TAMS 0x0000000083400000, 0x0000000083400000| Untracked 
|  53|0x0000000083500000, 0x0000000083500000, 0x0000000083600000|  0%| F|  |TAMS 0x0000000083500000, 0x0000000083500000| Untracked 
|  54|0x0000000083600000, 0x0000000083600000, 0x0000000083700000|  0%| F|  |TAMS 0x0000000083600000, 0x0000000083600000| Untracked 
|  55|0x0000000083700000, 0x0000000083700000, 0x0000000083800000|  0%| F|  |TAMS 0x0000000083700000, 0x0000000083700000| Untracked 
|  56|0x0000000083800000, 0x0000000083800000, 0x0000000083900000|  0%| F|  |TAMS 0x0000000083800000, 0x0000000083800000| Untracked 
|  57|0x0000000083900000, 0x0000000083900000, 0x0000000083a00000|  0%| F|  |TAMS 0x0000000083900000, 0x0000000083900000| Untracked 
|  58|0x0000000083a00000, 0x0000000083a00000, 0x0000000083b00000|  0%| F|  |TAMS 0x0000000083a00000, 0x0000000083a00000| Untracked 
|  59|0x0000000083b00000, 0x0000000083b00000, 0x0000000083c00000|  0%| F|  |TAMS 0x0000000083b00000, 0x0000000083b00000| Untracked 
|  60|0x0000000083c00000, 0x0000000083c00000, 0x0000000083d00000|  0%| F|  |TAMS 0x0000000083c00000, 0x0000000083c00000| Untracked 
|  61|0x0000000083d00000, 0x0000000083d00000, 0x0000000083e00000|  0%| F|  |TAMS 0x0000000083d00000, 0x0000000083d00000| Untracked 
|  62|0x0000000083e00000, 0x0000000083e00000, 0x0000000083f00000|  0%| F|  |TAMS 0x0000000083e00000, 0x0000000083e00000| Untracked 
|  63|0x0000000083f00000, 0x0000000083f00000, 0x0000000084000000|  0%| F|  |TAMS 0x0000000083f00000, 0x0000000083f00000| Untracked 
|  64|0x0000000084000000, 0x0000000084000000, 0x0000000084100000|  0%| F|  |TAMS 0x0000000084000000, 0x0000000084000000| Untracked 
|  65|0x0000000084100000, 0x0000000084100000, 0x0000000084200000|  0%| F|  |TAMS 0x0000000084100000, 0x0000000084100000| Untracked 
|  66|0x0000000084200000, 0x0000000084200000, 0x0000000084300000|  0%| F|  |TAMS 0x0000000084200000, 0x0000000084200000| Untracked 
|  67|0x0000000084300000, 0x0000000084300000, 0x0000000084400000|  0%| F|  |TAMS 0x0000000084300000, 0x0000000084300000| Untracked 
|  68|0x0000000084400000, 0x0000000084400000, 0x0000000084500000|  0%| F|  |TAMS 0x0000000084400000, 0x0000000084400000| Untracked 
|  69|0x0000000084500000, 0x0000000084500000, 0x0000000084600000|  0%| F|  |TAMS 0x0000000084500000, 0x0000000084500000| Untracked 
|  70|0x0000000084600000, 0x0000000084600000, 0x0000000084700000|  0%| F|  |TAMS 0x0000000084600000, 0x0000000084600000| Untracked 
|  71|0x0000000084700000, 0x0000000084700000, 0x0000000084800000|  0%| F|  |TAMS 0x0000000084700000, 0x0000000084700000| Untracked 
|  72|0x0000000084800000, 0x0000000084800000, 0x0000000084900000|  0%| F|  |TAMS 0x0000000084800000, 0x0000000084800000| Untracked 
|  73|0x0000000084900000, 0x0000000084900000, 0x0000000084a00000|  0%| F|  |TAMS 0x0000000084900000, 0x0000000084900000| Untracked 
|  74|0x0000000084a00000, 0x0000000084a00000, 0x0000000084b00000|  0%| F|  |TAMS 0x0000000084a00000, 0x0000000084a00000| Untracked 
|  75|0x0000000084b00000, 0x0000000084b00000, 0x0000000084c00000|  0%| F|  |TAMS 0x0000000084b00000, 0x0000000084b00000| Untracked 
|  76|0x0000000084c00000, 0x0000000084c00000, 0x0000000084d00000|  0%| F|  |TAMS 0x0000000084c00000, 0x0000000084c00000| Untracked 
|  77|0x0000000084d00000, 0x0000000084d00000, 0x0000000084e00000|  0%| F|  |TAMS 0x0000000084d00000, 0x0000000084d00000| Untracked 
|  78|0x0000000084e00000, 0x0000000084e00000, 0x0000000084f00000|  0%| F|  |TAMS 0x0000000084e00000, 0x0000000084e00000| Untracked 
|  79|0x0000000084f00000, 0x0000000084f00000, 0x0000000085000000|  0%| F|  |TAMS 0x0000000084f00000, 0x0000000084f00000| Untracked 
|  80|0x0000000085000000, 0x0000000085000000, 0x0000000085100000|  0%| F|  |TAMS 0x0000000085000000, 0x0000000085000000| Untracked 
|  81|0x0000000085100000, 0x00000000851e4b30, 0x0000000085200000| 89%| S|CS|TAMS 0x0000000085100000, 0x0000000085100000| Complete 
|  82|0x0000000085200000, 0x0000000085300000, 0x0000000085300000|100%| S|CS|TAMS 0x0000000085200000, 0x0000000085200000| Complete 
|  83|0x0000000085300000, 0x0000000085400000, 0x0000000085400000|100%| S|CS|TAMS 0x0000000085300000, 0x0000000085300000| Complete 
|  84|0x0000000085400000, 0x0000000085500000, 0x0000000085500000|100%| S|CS|TAMS 0x0000000085400000, 0x0000000085400000| Complete 
|  85|0x0000000085500000, 0x0000000085600000, 0x0000000085600000|100%| S|CS|TAMS 0x0000000085500000, 0x0000000085500000| Complete 
|  86|0x0000000085600000, 0x0000000085700000, 0x0000000085700000|100%| S|CS|TAMS 0x0000000085600000, 0x0000000085600000| Complete 
|  87|0x0000000085700000, 0x0000000085800000, 0x0000000085800000|100%| S|CS|TAMS 0x0000000085700000, 0x0000000085700000| Complete 
|  88|0x0000000085800000, 0x0000000085900000, 0x0000000085900000|100%| S|CS|TAMS 0x0000000085800000, 0x0000000085800000| Complete 
|  89|0x0000000085900000, 0x0000000085900000, 0x0000000085a00000|  0%| F|  |TAMS 0x0000000085900000, 0x0000000085900000| Untracked 
|  90|0x0000000085a00000, 0x0000000085a00000, 0x0000000085b00000|  0%| F|  |TAMS 0x0000000085a00000, 0x0000000085a00000| Untracked 
|  91|0x0000000085b00000, 0x0000000085b00000, 0x0000000085c00000|  0%| F|  |TAMS 0x0000000085b00000, 0x0000000085b00000| Untracked 
|  92|0x0000000085c00000, 0x0000000085c00000, 0x0000000085d00000|  0%| F|  |TAMS 0x0000000085c00000, 0x0000000085c00000| Untracked 
|  93|0x0000000085d00000, 0x0000000085d00000, 0x0000000085e00000|  0%| F|  |TAMS 0x0000000085d00000, 0x0000000085d00000| Untracked 
|  94|0x0000000085e00000, 0x0000000085e00000, 0x0000000085f00000|  0%| F|  |TAMS 0x0000000085e00000, 0x0000000085e00000| Untracked 
|  95|0x0000000085f00000, 0x0000000085f00000, 0x0000000086000000|  0%| F|  |TAMS 0x0000000085f00000, 0x0000000085f00000| Untracked 
|  96|0x0000000086000000, 0x0000000086000000, 0x0000000086100000|  0%| F|  |TAMS 0x0000000086000000, 0x0000000086000000| Untracked 
|  97|0x0000000086100000, 0x0000000086100000, 0x0000000086200000|  0%| F|  |TAMS 0x0000000086100000, 0x0000000086100000| Untracked 
|  98|0x0000000086200000, 0x0000000086200000, 0x0000000086300000|  0%| F|  |TAMS 0x0000000086200000, 0x0000000086200000| Untracked 
|  99|0x0000000086300000, 0x0000000086300000, 0x0000000086400000|  0%| F|  |TAMS 0x0000000086300000, 0x0000000086300000| Untracked 
| 100|0x0000000086400000, 0x0000000086500000, 0x0000000086500000|100%| S|CS|TAMS 0x0000000086400000, 0x0000000086400000| Complete 
| 101|0x0000000086500000, 0x0000000086600000, 0x0000000086600000|100%| S|CS|TAMS 0x0000000086500000, 0x0000000086500000| Complete 
| 102|0x0000000086600000, 0x0000000086700000, 0x0000000086700000|100%| S|CS|TAMS 0x0000000086600000, 0x0000000086600000| Complete 
| 103|0x0000000086700000, 0x0000000086800000, 0x0000000086800000|100%| S|CS|TAMS 0x0000000086700000, 0x0000000086700000| Complete 
| 104|0x0000000086800000, 0x0000000086900000, 0x0000000086900000|100%| S|CS|TAMS 0x0000000086800000, 0x0000000086800000| Complete 
| 105|0x0000000086900000, 0x0000000086900000, 0x0000000086a00000|  0%| F|  |TAMS 0x0000000086900000, 0x0000000086900000| Untracked 
| 106|0x0000000086a00000, 0x0000000086a00000, 0x0000000086b00000|  0%| F|  |TAMS 0x0000000086a00000, 0x0000000086a00000| Untracked 
| 107|0x0000000086b00000, 0x0000000086b00000, 0x0000000086c00000|  0%| F|  |TAMS 0x0000000086b00000, 0x0000000086b00000| Untracked 
| 108|0x0000000086c00000, 0x0000000086c00000, 0x0000000086d00000|  0%| F|  |TAMS 0x0000000086c00000, 0x0000000086c00000| Untracked 
| 109|0x0000000086d00000, 0x0000000086d00000, 0x0000000086e00000|  0%| F|  |TAMS 0x0000000086d00000, 0x0000000086d00000| Untracked 
| 110|0x0000000086e00000, 0x0000000086e00000, 0x0000000086f00000|  0%| F|  |TAMS 0x0000000086e00000, 0x0000000086e00000| Untracked 
| 111|0x0000000086f00000, 0x0000000086f00000, 0x0000000087000000|  0%| F|  |TAMS 0x0000000086f00000, 0x0000000086f00000| Untracked 
| 112|0x0000000087000000, 0x0000000087000000, 0x0000000087100000|  0%| F|  |TAMS 0x0000000087000000, 0x0000000087000000| Untracked 
| 113|0x0000000087100000, 0x0000000087100000, 0x0000000087200000|  0%| F|  |TAMS 0x0000000087100000, 0x0000000087100000| Untracked 
| 114|0x0000000087200000, 0x0000000087200000, 0x0000000087300000|  0%| F|  |TAMS 0x0000000087200000, 0x0000000087200000| Untracked 
| 115|0x0000000087300000, 0x0000000087300000, 0x0000000087400000|  0%| F|  |TAMS 0x0000000087300000, 0x0000000087300000| Untracked 
| 116|0x0000000087400000, 0x0000000087400000, 0x0000000087500000|  0%| F|  |TAMS 0x0000000087400000, 0x0000000087400000| Untracked 
| 117|0x0000000087500000, 0x0000000087500000, 0x0000000087600000|  0%| F|  |TAMS 0x0000000087500000, 0x0000000087500000| Untracked 
| 118|0x0000000087600000, 0x0000000087600000, 0x0000000087700000|  0%| F|  |TAMS 0x0000000087600000, 0x0000000087600000| Untracked 
| 119|0x0000000087700000, 0x0000000087700000, 0x0000000087800000|  0%| F|  |TAMS 0x0000000087700000, 0x0000000087700000| Untracked 
| 120|0x0000000087800000, 0x0000000087800000, 0x0000000087900000|  0%| F|  |TAMS 0x0000000087800000, 0x0000000087800000| Untracked 
| 121|0x0000000087900000, 0x0000000087900000, 0x0000000087a00000|  0%| F|  |TAMS 0x0000000087900000, 0x0000000087900000| Untracked 
| 122|0x0000000087a00000, 0x0000000087a00000, 0x0000000087b00000|  0%| F|  |TAMS 0x0000000087a00000, 0x0000000087a00000| Untracked 
| 123|0x0000000087b00000, 0x0000000087b00000, 0x0000000087c00000|  0%| F|  |TAMS 0x0000000087b00000, 0x0000000087b00000| Untracked 
| 124|0x0000000087c00000, 0x0000000087c00000, 0x0000000087d00000|  0%| F|  |TAMS 0x0000000087c00000, 0x0000000087c00000| Untracked 
| 125|0x0000000087d00000, 0x0000000087d00000, 0x0000000087e00000|  0%| F|  |TAMS 0x0000000087d00000, 0x0000000087d00000| Untracked 
| 126|0x0000000087e00000, 0x0000000087e00000, 0x0000000087f00000|  0%| F|  |TAMS 0x0000000087e00000, 0x0000000087e00000| Untracked 
| 127|0x0000000087f00000, 0x0000000087f00000, 0x0000000088000000|  0%| F|  |TAMS 0x0000000087f00000, 0x0000000087f00000| Untracked 
| 128|0x0000000088000000, 0x0000000088000000, 0x0000000088100000|  0%| F|  |TAMS 0x0000000088000000, 0x0000000088000000| Untracked 
| 129|0x0000000088100000, 0x0000000088100000, 0x0000000088200000|  0%| F|  |TAMS 0x0000000088100000, 0x0000000088100000| Untracked 
| 130|0x0000000088200000, 0x0000000088200000, 0x0000000088300000|  0%| F|  |TAMS 0x0000000088200000, 0x0000000088200000| Untracked 
| 131|0x0000000088300000, 0x0000000088300000, 0x0000000088400000|  0%| F|  |TAMS 0x0000000088300000, 0x0000000088300000| Untracked 
| 132|0x0000000088400000, 0x0000000088400000, 0x0000000088500000|  0%| F|  |TAMS 0x0000000088400000, 0x0000000088400000| Untracked 
| 133|0x0000000088500000, 0x0000000088500000, 0x0000000088600000|  0%| F|  |TAMS 0x0000000088500000, 0x0000000088500000| Untracked 
| 134|0x0000000088600000, 0x0000000088600000, 0x0000000088700000|  0%| F|  |TAMS 0x0000000088600000, 0x0000000088600000| Untracked 
| 135|0x0000000088700000, 0x0000000088700000, 0x0000000088800000|  0%| F|  |TAMS 0x0000000088700000, 0x0000000088700000| Untracked 
| 136|0x0000000088800000, 0x0000000088800000, 0x0000000088900000|  0%| F|  |TAMS 0x0000000088800000, 0x0000000088800000| Untracked 
| 137|0x0000000088900000, 0x0000000088900000, 0x0000000088a00000|  0%| F|  |TAMS 0x0000000088900000, 0x0000000088900000| Untracked 
| 138|0x0000000088a00000, 0x0000000088a00000, 0x0000000088b00000|  0%| F|  |TAMS 0x0000000088a00000, 0x0000000088a00000| Untracked 
| 139|0x0000000088b00000, 0x0000000088b00000, 0x0000000088c00000|  0%| F|  |TAMS 0x0000000088b00000, 0x0000000088b00000| Untracked 
| 140|0x0000000088c00000, 0x0000000088c00000, 0x0000000088d00000|  0%| F|  |TAMS 0x0000000088c00000, 0x0000000088c00000| Untracked 
| 141|0x0000000088d00000, 0x0000000088d00000, 0x0000000088e00000|  0%| F|  |TAMS 0x0000000088d00000, 0x0000000088d00000| Untracked 
| 142|0x0000000088e00000, 0x0000000088e00000, 0x0000000088f00000|  0%| F|  |TAMS 0x0000000088e00000, 0x0000000088e00000| Untracked 
| 143|0x0000000088f00000, 0x0000000088f00000, 0x0000000089000000|  0%| F|  |TAMS 0x0000000088f00000, 0x0000000088f00000| Untracked 
| 144|0x0000000089000000, 0x0000000089000000, 0x0000000089100000|  0%| F|  |TAMS 0x0000000089000000, 0x0000000089000000| Untracked 
| 145|0x0000000089100000, 0x0000000089100000, 0x0000000089200000|  0%| F|  |TAMS 0x0000000089100000, 0x0000000089100000| Untracked 
| 146|0x0000000089200000, 0x0000000089200000, 0x0000000089300000|  0%| F|  |TAMS 0x0000000089200000, 0x0000000089200000| Untracked 
| 147|0x0000000089300000, 0x0000000089300000, 0x0000000089400000|  0%| F|  |TAMS 0x0000000089300000, 0x0000000089300000| Untracked 
| 148|0x0000000089400000, 0x0000000089400000, 0x0000000089500000|  0%| F|  |TAMS 0x0000000089400000, 0x0000000089400000| Untracked 
| 149|0x0000000089500000, 0x0000000089500000, 0x0000000089600000|  0%| F|  |TAMS 0x0000000089500000, 0x0000000089500000| Untracked 
| 150|0x0000000089600000, 0x0000000089600000, 0x0000000089700000|  0%| F|  |TAMS 0x0000000089600000, 0x0000000089600000| Untracked 
| 151|0x0000000089700000, 0x0000000089700000, 0x0000000089800000|  0%| F|  |TAMS 0x0000000089700000, 0x0000000089700000| Untracked 
| 152|0x0000000089800000, 0x0000000089800000, 0x0000000089900000|  0%| F|  |TAMS 0x0000000089800000, 0x0000000089800000| Untracked 
| 153|0x0000000089900000, 0x0000000089900000, 0x0000000089a00000|  0%| F|  |TAMS 0x0000000089900000, 0x0000000089900000| Untracked 
| 154|0x0000000089a00000, 0x0000000089a00000, 0x0000000089b00000|  0%| F|  |TAMS 0x0000000089a00000, 0x0000000089a00000| Untracked 
| 155|0x0000000089b00000, 0x0000000089b00000, 0x0000000089c00000|  0%| F|  |TAMS 0x0000000089b00000, 0x0000000089b00000| Untracked 
| 156|0x0000000089c00000, 0x0000000089c00000, 0x0000000089d00000|  0%| F|  |TAMS 0x0000000089c00000, 0x0000000089c00000| Untracked 
| 157|0x0000000089d00000, 0x0000000089d00000, 0x0000000089e00000|  0%| F|  |TAMS 0x0000000089d00000, 0x0000000089d00000| Untracked 
| 158|0x0000000089e00000, 0x0000000089e00000, 0x0000000089f00000|  0%| F|  |TAMS 0x0000000089e00000, 0x0000000089e00000| Untracked 
| 159|0x0000000089f00000, 0x0000000089f00000, 0x000000008a000000|  0%| F|  |TAMS 0x0000000089f00000, 0x0000000089f00000| Untracked 
| 160|0x000000008a000000, 0x000000008a000000, 0x000000008a100000|  0%| F|  |TAMS 0x000000008a000000, 0x000000008a000000| Untracked 
| 161|0x000000008a100000, 0x000000008a100000, 0x000000008a200000|  0%| F|  |TAMS 0x000000008a100000, 0x000000008a100000| Untracked 
| 162|0x000000008a200000, 0x000000008a200000, 0x000000008a300000|  0%| F|  |TAMS 0x000000008a200000, 0x000000008a200000| Untracked 
| 163|0x000000008a300000, 0x000000008a300000, 0x000000008a400000|  0%| F|  |TAMS 0x000000008a300000, 0x000000008a300000| Untracked 
| 164|0x000000008a400000, 0x000000008a400000, 0x000000008a500000|  0%| F|  |TAMS 0x000000008a400000, 0x000000008a400000| Untracked 
| 165|0x000000008a500000, 0x000000008a600000, 0x000000008a600000|100%| E|  |TAMS 0x000000008a500000, 0x000000008a500000| Complete 
| 166|0x000000008a600000, 0x000000008a700000, 0x000000008a700000|100%| E|CS|TAMS 0x000000008a600000, 0x000000008a600000| Complete 
| 167|0x000000008a700000, 0x000000008a800000, 0x000000008a800000|100%| E|CS|TAMS 0x000000008a700000, 0x000000008a700000| Complete 
| 168|0x000000008a800000, 0x000000008a900000, 0x000000008a900000|100%| E|CS|TAMS 0x000000008a800000, 0x000000008a800000| Complete 
| 169|0x000000008a900000, 0x000000008aa00000, 0x000000008aa00000|100%| E|CS|TAMS 0x000000008a900000, 0x000000008a900000| Complete 
| 170|0x000000008aa00000, 0x000000008ab00000, 0x000000008ab00000|100%| E|CS|TAMS 0x000000008aa00000, 0x000000008aa00000| Complete 
| 171|0x000000008ab00000, 0x000000008ac00000, 0x000000008ac00000|100%| E|CS|TAMS 0x000000008ab00000, 0x000000008ab00000| Complete 
| 172|0x000000008ac00000, 0x000000008ad00000, 0x000000008ad00000|100%| E|CS|TAMS 0x000000008ac00000, 0x000000008ac00000| Complete 
| 173|0x000000008ad00000, 0x000000008ae00000, 0x000000008ae00000|100%| E|CS|TAMS 0x000000008ad00000, 0x000000008ad00000| Complete 
| 174|0x000000008ae00000, 0x000000008af00000, 0x000000008af00000|100%| E|CS|TAMS 0x000000008ae00000, 0x000000008ae00000| Complete 
| 175|0x000000008af00000, 0x000000008b000000, 0x000000008b000000|100%| E|CS|TAMS 0x000000008af00000, 0x000000008af00000| Complete 
| 176|0x000000008b000000, 0x000000008b100000, 0x000000008b100000|100%| E|CS|TAMS 0x000000008b000000, 0x000000008b000000| Complete 
| 177|0x000000008b100000, 0x000000008b200000, 0x000000008b200000|100%| E|CS|TAMS 0x000000008b100000, 0x000000008b100000| Complete 
| 178|0x000000008b200000, 0x000000008b300000, 0x000000008b300000|100%| E|CS|TAMS 0x000000008b200000, 0x000000008b200000| Complete 
| 179|0x000000008b300000, 0x000000008b400000, 0x000000008b400000|100%| E|CS|TAMS 0x000000008b300000, 0x000000008b300000| Complete 
| 180|0x000000008b400000, 0x000000008b500000, 0x000000008b500000|100%| E|CS|TAMS 0x000000008b400000, 0x000000008b400000| Complete 
| 181|0x000000008b500000, 0x000000008b600000, 0x000000008b600000|100%| E|CS|TAMS 0x000000008b500000, 0x000000008b500000| Complete 
| 182|0x000000008b600000, 0x000000008b700000, 0x000000008b700000|100%| E|CS|TAMS 0x000000008b600000, 0x000000008b600000| Complete 
| 183|0x000000008b700000, 0x000000008b800000, 0x000000008b800000|100%| E|CS|TAMS 0x000000008b700000, 0x000000008b700000| Complete 
| 184|0x000000008b800000, 0x000000008b900000, 0x000000008b900000|100%| E|CS|TAMS 0x000000008b800000, 0x000000008b800000| Complete 
| 185|0x000000008b900000, 0x000000008ba00000, 0x000000008ba00000|100%| E|CS|TAMS 0x000000008b900000, 0x000000008b900000| Complete 
| 186|0x000000008ba00000, 0x000000008bb00000, 0x000000008bb00000|100%| E|CS|TAMS 0x000000008ba00000, 0x000000008ba00000| Complete 
| 187|0x000000008bb00000, 0x000000008bc00000, 0x000000008bc00000|100%| E|CS|TAMS 0x000000008bb00000, 0x000000008bb00000| Complete 
| 188|0x000000008bc00000, 0x000000008bd00000, 0x000000008bd00000|100%| E|CS|TAMS 0x000000008bc00000, 0x000000008bc00000| Complete 
| 189|0x000000008bd00000, 0x000000008be00000, 0x000000008be00000|100%| E|CS|TAMS 0x000000008bd00000, 0x000000008bd00000| Complete 
| 190|0x000000008be00000, 0x000000008bf00000, 0x000000008bf00000|100%| E|CS|TAMS 0x000000008be00000, 0x000000008be00000| Complete 
| 191|0x000000008bf00000, 0x000000008c000000, 0x000000008c000000|100%| E|CS|TAMS 0x000000008bf00000, 0x000000008bf00000| Complete 

Card table byte_map: [0x0000020fd0ae0000,0x0000020fd0ee0000] _byte_map_base: 0x0000020fd06e0000

Marking Bits (Prev, Next): (CMBitMap*) 0x0000020fbd74ccc0, (CMBitMap*) 0x0000020fbd74cc88
 Prev Bits: [0x0000020fd32e0000, 0x0000020fd52e0000)
 Next Bits: [0x0000020fd12e0000, 0x0000020fd32e0000)

Polling page: 0x0000020fbbf30000

Metaspace:

Usage:
  Non-class:     65.05 MB capacity,    63.95 MB ( 98%) used,   949.32 KB (  1%) free+waste,   177.69 KB ( <1%) overhead. 
      Class:     10.33 MB capacity,     9.65 MB ( 93%) used,   620.17 KB (  6%) free+waste,    83.19 KB ( <1%) overhead. 
       Both:     75.39 MB capacity,    73.60 MB ( 98%) used,     1.53 MB (  2%) free+waste,   260.88 KB ( <1%) overhead. 

Virtual space:
  Non-class space:       66.00 MB reserved,      65.25 MB ( 99%) committed 
      Class space:        1.00 GB reserved,      10.38 MB (  1%) committed 
             Both:        1.06 GB reserved,      75.63 MB (  7%) committed 

Chunk freelists:
   Non-Class:  10.00 KB
       Class:  11.00 KB
        Both:  21.00 KB

MaxMetaspaceSize: 17179869184.00 GB
CompressedClassSpaceSize: 1.00 GB

CodeHeap 'non-profiled nmethods': size=120064Kb used=4595Kb max_used=4595Kb free=115468Kb
 bounds [0x0000020fc8b60000, 0x0000020fc8fe0000, 0x0000020fd00a0000]
CodeHeap 'profiled nmethods': size=120000Kb used=15054Kb max_used=15054Kb free=104945Kb
 bounds [0x0000020fc1630000, 0x0000020fc24f0000, 0x0000020fc8b60000]
CodeHeap 'non-nmethods': size=5696Kb used=2247Kb max_used=2312Kb free=3448Kb
 bounds [0x0000020fc10a0000, 0x0000020fc1310000, 0x0000020fc1630000]
 total_blobs=7797 nmethods=6962 adapters=745
 compilation: enabled
              stopped_count=0, restarted_count=0
 full_count=0

Compilation events (20 events):
Event: 30.375 Thread 0x0000020fd7978000 nmethod 7120 0x0000020fc8fce510 code [0x0000020fc8fce6c0, 0x0000020fc8fce778]
Event: 30.375 Thread 0x0000020fd7978000 7121       1       org.gradle.internal.component.external.model.AbstractMutableModuleComponentResolveMetadata::getVariantDerivationStrategy (5 bytes)
Event: 30.375 Thread 0x0000020fd7978000 nmethod 7121 0x0000020fc8fce810 code [0x0000020fc8fce9c0, 0x0000020fc8fcea78]
Event: 30.375 Thread 0x0000020fd7978000 7122       1       org.gradle.internal.component.external.model.maven.DefaultMutableMavenModuleResolveMetadata::getConfigurationDefinitions (5 bytes)
Event: 30.375 Thread 0x0000020fd7978000 nmethod 7122 0x0000020fc8fceb10 code [0x0000020fc8fcecc0, 0x0000020fc8fced78]
Event: 30.375 Thread 0x0000020fd7978000 7123       1       org.gradle.internal.component.external.model.maven.DefaultMutableMavenModuleResolveMetadata::getObjectInstantiator (5 bytes)
Event: 30.376 Thread 0x0000020fd7978000 nmethod 7123 0x0000020fc8fcee10 code [0x0000020fc8fcefc0, 0x0000020fc8fcf078]
Event: 30.376 Thread 0x0000020fd7978000 7124       1       org.gradle.internal.component.external.model.maven.DefaultMutableMavenModuleResolveMetadata::getPackaging (5 bytes)
Event: 30.376 Thread 0x0000020fd7978000 nmethod 7124 0x0000020fc8fcf110 code [0x0000020fc8fcf2c0, 0x0000020fc8fcf378]
Event: 30.376 Thread 0x0000020fd7978000 7125       1       org.gradle.internal.component.external.model.maven.DefaultMutableMavenModuleResolveMetadata::isRelocated (5 bytes)
Event: 30.376 Thread 0x0000020fd7978000 nmethod 7125 0x0000020fc8fcf410 code [0x0000020fc8fcf5c0, 0x0000020fc8fcf678]
Event: 30.376 Thread 0x0000020fd7978000 7126       1       org.gradle.internal.component.external.model.maven.DefaultMutableMavenModuleResolveMetadata::getSnapshotTimestamp (5 bytes)
Event: 30.376 Thread 0x0000020fd7978000 nmethod 7126 0x0000020fc8fcf710 code [0x0000020fc8fcf8c0, 0x0000020fc8fcf978]
Event: 30.376 Thread 0x0000020fd7978000 7127       1       org.gradle.internal.component.external.model.maven.DefaultMutableMavenModuleResolveMetadata::getDependencies (5 bytes)
Event: 30.376 Thread 0x0000020fd7978000 nmethod 7127 0x0000020fc8fcfa10 code [0x0000020fc8fcfbc0, 0x0000020fc8fcfc78]
Event: 30.376 Thread 0x0000020fd7978000 7128       1       org.gradle.internal.component.external.model.AbstractModuleComponentResolveMetadata::getStatusScheme (5 bytes)
Event: 30.376 Thread 0x0000020fd7978000 nmethod 7128 0x0000020fc8fcfd10 code [0x0000020fc8fcfec0, 0x0000020fc8fcff78]
Event: 30.430 Thread 0x0000020fd7973000 nmethod 7101 0x0000020fc8fd0010 code [0x0000020fc8fd0260, 0x0000020fc8fd1ca8]
Event: 30.430 Thread 0x0000020fd7973000 7102       4       com.esotericsoftware.kryo.io.Input::require (220 bytes)
Event: 30.436 Thread 0x0000020fd7973000 nmethod 7102 0x0000020fc8fd2b10 code [0x0000020fc8fd2cc0, 0x0000020fc8fd2fd8]

GC Heap History (20 events):
Event: 3.133 GC heap before
{Heap before GC invocations=2 (full 0):
 garbage-first heap   total 196608K, used 39632K [0x0000000080000000, 0x0000000100000000)
  region size 1024K, 32 young (32768K), 1 survivors (1024K)
 Metaspace       used 10714K, capacity 10949K, committed 11264K, reserved 1058816K
  class space    used 1104K, capacity 1164K, committed 1280K, reserved 1048576K
}
Event: 3.136 GC heap after
{Heap after GC invocations=3 (full 0):
 garbage-first heap   total 196608K, used 13039K [0x0000000080000000, 0x0000000100000000)
  region size 1024K, 4 young (4096K), 4 survivors (4096K)
 Metaspace       used 10714K, capacity 10949K, committed 11264K, reserved 1058816K
  class space    used 1104K, capacity 1164K, committed 1280K, reserved 1048576K
}
Event: 6.535 GC heap before
{Heap before GC invocations=3 (full 0):
 garbage-first heap   total 196608K, used 58095K [0x0000000080000000, 0x0000000100000000)
  region size 1024K, 48 young (49152K), 4 survivors (4096K)
 Metaspace       used 19143K, capacity 19582K, committed 19712K, reserved 1067008K
  class space    used 2322K, capacity 2457K, committed 2560K, reserved 1048576K
}
Event: 6.543 GC heap after
{Heap after GC invocations=4 (full 0):
 garbage-first heap   total 196608K, used 16297K [0x0000000080000000, 0x0000000100000000)
  region size 1024K, 3 young (3072K), 3 survivors (3072K)
 Metaspace       used 19143K, capacity 19582K, committed 19712K, reserved 1067008K
  class space    used 2322K, capacity 2457K, committed 2560K, reserved 1048576K
}
Event: 6.875 GC heap before
{Heap before GC invocations=4 (full 0):
 garbage-first heap   total 196608K, used 25513K [0x0000000080000000, 0x0000000100000000)
  region size 1024K, 13 young (13312K), 3 survivors (3072K)
 Metaspace       used 20619K, capacity 21093K, committed 21248K, reserved 1067008K
  class space    used 2520K, capacity 2710K, committed 2816K, reserved 1048576K
}
Event: 6.882 GC heap after
{Heap after GC invocations=5 (full 0):
 garbage-first heap   total 196608K, used 16802K [0x0000000080000000, 0x0000000100000000)
  region size 1024K, 4 young (4096K), 4 survivors (4096K)
 Metaspace       used 20619K, capacity 21093K, committed 21248K, reserved 1067008K
  class space    used 2520K, capacity 2710K, committed 2816K, reserved 1048576K
}
Event: 8.939 GC heap before
{Heap before GC invocations=6 (full 0):
 garbage-first heap   total 196608K, used 71074K [0x0000000080000000, 0x0000000100000000)
  region size 1024K, 58 young (59392K), 4 survivors (4096K)
 Metaspace       used 26697K, capacity 27293K, committed 27648K, reserved 1073152K
  class space    used 3502K, capacity 3718K, committed 3840K, reserved 1048576K
}
Event: 8.946 GC heap after
{Heap after GC invocations=7 (full 0):
 garbage-first heap   total 196608K, used 18648K [0x0000000080000000, 0x0000000100000000)
  region size 1024K, 6 young (6144K), 6 survivors (6144K)
 Metaspace       used 26697K, capacity 27293K, committed 27648K, reserved 1073152K
  class space    used 3502K, capacity 3718K, committed 3840K, reserved 1048576K
}
Event: 11.029 GC heap before
{Heap before GC invocations=7 (full 0):
 garbage-first heap   total 196608K, used 61656K [0x0000000080000000, 0x0000000100000000)
  region size 1024K, 50 young (51200K), 6 survivors (6144K)
 Metaspace       used 35139K, capacity 35821K, committed 35840K, reserved 1081344K
  class space    used 4568K, capacity 4856K, committed 4864K, reserved 1048576K
}
Event: 11.052 GC heap after
{Heap after GC invocations=8 (full 0):
 garbage-first heap   total 196608K, used 22113K [0x0000000080000000, 0x0000000100000000)
  region size 1024K, 9 young (9216K), 9 survivors (9216K)
 Metaspace       used 35139K, capacity 35821K, committed 35840K, reserved 1081344K
  class space    used 4568K, capacity 4856K, committed 4864K, reserved 1048576K
}
Event: 14.992 GC heap before
{Heap before GC invocations=9 (full 0):
 garbage-first heap   total 196608K, used 127585K [0x0000000080000000, 0x0000000100000000)
  region size 1024K, 109 young (111616K), 9 survivors (9216K)
 Metaspace       used 44081K, capacity 45052K, committed 45312K, reserved 1089536K
  class space    used 5647K, capacity 6033K, committed 6144K, reserved 1048576K
}
Event: 15.014 GC heap after
{Heap after GC invocations=10 (full 0):
 garbage-first heap   total 196608K, used 27243K [0x0000000080000000, 0x0000000100000000)
  region size 1024K, 11 young (11264K), 11 survivors (11264K)
 Metaspace       used 44081K, capacity 45052K, committed 45312K, reserved 1089536K
  class space    used 5647K, capacity 6033K, committed 6144K, reserved 1048576K
}
Event: 20.285 GC heap before
{Heap before GC invocations=10 (full 0):
 garbage-first heap   total 196608K, used 135787K [0x0000000080000000, 0x0000000100000000)
  region size 1024K, 115 young (117760K), 11 survivors (11264K)
 Metaspace       used 53582K, capacity 54912K, committed 55040K, reserved 1097728K
  class space    used 6812K, capacity 7314K, committed 7424K, reserved 1048576K
}
Event: 20.311 GC heap after
{Heap after GC invocations=11 (full 0):
 garbage-first heap   total 196608K, used 39712K [0x0000000080000000, 0x0000000100000000)
  region size 1024K, 15 young (15360K), 15 survivors (15360K)
 Metaspace       used 53582K, capacity 54912K, committed 55040K, reserved 1097728K
  class space    used 6812K, capacity 7314K, committed 7424K, reserved 1048576K
}
Event: 22.388 GC heap before
{Heap before GC invocations=11 (full 0):
 garbage-first heap   total 196608K, used 82720K [0x0000000080000000, 0x0000000100000000)
  region size 1024K, 58 young (59392K), 15 survivors (15360K)
 Metaspace       used 58659K, capacity 60038K, committed 60160K, reserved 1101824K
  class space    used 7425K, capacity 7966K, committed 8064K, reserved 1048576K
}
Event: 22.418 GC heap after
{Heap after GC invocations=12 (full 0):
 garbage-first heap   total 196608K, used 45276K [0x0000000080000000, 0x0000000100000000)
  region size 1024K, 6 young (6144K), 6 survivors (6144K)
 Metaspace       used 58659K, capacity 60038K, committed 60160K, reserved 1101824K
  class space    used 7425K, capacity 7966K, committed 8064K, reserved 1048576K
}
Event: 25.078 GC heap before
{Heap before GC invocations=13 (full 0):
 garbage-first heap   total 196608K, used 133340K [0x0000000080000000, 0x0000000100000000)
  region size 1024K, 92 young (94208K), 6 survivors (6144K)
 Metaspace       used 64766K, capacity 66323K, committed 66432K, reserved 1105920K
  class space    used 8408K, capacity 9006K, committed 9088K, reserved 1048576K
}
Event: 25.094 GC heap after
{Heap after GC invocations=14 (full 0):
 garbage-first heap   total 196608K, used 49987K [0x0000000080000000, 0x0000000100000000)
  region size 1024K, 11 young (11264K), 11 survivors (11264K)
 Metaspace       used 64766K, capacity 66323K, committed 66432K, reserved 1105920K
  class space    used 8408K, capacity 9006K, committed 9088K, reserved 1048576K
}
Event: 29.002 GC heap before
{Heap before GC invocations=14 (full 0):
 garbage-first heap   total 196608K, used 139075K [0x0000000080000000, 0x0000000100000000)
  region size 1024K, 98 young (100352K), 11 survivors (11264K)
 Metaspace       used 72134K, capacity 73848K, committed 73856K, reserved 1114112K
  class space    used 9477K, capacity 10107K, committed 10112K, reserved 1048576K
}
Event: 29.024 GC heap after
{Heap after GC invocations=15 (full 0):
 garbage-first heap   total 196608K, used 56170K [0x0000000080000000, 0x0000000100000000)
  region size 1024K, 13 young (13312K), 13 survivors (13312K)
 Metaspace       used 72134K, capacity 73848K, committed 73856K, reserved 1114112K
  class space    used 9477K, capacity 10107K, committed 10112K, reserved 1048576K
}

Deoptimization events (20 events):
Event: 30.059 Thread 0x0000020fddb4a800 Uncommon trap: trap_request=0xffffffc6 fr.pc=0x0000020fc8e80604 relative=0x0000000000000684
Event: 30.059 Thread 0x0000020fddb4a800 Uncommon trap: reason=bimorphic_or_optimized_type_check action=maybe_recompile pc=0x0000020fc8e80604 method=java.util.Arrays.binarySearch0([Ljava/lang/Object;IILjava/lang/Object;Ljava/util/Comparator;)I @ 48 c2
Event: 30.059 Thread 0x0000020fddb4a800 DEOPT PACKING pc=0x0000020fc8e80604 sp=0x0000003d0bbfe080
Event: 30.059 Thread 0x0000020fddb4a800 DEOPT UNPACKING pc=0x0000020fc10c74af sp=0x0000003d0bbfe000 mode 2
Event: 30.059 Thread 0x0000020fddb4a800 Uncommon trap: trap_request=0xffffffc6 fr.pc=0x0000020fc8e80604 relative=0x0000000000000684
Event: 30.059 Thread 0x0000020fddb4a800 Uncommon trap: reason=bimorphic_or_optimized_type_check action=maybe_recompile pc=0x0000020fc8e80604 method=java.util.Arrays.binarySearch0([Ljava/lang/Object;IILjava/lang/Object;Ljava/util/Comparator;)I @ 48 c2
Event: 30.059 Thread 0x0000020fddb4a800 DEOPT PACKING pc=0x0000020fc8e80604 sp=0x0000003d0bbfe080
Event: 30.059 Thread 0x0000020fddb4a800 DEOPT UNPACKING pc=0x0000020fc10c74af sp=0x0000003d0bbfe000 mode 2
Event: 30.059 Thread 0x0000020fddb4a800 Uncommon trap: trap_request=0xffffffc6 fr.pc=0x0000020fc8e80604 relative=0x0000000000000684
Event: 30.059 Thread 0x0000020fddb4a800 Uncommon trap: reason=bimorphic_or_optimized_type_check action=maybe_recompile pc=0x0000020fc8e80604 method=java.util.Arrays.binarySearch0([Ljava/lang/Object;IILjava/lang/Object;Ljava/util/Comparator;)I @ 48 c2
Event: 30.059 Thread 0x0000020fddb4a800 DEOPT PACKING pc=0x0000020fc8e80604 sp=0x0000003d0bbfe080
Event: 30.059 Thread 0x0000020fddb4a800 DEOPT UNPACKING pc=0x0000020fc10c74af sp=0x0000003d0bbfe000 mode 2
Event: 30.059 Thread 0x0000020fddb4a800 Uncommon trap: trap_request=0xffffffc6 fr.pc=0x0000020fc8e80604 relative=0x0000000000000684
Event: 30.059 Thread 0x0000020fddb4a800 Uncommon trap: reason=bimorphic_or_optimized_type_check action=maybe_recompile pc=0x0000020fc8e80604 method=java.util.Arrays.binarySearch0([Ljava/lang/Object;IILjava/lang/Object;Ljava/util/Comparator;)I @ 48 c2
Event: 30.059 Thread 0x0000020fddb4a800 DEOPT PACKING pc=0x0000020fc8e80604 sp=0x0000003d0bbfe080
Event: 30.059 Thread 0x0000020fddb4a800 DEOPT UNPACKING pc=0x0000020fc10c74af sp=0x0000003d0bbfe000 mode 2
Event: 30.246 Thread 0x0000020fdc63e800 DEOPT PACKING pc=0x0000020fc1d17f60 sp=0x0000003d0b8fad60
Event: 30.246 Thread 0x0000020fdc63e800 DEOPT UNPACKING pc=0x0000020fc10c72ce sp=0x0000003d0b8fa1e8 mode 0
Event: 30.358 Thread 0x0000020fdc63e800 DEOPT PACKING pc=0x0000020fc22dc338 sp=0x0000003d0b8fa640
Event: 30.358 Thread 0x0000020fdc63e800 DEOPT UNPACKING pc=0x0000020fc10c72ce sp=0x0000003d0b8f9b48 mode 0

Classes redefined (0 events):
No events

Internal exceptions (20 events):
Event: 28.959 Thread 0x0000020fd9d3b000 Exception <a 'java/lang/ClassNotFoundException'{0x0000000086b2d080}: com/android/build/gradle/internal/tasks/AndroidVariantTaskBeanInfo> (0x0000000086b2d080) thrown at [./src/hotspot/share/classfile/systemDictionary.cpp, line 231]
Event: 28.960 Thread 0x0000020fd9d3b000 Exception <a 'java/lang/ClassNotFoundException'{0x0000000086b42730}: com/android/build/gradle/internal/tasks/BaseTaskBeanInfo> (0x0000000086b42730) thrown at [./src/hotspot/share/classfile/systemDictionary.cpp, line 231]
Event: 28.960 Thread 0x0000020fd9d3b000 Exception <a 'java/lang/ClassNotFoundException'{0x0000000086b58458}: com/android/build/gradle/internal/tasks/BaseTaskCustomizer> (0x0000000086b58458) thrown at [./src/hotspot/share/classfile/systemDictionary.cpp, line 231]
Event: 28.961 Thread 0x0000020fd9d3b000 Exception <a 'java/lang/ClassNotFoundException'{0x0000000086b7f778}: com/android/build/gradle/internal/tasks/AndroidVariantTaskCustomizer> (0x0000000086b7f778) thrown at [./src/hotspot/share/classfile/systemDictionary.cpp, line 231]
Event: 28.963 Thread 0x0000020fd9d3b000 Exception <a 'java/lang/ClassNotFoundException'{0x0000000086ba43b8}: com/android/build/gradle/internal/tasks/IncrementalTaskCustomizer> (0x0000000086ba43b8) thrown at [./src/hotspot/share/classfile/systemDictionary.cpp, line 231]
Event: 28.964 Thread 0x0000020fd9d3b000 Exception <a 'java/lang/ClassNotFoundException'{0x0000000086bca018}: com/android/build/gradle/tasks/ResourceAwareTaskCustomizer> (0x0000000086bca018) thrown at [./src/hotspot/share/classfile/systemDictionary.cpp, line 231]
Event: 28.968 Thread 0x0000020fd9d3b000 Exception <a 'java/lang/ClassNotFoundException'{0x0000000086bf6cc8}: com/android/build/gradle/tasks/MergeResourcesCustomizer> (0x0000000086bf6cc8) thrown at [./src/hotspot/share/classfile/systemDictionary.cpp, line 231]
Event: 28.970 Thread 0x0000020fd9d3b000 Exception <a 'java/lang/ClassNotFoundException'{0x0000000086a3b118}: com/android/build/gradle/tasks/MergeResources_DecoratedCustomizer> (0x0000000086a3b118) thrown at [./src/hotspot/share/classfile/systemDictionary.cpp, line 231]
Event: 29.392 Thread 0x0000020fd9d3b000 Exception <a 'java/lang/NoSuchMethodError'{0x000000008b75bee8}: <clinit>> (0x000000008b75bee8) thrown at [./src/hotspot/share/prims/jni.cpp, line 1362]
Event: 29.398 Thread 0x0000020fd9d3b000 Exception <a 'java/lang/NoSuchMethodError'{0x000000008b78da78}: <clinit>> (0x000000008b78da78) thrown at [./src/hotspot/share/prims/jni.cpp, line 1362]
Event: 29.593 Thread 0x0000020fd9d3b000 Exception <a 'sun/nio/fs/WindowsException'{0x000000008b46ed78}> (0x000000008b46ed78) thrown at [./src/hotspot/share/prims/jni.cpp, line 615]
Event: 29.734 Thread 0x0000020fda20a000 Exception <a 'java/lang/NoSuchMethodError'{0x000000008be87a88}: <clinit>> (0x000000008be87a88) thrown at [./src/hotspot/share/prims/jni.cpp, line 1362]
Event: 29.735 Thread 0x0000020fda20a000 Exception <a 'java/lang/NoSuchMethodError'{0x000000008b19e500}: <clinit>> (0x000000008b19e500) thrown at [./src/hotspot/share/prims/jni.cpp, line 1362]
Event: 29.741 Thread 0x0000020fda20a000 Exception <a 'java/lang/NoSuchMethodError'{0x000000008b1a8af0}: <clinit>> (0x000000008b1a8af0) thrown at [./src/hotspot/share/prims/jni.cpp, line 1362]
Event: 29.744 Thread 0x0000020fda20a000 Exception <a 'java/lang/NoSuchMethodError'{0x000000008b1b8bb8}: <clinit>> (0x000000008b1b8bb8) thrown at [./src/hotspot/share/prims/jni.cpp, line 1362]
Event: 29.744 Thread 0x0000020fda20a000 Exception <a 'java/lang/NoSuchMethodError'{0x000000008b1b9e90}: <clinit>> (0x000000008b1b9e90) thrown at [./src/hotspot/share/prims/jni.cpp, line 1362]
Event: 29.771 Thread 0x0000020fd9d3b000 Exception <a 'java/lang/NoSuchMethodError'{0x000000008b156258}: 'java.lang.Object java.lang.invoke.Invokers$Holder.linkToTargetMethod(java.lang.Object, java.lang.Object, java.lang.Object, java.lang.Object, java.lang.Object, java.lang.Object, java.lang.Object, java.lang.Object)'> (0x000000008b156258) thrown at [./src/hotspot/share/interpreter/linkResolver.cpp, line 773]
Event: 29.814 Thread 0x0000020fdc63f800 Exception <a 'java/lang/NoSuchMethodError'{0x000000008b88b6f0}: <clinit>> (0x000000008b88b6f0) thrown at [./src/hotspot/share/prims/jni.cpp, line 1362]
Event: 29.819 Thread 0x0000020fdc63f800 Exception <a 'java/lang/NoSuchMethodError'{0x000000008afdfe60}: <clinit>> (0x000000008afdfe60) thrown at [./src/hotspot/share/prims/jni.cpp, line 1362]
Event: 29.987 Thread 0x0000020fda20a000 Exception <a 'java/lang/NoSuchMethodError'{0x000000008ac046a8}: <clinit>> (0x000000008ac046a8) thrown at [./src/hotspot/share/prims/jni.cpp, line 1362]

Events (20 events):
Event: 30.325 loading class com/android/build/gradle/internal/dependency/AndroidXDependencySubstitution$replaceOldSupportLibraries$1$1
Event: 30.325 loading class com/android/build/gradle/internal/dependency/AndroidXDependencySubstitution$replaceOldSupportLibraries$1$1 done
Event: 30.325 loading class org/gradle/api/internal/artifacts/repositories/resolver/VariantMetadataAdapter
Event: 30.325 loading class org/gradle/api/internal/artifacts/repositories/resolver/VariantMetadataAdapter done
Event: 30.328 loading class org/gradle/api/artifacts/VariantMetadata
Event: 30.328 loading class org/gradle/api/artifacts/VariantMetadata done
Event: 30.328 loading class com/android/build/gradle/internal/dependency/AndroidXDependencySubstitution$replaceOldSupportLibraries$1$1$1
Event: 30.328 loading class com/android/build/gradle/internal/dependency/AndroidXDependencySubstitution$replaceOldSupportLibraries$1$1$1 done
Event: 30.329 loading class org/gradle/internal/component/external/model/VariantMetadataRules$VariantAction
Event: 30.329 loading class org/gradle/internal/component/external/model/VariantMetadataRules$VariantAction done
Event: 30.329 loading class org/gradle/internal/component/model/DependencyMetadataRules
Event: 30.329 loading class org/gradle/internal/component/model/DependencyMetadataRules done
Event: 30.331 loading class org/gradle/internal/component/external/model/ModuleDependencyMetadata
Event: 30.331 loading class org/gradle/internal/component/external/model/ModuleDependencyMetadata done
Event: 30.331 loading class org/gradle/internal/component/external/model/ModuleDependencyMetadata
Event: 30.331 loading class org/gradle/internal/component/external/model/ModuleDependencyMetadata done
Event: 30.331 loading class org/gradle/api/specs/Spec
Event: 30.331 loading class org/gradle/api/specs/Spec done
Event: 30.331 loading class org/gradle/api/specs/Spec
Event: 30.331 loading class org/gradle/api/specs/Spec done


Dynamic libraries:
0x00007ff605d50000 - 0x00007ff605d5a000 	C:\Program Files\Android\Android Studio\jre\bin\java.exe
0x00007ffc80230000 - 0x00007ffc80425000 	C:\WINDOWS\SYSTEM32\ntdll.dll
0x00007ffc7e5b0000 - 0x00007ffc7e66d000 	C:\WINDOWS\System32\KERNEL32.DLL
0x00007ffc7dd30000 - 0x00007ffc7dff8000 	C:\WINDOWS\System32\KERNELBASE.dll
0x00007ffc7e190000 - 0x00007ffc7e290000 	C:\WINDOWS\System32\ucrtbase.dll
0x00007ffc5a290000 - 0x00007ffc5a2a9000 	C:\Program Files\Android\Android Studio\jre\bin\jli.dll
0x00007ffc7ed10000 - 0x00007ffc7eeb0000 	C:\WINDOWS\System32\USER32.dll
0x00007ffc7e060000 - 0x00007ffc7e082000 	C:\WINDOWS\System32\win32u.dll
0x00007ffc7f850000 - 0x00007ffc7f87a000 	C:\WINDOWS\System32\GDI32.dll
0x00007ffc7d970000 - 0x00007ffc7da7b000 	C:\WINDOWS\System32\gdi32full.dll
0x00007ffc7dc90000 - 0x00007ffc7dd2d000 	C:\WINDOWS\System32\msvcp_win.dll
0x00007ffc57320000 - 0x00007ffc57337000 	C:\Program Files\Android\Android Studio\jre\bin\VCRUNTIME140.dll
0x00007ffc6d830000 - 0x00007ffc6daca000 	C:\WINDOWS\WinSxS\amd64_microsoft.windows.common-controls_6595b64144ccf1df_6.0.19041.844_none_ca00b6081b84eb1d\COMCTL32.dll
0x00007ffc7eff0000 - 0x00007ffc7f08e000 	C:\WINDOWS\System32\msvcrt.dll
0x00007ffc7e2b0000 - 0x00007ffc7e2e0000 	C:\WINDOWS\System32\IMM32.DLL
0x00007ffc44de0000 - 0x00007ffc44e7d000 	C:\Program Files\Android\Android Studio\jre\bin\msvcp140.dll
0x00007ffc26800000 - 0x00007ffc272bc000 	C:\Program Files\Android\Android Studio\jre\bin\server\jvm.dll
0x00007ffc7ef40000 - 0x00007ffc7efec000 	C:\WINDOWS\System32\ADVAPI32.dll
0x00007ffc7e490000 - 0x00007ffc7e52b000 	C:\WINDOWS\System32\sechost.dll
0x00007ffc7fa70000 - 0x00007ffc7fb9b000 	C:\WINDOWS\System32\RPCRT4.dll
0x00007ffc7fa60000 - 0x00007ffc7fa68000 	C:\WINDOWS\System32\PSAPI.DLL
0x00007ffc6af80000 - 0x00007ffc6af89000 	C:\WINDOWS\SYSTEM32\WSOCK32.dll
0x00007ffc7eb90000 - 0x00007ffc7ebfb000 	C:\WINDOWS\System32\WS2_32.dll
0x00007ffc6dde0000 - 0x00007ffc6de07000 	C:\WINDOWS\SYSTEM32\WINMM.dll
0x00007ffc75710000 - 0x00007ffc7571a000 	C:\WINDOWS\SYSTEM32\VERSION.dll
0x00007ffc7c290000 - 0x00007ffc7c2a2000 	C:\WINDOWS\SYSTEM32\kernel.appcore.dll
0x00007ffc6bc40000 - 0x00007ffc6bc51000 	C:\Program Files\Android\Android Studio\jre\bin\verify.dll
0x00007ffc7bf10000 - 0x00007ffc7c0f4000 	C:\WINDOWS\SYSTEM32\DBGHELP.DLL
0x00007ffc69430000 - 0x00007ffc6945c000 	C:\WINDOWS\SYSTEM32\dbgcore.DLL
0x00007ffc7dc10000 - 0x00007ffc7dc90000 	C:\WINDOWS\System32\bcryptPrimitives.dll
0x00007ffc69fe0000 - 0x00007ffc6a009000 	C:\Program Files\Android\Android Studio\jre\bin\java.dll
0x00007ffc7a020000 - 0x00007ffc7a02b000 	C:\Program Files\Android\Android Studio\jre\bin\jimage.dll
0x00007ffc6bc20000 - 0x00007ffc6bc38000 	C:\Program Files\Android\Android Studio\jre\bin\zip.dll
0x00007ffc7f100000 - 0x00007ffc7f842000 	C:\WINDOWS\System32\SHELL32.dll
0x00007ffc7b770000 - 0x00007ffc7bf00000 	C:\WINDOWS\SYSTEM32\windows.storage.dll
0x00007ffc7e670000 - 0x00007ffc7e9c5000 	C:\WINDOWS\System32\combase.dll
0x00007ffc7d3e0000 - 0x00007ffc7d40c000 	C:\WINDOWS\SYSTEM32\Wldp.dll
0x00007ffc7ec60000 - 0x00007ffc7ed0e000 	C:\WINDOWS\System32\SHCORE.dll
0x00007ffc7ec00000 - 0x00007ffc7ec55000 	C:\WINDOWS\System32\shlwapi.dll
0x00007ffc7d8b0000 - 0x00007ffc7d8cf000 	C:\WINDOWS\SYSTEM32\profapi.dll
0x00007ffc6a040000 - 0x00007ffc6a05a000 	C:\Program Files\Android\Android Studio\jre\bin\net.dll
0x00007ffc708c0000 - 0x00007ffc709cb000 	C:\WINDOWS\SYSTEM32\WINHTTP.dll
0x00007ffc7d150000 - 0x00007ffc7d1ba000 	C:\WINDOWS\system32\mswsock.dll
0x00007ffc69fc0000 - 0x00007ffc69fd4000 	C:\Program Files\Android\Android Studio\jre\bin\nio.dll
0x00007ffc59b30000 - 0x00007ffc59b57000 	C:\Users\Putera Ezzalee\.gradle\native\fdc75f09e3144964f2cf3f50f0aa648679c211496f362492102eb8c894070792\windows-amd64\native-platform.dll
0x00007ffc3dde0000 - 0x00007ffc3df76000 	C:\Users\Putera Ezzalee\.gradle\native\12488b8bf47d2d4c9fbf2f6322a914ad602e24e48041cd04a747c6da556b65c4\windows-amd64\native-platform-file-events.dll
0x00007ffc799c0000 - 0x00007ffc799ca000 	C:\Program Files\Android\Android Studio\jre\bin\management.dll
0x00007ffc77400000 - 0x00007ffc7740c000 	C:\Program Files\Android\Android Studio\jre\bin\management_ext.dll
0x00007ffc7d320000 - 0x00007ffc7d338000 	C:\WINDOWS\SYSTEM32\CRYPTSP.dll
0x00007ffc7ca80000 - 0x00007ffc7cab4000 	C:\WINDOWS\system32\rsaenh.dll
0x00007ffc7dbe0000 - 0x00007ffc7dc07000 	C:\WINDOWS\System32\bcrypt.dll
0x00007ffc7d830000 - 0x00007ffc7d85e000 	C:\WINDOWS\SYSTEM32\USERENV.dll
0x00007ffc7d340000 - 0x00007ffc7d34c000 	C:\WINDOWS\SYSTEM32\CRYPTBASE.dll
0x00007ffc7cdf0000 - 0x00007ffc7ce2b000 	C:\WINDOWS\SYSTEM32\IPHLPAPI.DLL
0x00007ffc7e9d0000 - 0x00007ffc7e9d8000 	C:\WINDOWS\System32\NSI.dll
0x00007ffc756f0000 - 0x00007ffc75707000 	C:\WINDOWS\SYSTEM32\dhcpcsvc6.DLL
0x00007ffc76090000 - 0x00007ffc760ad000 	C:\WINDOWS\SYSTEM32\dhcpcsvc.DLL
0x00007ffc7ce40000 - 0x00007ffc7cf0c000 	C:\WINDOWS\SYSTEM32\DNSAPI.dll
0x00007ffc76220000 - 0x00007ffc7622b000 	C:\WINDOWS\SYSTEM32\WINNSI.DLL

dbghelp: loaded successfully - version: 4.0.5 - missing functions: none
symbol engine: initialized successfully - sym options: 0x614 - pdb path: .;C:\Program Files\Android\Android Studio\jre\bin;C:\WINDOWS\SYSTEM32;C:\WINDOWS\WinSxS\amd64_microsoft.windows.common-controls_6595b64144ccf1df_6.0.19041.844_none_ca00b6081b84eb1d;C:\Program Files\Android\Android Studio\jre\bin\server;C:\Users\Putera Ezzalee\.gradle\native\fdc75f09e3144964f2cf3f50f0aa648679c211496f362492102eb8c894070792\windows-amd64;C:\Users\Putera Ezzalee\.gradle\native\12488b8bf47d2d4c9fbf2f6322a914ad602e24e48041cd04a747c6da556b65c4\windows-amd64

VM Arguments:
jvm_args: --add-opens=java.base/java.util=ALL-UNNAMED --add-opens=java.base/java.lang=ALL-UNNAMED --add-opens=java.base/java.lang.invoke=ALL-UNNAMED --add-opens=java.prefs/java.util.prefs=ALL-UNNAMED -Xmx2048m -Dfile.encoding=UTF-8 -Duser.country=US -Duser.language=en -Duser.variant 
java_command: org.gradle.launcher.daemon.bootstrap.GradleDaemon 6.7.1
java_class_path (initial): C:\Users\Putera Ezzalee\.gradle\wrapper\dists\gradle-6.7.1-all\2moa8rlfac5eqlcfgk98k0deb\gradle-6.7.1\lib\gradle-launcher-6.7.1.jar
Launcher Type: SUN_STANDARD

[Global flags]
     intx CICompilerCount                          = 3                                         {product} {ergonomic}
     uint ConcGCThreads                            = 1                                         {product} {ergonomic}
     uint G1ConcRefinementThreads                  = 4                                         {product} {ergonomic}
   size_t G1HeapRegionSize                         = 1048576                                   {product} {ergonomic}
    uintx GCDrainStackTargetSize                   = 64                                        {product} {ergonomic}
   size_t InitialHeapSize                          = 201326592                                 {product} {ergonomic}
   size_t MarkStackSize                            = 4194304                                   {product} {ergonomic}
   size_t MaxHeapSize                              = 2147483648                                {product} {command line}
   size_t MaxNewSize                               = 1287651328                                {product} {ergonomic}
   size_t MinHeapDeltaBytes                        = 1048576                                   {product} {ergonomic}
    uintx NonNMethodCodeHeapSize                   = 5830732                                {pd product} {ergonomic}
    uintx NonProfiledCodeHeapSize                  = 122913754                              {pd product} {ergonomic}
    uintx ProfiledCodeHeapSize                     = 122913754                              {pd product} {ergonomic}
    uintx ReservedCodeCacheSize                    = 251658240                              {pd product} {ergonomic}
     bool SegmentedCodeCache                       = true                                      {product} {ergonomic}
     bool UseCompressedClassPointers               = true                                 {lp64_product} {ergonomic}
     bool UseCompressedOops                        = true                                 {lp64_product} {ergonomic}
     bool UseG1GC                                  = true                                      {product} {ergonomic}
     bool UseLargePagesIndividualAllocation        = false                                  {pd product} {ergonomic}

Logging:
Log output configuration:
 #0: stdout all=warning uptime,level,tags
 #1: stderr all=off uptime,level,tags

Environment Variables:
JAVA_HOME=C:\Program Files\Java\jdk-13.0.2
PATH=C:\oraclexe\app\oracle\product\11.2.0\server\bin;C:\app\Putera_Ezzalee\product\11.2.0\dbhome_1\bin;C:\WINDOWS\system32;C:\WINDOWS;C:\WINDOWS\System32\Wbem;C:\WINDOWS\System32\WindowsPowerShell\v1.0\;C:\WINDOWS\System32\OpenSSH\;C:\Program Files\nodejs\;C:\Program Files\Git\cmd;C:\Program Files\Microsoft SQL Server\130\Tools\Binn\;C:\Program Files\Microsoft SQL Server\Client SDK\ODBC\170\Tools\Binn\;C:\Program Files\dotnet\;C:\Program Files (x86)\Microsoft SQL Server\150\Tools\Binn\;C:\Program Files\Microsoft SQL Server\150\Tools\Binn\;C:\Program Files\Microsoft SQL Server\150\DTS\Binn\;C:\Program Files\Azure Data Studio\bin;C:\Program Files (x86)\Microsoft SQL Server\150\DTS\Binn\;C:\xampp\php;C:\ProgramData\ComposerSetup\bin;C:\Program Files\MySQL\MySQL Shell 8.0\bin\;C:\Users\Putera Ezzalee\AppData\Local\Programs\Python\Python38-32\Scripts\;C:\Users\Putera Ezzalee\AppData\Local\Programs\Python\Python38-32\;C:\Users\Putera Ezzalee\AppData\Local\Microsoft\WindowsApps;C:\Users\Putera Ezzalee\AppData\Roaming\npm;C:\Mingw-w64\mingw32\bin;C:\Users\Putera Ezzalee\AppData\Local\atom\bin;C:\Program Files\JetBrains\PyCharm Community Edition 2019.2.4\bin;;C:\Users\Putera Ezzalee\AppData\Local\Programs\Microsoft VS Code\bin;";C:\Program Files\Java\jdk-13.0.2\bin";;C:\Users\Putera Ezzalee\AppData\Local\Microsoft\WindowsApps;C:\Users\Putera Ezzalee\.dotnet\tools;C:\Program Files\Azure Data Studio\bin;C:\Users\Putera Ezzalee\AppData\Roaming\Composer\vendor\bin
USERNAME=Putera Ezzalee
OS=Windows_NT
PROCESSOR_IDENTIFIER=Intel64 Family 6 Model 142 Stepping 9, GenuineIntel



---------------  S Y S T E M  ---------------

OS: Windows 10 , 64 bit Build 19041 (10.0.19041.928)
OS uptime: 27 days 11:29 hours

CPU:total 4 (initial active 4) (2 cores per cpu, 2 threads per core) family 6 model 142 stepping 9, cmov, cx8, fxsr, mmx, sse, sse2, sse3, ssse3, sse4.1, sse4.2, popcnt, avx, avx2, aes, clmul, erms, 3dnowpref, lzcnt, ht, tsc, tscinvbit, bmi1, bmi2, adx, fma

Memory: 4k page, system-wide physical 12170M (420M free)
TotalPageFile size 40711M (AvailPageFile size 4M)
current process WorkingSet (physical memory assigned to process): 390M, peak: 394M
current process commit charge ("private bytes"): 447M, peak: 449M

vm_info: OpenJDK 64-Bit Server VM (11.0.8+10-b944.6842174) for windows-amd64 JRE (11.0.8+10-b944.6842174), built on Sep 19 2020 01:11:42 by "builder" with MS VC++ 14.0 (VS2015)

END.
