#
# There is insufficient memory for the Java Runtime Environment to continue.
# Native memory allocation (malloc) failed to allocate 2008336 bytes for Chunk::new
# Possible reasons:
#   The system is out of physical RAM or swap space
#   The process is running with CompressedOops enabled, and the Java Heap may be blocking the growth of the native heap
# Possible solutions:
#   Reduce memory load on the system
#   Increase physical memory or swap space
#   Check if swap backing store is full
#   Decrease Java heap size (-Xmx/-Xms)
#   Decrease number of Java threads
#   Decrease Java thread stack sizes (-Xss)
#   Set larger code cache with -XX:ReservedCodeCacheSize=
#   JVM is running with Unscaled Compressed Oops mode in which the Java heap is
#     placed in the first 4GB address space. The Java Heap base address is the
#     maximum limit for the native heap growth. Please use -XX:HeapBaseMinAddress
#     to set the Java Heap base and to place the Java Heap above 4GB virtual address.
# This output file may be truncated or incomplete.
#
#  Out of Memory Error (./src/hotspot/share/memory/arena.cpp:197), pid=7176, tid=24380
#
# JRE version: OpenJDK Runtime Environment (11.0.8+10) (build 11.0.8+10-b944.6842174)
# Java VM: OpenJDK 64-Bit Server VM (11.0.8+10-b944.6842174, mixed mode, tiered, compressed oops, g1 gc, windows-amd64)
# No core dump will be written. Minidumps are not enabled by default on client versions of Windows
#

---------------  S U M M A R Y ------------

Command Line: --add-opens=java.base/java.util=ALL-UNNAMED --add-opens=java.base/java.lang=ALL-UNNAMED --add-opens=java.base/java.lang.invoke=ALL-UNNAMED --add-opens=java.prefs/java.util.prefs=ALL-UNNAMED -Xmx2048m -Dfile.encoding=UTF-8 -Duser.country=US -Duser.language=en -Duser.variant org.gradle.launcher.daemon.bootstrap.GradleDaemon 6.7.1

Host: Intel(R) Core(TM) i5-7200U CPU @ 2.50GHz, 4 cores, 11G,  Windows 10 , 64 bit Build 19041 (10.0.19041.928)
Time: Mon Jun 14 08:51:04 2021 Malay Peninsula Standard Time elapsed time: 17 seconds (0d 0h 0m 17s)

---------------  T H R E A D  ---------------

Current thread (0x00000245800b7800):  JavaThread "C2 CompilerThread1" daemon [_thread_in_native, id=24380, stack(0x0000004ea3300000,0x0000004ea3400000)]


Current CompileTask:
C2:  17945 5047       4       org.objectweb.asm.Frame::execute (2318 bytes)

Stack: [0x0000004ea3300000,0x0000004ea3400000]
Native frames: (J=compiled Java code, j=interpreted, Vv=VM code, C=native code)
V  [jvm.dll+0x5de50a]
V  [jvm.dll+0x7122f5]
V  [jvm.dll+0x71384d]
V  [jvm.dll+0x713f03]
V  [jvm.dll+0x23e728]
V  [jvm.dll+0xb899c]
V  [jvm.dll+0xb8e9c]
V  [jvm.dll+0x35024d]
V  [jvm.dll+0x31dea3]
V  [jvm.dll+0x31d39a]
V  [jvm.dll+0x1f7702]
V  [jvm.dll+0x1f68d4]
V  [jvm.dll+0x17f32c]
V  [jvm.dll+0x205047]
V  [jvm.dll+0x203891]
V  [jvm.dll+0x6dad3f]
V  [jvm.dll+0x6d3895]
V  [jvm.dll+0x5dd4a6]
C  [ucrtbase.dll+0x21bb2]
C  [KERNEL32.DLL+0x17034]
C  [ntdll.dll+0x52651]


---------------  P R O C E S S  ---------------

Threads class SMR info:
_java_thread_list=0x0000024580cabaa0, length=135, elements={
0x00000245e08ba000, 0x00000245faa92000, 0x00000245faa9c000, 0x00000245faaa4800,
0x00000245faaa6800, 0x00000245faaa8800, 0x00000245faaad800, 0x00000245fb36f000,
0x00000245fb45f800, 0x00000245fb481800, 0x00000245fcf41000, 0x00000245fcbfa800,
0x00000245fd188800, 0x00000245fc4d2800, 0x00000245fc4d3000, 0x00000245fcea0800,
0x00000245fd28d800, 0x00000245fd284000, 0x00000245fd6db800, 0x00000245fce9e000,
0x00000245fd1da000, 0x00000245fd1d9800, 0x00000245fd1de000, 0x00000245fd1db000,
0x00000245fd1dc000, 0x00000245fd1dc800, 0x00000245fd1dd800, 0x00000245fd1df000,
0x00000245fd1e0000, 0x0000024580258000, 0x0000024580254000, 0x0000024580254800,
0x0000024580259000, 0x0000024580253000, 0x0000024580259800, 0x0000024580256800,
0x000002458025a800, 0x000002458025b800, 0x0000024580255800, 0x000002458025c000,
0x0000024580262000, 0x000002458025d000, 0x000002458025d800, 0x000002458025e800,
0x000002458025f800, 0x0000024580260000, 0x0000024580261000, 0x00000245fdee2800,
0x00000245fdee0800, 0x00000245fdede800, 0x00000245fdee4800, 0x00000245fdee1000,
0x00000245fdee5000, 0x00000245fdee2000, 0x00000245fdee3800, 0x00000245fdedf800,
0x00000245fdee9800, 0x00000245fdeeb800, 0x00000245fdee6000, 0x00000245fdeec800,
0x00000245fdee7000, 0x00000245fdeea000, 0x00000245fdee7800, 0x00000245fdeeb000,
0x00000245fdeed800, 0x00000245fdee8800, 0x000002458093c800, 0x000002458093b800,
0x000002458093d000, 0x000002458093b000, 0x000002458093e000, 0x000002458093f000,
0x0000024580939000, 0x000002458093f800, 0x000002458093a000, 0x0000024580945800,
0x0000024580943800, 0x0000024580944800, 0x0000024580943000, 0x0000024580946000,
0x0000024580942000, 0x0000024580940800, 0x0000024580947000, 0x0000024580941800,
0x0000024580948000, 0x00000245fd78d800, 0x00000245fd78e800, 0x00000245fd78c000,
0x00000245fd78c800, 0x00000245fd78a800, 0x00000245fd791000, 0x00000245fd78f000,
0x00000245fd790000, 0x00000245fd78b000, 0x00000245fd797800, 0x00000245fd791800,
0x00000245fd795800, 0x00000245fd798000, 0x00000245fd792800, 0x00000245fd799000,
0x00000245fd793800, 0x00000245fd794000, 0x00000245fd795000, 0x00000245fd796800,
0x000002458033c000, 0x000002458033d800, 0x000002458033d000, 0x000002458033b000,
0x000002458033e800, 0x0000024580340000, 0x000002458033a800, 0x0000024580341800,
0x0000024580341000, 0x0000024580343800, 0x0000024580342800, 0x0000024580345000,
0x0000024580344000, 0x000002458033f000, 0x0000024580347800, 0x0000024580348000,
0x0000024580349000, 0x0000024580346000, 0x0000024580346800, 0x00000245fdaf2000,
0x00000245fdaef800, 0x00000245fdaf3000, 0x00000245fdaed000, 0x00000245fdaf0800,
0x00000245fdaf3800, 0x00000245fdaee000, 0x00000245fdaf4800, 0x00000245fdaf1000,
0x00000245fdaef000, 0x00000245800b7800, 0x00000245fdafa000
}

Java Threads: ( => current thread )
  0x00000245e08ba000 JavaThread "main" [_thread_blocked, id=23368, stack(0x0000004ea0400000,0x0000004ea0500000)]
  0x00000245faa92000 JavaThread "Reference Handler" daemon [_thread_blocked, id=9920, stack(0x0000004ea0b00000,0x0000004ea0c00000)]
  0x00000245faa9c000 JavaThread "Finalizer" daemon [_thread_blocked, id=6096, stack(0x0000004ea0c00000,0x0000004ea0d00000)]
  0x00000245faaa4800 JavaThread "Signal Dispatcher" daemon [_thread_blocked, id=1336, stack(0x0000004ea0d00000,0x0000004ea0e00000)]
  0x00000245faaa6800 JavaThread "Attach Listener" daemon [_thread_blocked, id=19308, stack(0x0000004ea0e00000,0x0000004ea0f00000)]
  0x00000245faaa8800 JavaThread "C2 CompilerThread0" daemon [_thread_blocked, id=19868, stack(0x0000004ea0f00000,0x0000004ea1000000)]
  0x00000245faaad800 JavaThread "C1 CompilerThread0" daemon [_thread_blocked, id=14216, stack(0x0000004ea1000000,0x0000004ea1100000)]
  0x00000245fb36f000 JavaThread "Sweeper thread" daemon [_thread_blocked, id=21968, stack(0x0000004ea1100000,0x0000004ea1200000)]
  0x00000245fb45f800 JavaThread "Common-Cleaner" daemon [_thread_blocked, id=348, stack(0x0000004ea1200000,0x0000004ea1300000)]
  0x00000245fb481800 JavaThread "Service Thread" daemon [_thread_blocked, id=10904, stack(0x0000004ea1300000,0x0000004ea1400000)]
  0x00000245fcf41000 JavaThread "Daemon health stats" [_thread_blocked, id=19044, stack(0x0000004ea1900000,0x0000004ea1a00000)]
  0x00000245fcbfa800 JavaThread "Incoming local TCP Connector on port 57741" [_thread_in_native, id=5508, stack(0x0000004ea1b00000,0x0000004ea1c00000)]
  0x00000245fd188800 JavaThread "Daemon periodic checks" [_thread_blocked, id=15344, stack(0x0000004ea1c00000,0x0000004ea1d00000)]
  0x00000245fc4d2800 JavaThread "Daemon" [_thread_blocked, id=24604, stack(0x0000004ea1d00000,0x0000004ea1e00000)]
  0x00000245fc4d3000 JavaThread "Handler for socket connection from /127.0.0.1:57741 to /127.0.0.1:57742" [_thread_in_native, id=21696, stack(0x0000004ea1e00000,0x0000004ea1f00000)]
  0x00000245fcea0800 JavaThread "Cancel handler" [_thread_blocked, id=5204, stack(0x0000004ea1f00000,0x0000004ea2000000)]
  0x00000245fd28d800 JavaThread "Daemon worker" [_thread_in_native, id=21860, stack(0x0000004ea2000000,0x0000004ea2100000)]
  0x00000245fd284000 JavaThread "Asynchronous log dispatcher for DefaultDaemonConnection: socket connection from /127.0.0.1:57741 to /127.0.0.1:57742" [_thread_blocked, id=6988, stack(0x0000004ea2100000,0x0000004ea2200000)]
  0x00000245fd6db800 JavaThread "Stdin handler" [_thread_blocked, id=7460, stack(0x0000004ea2200000,0x0000004ea2300000)]
  0x00000245fce9e000 JavaThread "Thread-8" [_thread_blocked, id=24140, stack(0x0000004ea2300000,0x0000004ea2400000)]
  0x00000245fd1da000 JavaThread "Cache worker for file hash cache (C:\Users\Putera Ezzalee\.gradle\caches\6.7.1\fileHashes)" [_thread_blocked, id=24316, stack(0x0000004ea2400000,0x0000004ea2500000)]
  0x00000245fd1d9800 JavaThread "File lock request listener" [_thread_in_native, id=21128, stack(0x0000004ea2500000,0x0000004ea2600000)]
  0x00000245fd1de000 JavaThread "Cache worker for journal cache (C:\Users\Putera Ezzalee\.gradle\caches\journal-1)" [_thread_blocked, id=18928, stack(0x0000004ea2600000,0x0000004ea2700000)]
  0x00000245fd1db000 JavaThread "Cache worker for file hash cache (C:\Users\Putera Ezzalee\AndroidStudioProjects\KarismaTuitionCentre\.gradle\6.7.1\fileHashes)" [_thread_blocked, id=9996, stack(0x0000004ea2700000,0x0000004ea2800000)]
  0x00000245fd1dc000 JavaThread "Cache worker for checksums cache (C:\Users\Putera Ezzalee\AndroidStudioProjects\KarismaTuitionCentre\.gradle\checksums)" [_thread_blocked, id=5160, stack(0x0000004ea2800000,0x0000004ea2900000)]
  0x00000245fd1dc800 JavaThread "Cache worker for cache directory md-supplier (C:\Users\Putera Ezzalee\.gradle\caches\6.7.1\md-supplier)" [_thread_blocked, id=17640, stack(0x0000004ea2900000,0x0000004ea2a00000)]
  0x00000245fd1dd800 JavaThread "Cache worker for cache directory md-rule (C:\Users\Putera Ezzalee\.gradle\caches\6.7.1\md-rule)" [_thread_blocked, id=18444, stack(0x0000004ea2b00000,0x0000004ea2c00000)]
  0x00000245fd1df000 JavaThread "Cache worker for execution history cache (C:\Users\Putera Ezzalee\.gradle\caches\6.7.1\executionHistory)" [_thread_blocked, id=15252, stack(0x0000004ea2c00000,0x0000004ea2d00000)]
  0x00000245fd1e0000 JavaThread "jar transforms" [_thread_blocked, id=6292, stack(0x0000004ea2d00000,0x0000004ea2e00000)]
  0x0000024580258000 JavaThread "Cache worker for file content cache (C:\Users\Putera Ezzalee\.gradle\caches\6.7.1\fileContent)" [_thread_blocked, id=15228, stack(0x0000004ea2a00000,0x0000004ea2b00000)]
  0x0000024580254000 JavaThread "Cache worker for Build Output Cleanup Cache (C:\Users\Putera Ezzalee\AndroidStudioProjects\KarismaTuitionCentre\.gradle\buildOutputCleanup)" [_thread_blocked, id=15636, stack(0x0000004ea2e00000,0x0000004ea2f00000)]
  0x0000024580254800 JavaThread "Build operations" [_thread_blocked, id=5948, stack(0x0000004ea2f00000,0x0000004ea3000000)]
  0x0000024580259000 JavaThread "Build operations Thread 2" [_thread_blocked, id=21720, stack(0x0000004ea3000000,0x0000004ea3100000)]
  0x0000024580253000 JavaThread "Build operations Thread 3" [_thread_blocked, id=24152, stack(0x0000004ea3100000,0x0000004ea3200000)]
  0x0000024580259800 JavaThread "Build operations Thread 4" [_thread_blocked, id=22980, stack(0x0000004ea3200000,0x0000004ea3300000)]
  0x0000024580256800 JavaThread "jar transforms Thread 2" [_thread_blocked, id=25540, stack(0x0000004ea3400000,0x0000004ea3500000)]
  0x000002458025a800 JavaThread "jar transforms Thread 3" [_thread_blocked, id=8144, stack(0x0000004ea3500000,0x0000004ea3600000)]
  0x000002458025b800 JavaThread "jar transforms Thread 4" [_thread_blocked, id=14984, stack(0x0000004ea3600000,0x0000004ea3700000)]
  0x0000024580255800 JavaThread "jar transforms Thread 5" [_thread_blocked, id=24844, stack(0x0000004ea3700000,0x0000004ea3800000)]
  0x000002458025c000 JavaThread "jar transforms Thread 6" [_thread_blocked, id=23852, stack(0x0000004ea3800000,0x0000004ea3900000)]
  0x0000024580262000 JavaThread "jar transforms Thread 7" [_thread_blocked, id=21236, stack(0x0000004ea3900000,0x0000004ea3a00000)]
  0x000002458025d000 JavaThread "jar transforms Thread 8" [_thread_blocked, id=8256, stack(0x0000004ea3a00000,0x0000004ea3b00000)]
  0x000002458025d800 JavaThread "jar transforms Thread 9" [_thread_blocked, id=1332, stack(0x0000004ea3b00000,0x0000004ea3c00000)]
  0x000002458025e800 JavaThread "jar transforms Thread 10" [_thread_blocked, id=18760, stack(0x0000004ea3c00000,0x0000004ea3d00000)]
  0x000002458025f800 JavaThread "jar transforms Thread 11" [_thread_blocked, id=12364, stack(0x0000004ea3d00000,0x0000004ea3e00000)]
  0x0000024580260000 JavaThread "jar transforms Thread 12" [_thread_blocked, id=4744, stack(0x0000004ea3e00000,0x0000004ea3f00000)]
  0x0000024580261000 JavaThread "jar transforms Thread 13" [_thread_blocked, id=14804, stack(0x0000004ea3f00000,0x0000004ea4000000)]
  0x00000245fdee2800 JavaThread "jar transforms Thread 14" [_thread_blocked, id=10812, stack(0x0000004ea4000000,0x0000004ea4100000)]
  0x00000245fdee0800 JavaThread "jar transforms Thread 15" [_thread_blocked, id=7480, stack(0x0000004ea4100000,0x0000004ea4200000)]
  0x00000245fdede800 JavaThread "jar transforms Thread 16" [_thread_blocked, id=8972, stack(0x0000004ea4200000,0x0000004ea4300000)]
  0x00000245fdee4800 JavaThread "jar transforms Thread 17" [_thread_blocked, id=12632, stack(0x0000004ea4300000,0x0000004ea4400000)]
  0x00000245fdee1000 JavaThread "jar transforms Thread 18" [_thread_blocked, id=12896, stack(0x0000004ea4400000,0x0000004ea4500000)]
  0x00000245fdee5000 JavaThread "jar transforms Thread 19" [_thread_blocked, id=24488, stack(0x0000004ea4500000,0x0000004ea4600000)]
  0x00000245fdee2000 JavaThread "jar transforms Thread 20" [_thread_blocked, id=12888, stack(0x0000004ea4600000,0x0000004ea4700000)]
  0x00000245fdee3800 JavaThread "jar transforms Thread 21" [_thread_blocked, id=21988, stack(0x0000004ea4700000,0x0000004ea4800000)]
  0x00000245fdedf800 JavaThread "jar transforms Thread 22" [_thread_blocked, id=21524, stack(0x0000004ea4800000,0x0000004ea4900000)]
  0x00000245fdee9800 JavaThread "jar transforms Thread 23" [_thread_blocked, id=16524, stack(0x0000004ea4900000,0x0000004ea4a00000)]
  0x00000245fdeeb800 JavaThread "jar transforms Thread 24" [_thread_blocked, id=9012, stack(0x0000004ea4a00000,0x0000004ea4b00000)]
  0x00000245fdee6000 JavaThread "jar transforms Thread 25" [_thread_blocked, id=9936, stack(0x0000004ea4b00000,0x0000004ea4c00000)]
  0x00000245fdeec800 JavaThread "jar transforms Thread 26" [_thread_blocked, id=25016, stack(0x0000004ea4c00000,0x0000004ea4d00000)]
  0x00000245fdee7000 JavaThread "jar transforms Thread 27" [_thread_blocked, id=14640, stack(0x0000004ea4d00000,0x0000004ea4e00000)]
  0x00000245fdeea000 JavaThread "jar transforms Thread 28" [_thread_blocked, id=2864, stack(0x0000004ea4e00000,0x0000004ea4f00000)]
  0x00000245fdee7800 JavaThread "jar transforms Thread 29" [_thread_blocked, id=19944, stack(0x0000004ea4f00000,0x0000004ea5000000)]
  0x00000245fdeeb000 JavaThread "jar transforms Thread 30" [_thread_blocked, id=24832, stack(0x0000004ea5000000,0x0000004ea5100000)]
  0x00000245fdeed800 JavaThread "jar transforms Thread 31" [_thread_blocked, id=23016, stack(0x0000004ea5100000,0x0000004ea5200000)]
  0x00000245fdee8800 JavaThread "jar transforms Thread 32" [_thread_blocked, id=8936, stack(0x0000004ea5200000,0x0000004ea5300000)]
  0x000002458093c800 JavaThread "jar transforms Thread 33" [_thread_blocked, id=6012, stack(0x0000004ea5300000,0x0000004ea5400000)]
  0x000002458093b800 JavaThread "jar transforms Thread 34" [_thread_blocked, id=23592, stack(0x0000004ea5400000,0x0000004ea5500000)]
  0x000002458093d000 JavaThread "jar transforms Thread 35" [_thread_blocked, id=14220, stack(0x0000004ea5500000,0x0000004ea5600000)]
  0x000002458093b000 JavaThread "jar transforms Thread 36" [_thread_blocked, id=2976, stack(0x0000004ea5600000,0x0000004ea5700000)]
  0x000002458093e000 JavaThread "jar transforms Thread 37" [_thread_blocked, id=17652, stack(0x0000004ea5700000,0x0000004ea5800000)]
  0x000002458093f000 JavaThread "jar transforms Thread 38" [_thread_blocked, id=16160, stack(0x0000004ea5800000,0x0000004ea5900000)]
  0x0000024580939000 JavaThread "jar transforms Thread 39" [_thread_blocked, id=7568, stack(0x0000004ea5900000,0x0000004ea5a00000)]
  0x000002458093f800 JavaThread "jar transforms Thread 40" [_thread_blocked, id=22388, stack(0x0000004ea5a00000,0x0000004ea5b00000)]
  0x000002458093a000 JavaThread "jar transforms Thread 41" [_thread_blocked, id=11036, stack(0x0000004ea5b00000,0x0000004ea5c00000)]
  0x0000024580945800 JavaThread "jar transforms Thread 42" [_thread_blocked, id=11860, stack(0x0000004ea5c00000,0x0000004ea5d00000)]
  0x0000024580943800 JavaThread "jar transforms Thread 43" [_thread_blocked, id=14276, stack(0x0000004ea5d00000,0x0000004ea5e00000)]
  0x0000024580944800 JavaThread "jar transforms Thread 44" [_thread_blocked, id=11112, stack(0x0000004ea5e00000,0x0000004ea5f00000)]
  0x0000024580943000 JavaThread "jar transforms Thread 45" [_thread_blocked, id=7392, stack(0x0000004ea5f00000,0x0000004ea6000000)]
  0x0000024580946000 JavaThread "jar transforms Thread 46" [_thread_blocked, id=7592, stack(0x0000004ea6000000,0x0000004ea6100000)]
  0x0000024580942000 JavaThread "jar transforms Thread 47" [_thread_blocked, id=19828, stack(0x0000004ea6100000,0x0000004ea6200000)]
  0x0000024580940800 JavaThread "jar transforms Thread 48" [_thread_blocked, id=9968, stack(0x0000004ea6200000,0x0000004ea6300000)]
  0x0000024580947000 JavaThread "jar transforms Thread 49" [_thread_blocked, id=23408, stack(0x0000004ea6300000,0x0000004ea6400000)]
  0x0000024580941800 JavaThread "jar transforms Thread 50" [_thread_blocked, id=15568, stack(0x0000004ea6400000,0x0000004ea6500000)]
  0x0000024580948000 JavaThread "jar transforms Thread 51" [_thread_blocked, id=25568, stack(0x0000004ea6500000,0x0000004ea6600000)]
  0x00000245fd78d800 JavaThread "jar transforms Thread 52" [_thread_blocked, id=3468, stack(0x0000004ea6600000,0x0000004ea6700000)]
  0x00000245fd78e800 JavaThread "jar transforms Thread 53" [_thread_blocked, id=20816, stack(0x0000004ea6700000,0x0000004ea6800000)]
  0x00000245fd78c000 JavaThread "jar transforms Thread 54" [_thread_blocked, id=22168, stack(0x0000004ea6800000,0x0000004ea6900000)]
  0x00000245fd78c800 JavaThread "jar transforms Thread 55" [_thread_blocked, id=17760, stack(0x0000004ea6900000,0x0000004ea6a00000)]
  0x00000245fd78a800 JavaThread "jar transforms Thread 56" [_thread_blocked, id=25192, stack(0x0000004ea6a00000,0x0000004ea6b00000)]
  0x00000245fd791000 JavaThread "jar transforms Thread 57" [_thread_blocked, id=22556, stack(0x0000004ea6b00000,0x0000004ea6c00000)]
  0x00000245fd78f000 JavaThread "jar transforms Thread 58" [_thread_blocked, id=25008, stack(0x0000004ea6c00000,0x0000004ea6d00000)]
  0x00000245fd790000 JavaThread "jar transforms Thread 59" [_thread_blocked, id=17148, stack(0x0000004ea6d00000,0x0000004ea6e00000)]
  0x00000245fd78b000 JavaThread "jar transforms Thread 60" [_thread_blocked, id=7036, stack(0x0000004ea6e00000,0x0000004ea6f00000)]
  0x00000245fd797800 JavaThread "jar transforms Thread 61" [_thread_blocked, id=13060, stack(0x0000004ea6f00000,0x0000004ea7000000)]
  0x00000245fd791800 JavaThread "jar transforms Thread 62" [_thread_blocked, id=21028, stack(0x0000004ea7000000,0x0000004ea7100000)]
  0x00000245fd795800 JavaThread "jar transforms Thread 63" [_thread_blocked, id=24300, stack(0x0000004ea7100000,0x0000004ea7200000)]
  0x00000245fd798000 JavaThread "jar transforms Thread 64" [_thread_blocked, id=23344, stack(0x0000004ea7200000,0x0000004ea7300000)]
  0x00000245fd792800 JavaThread "jar transforms Thread 65" [_thread_blocked, id=3204, stack(0x0000004ea7300000,0x0000004ea7400000)]
  0x00000245fd799000 JavaThread "jar transforms Thread 66" [_thread_blocked, id=20668, stack(0x0000004ea7400000,0x0000004ea7500000)]
  0x00000245fd793800 JavaThread "jar transforms Thread 67" [_thread_blocked, id=24040, stack(0x0000004ea7500000,0x0000004ea7600000)]
  0x00000245fd794000 JavaThread "jar transforms Thread 68" [_thread_blocked, id=22652, stack(0x0000004ea7600000,0x0000004ea7700000)]
  0x00000245fd795000 JavaThread "jar transforms Thread 69" [_thread_blocked, id=21940, stack(0x0000004ea7700000,0x0000004ea7800000)]
  0x00000245fd796800 JavaThread "jar transforms Thread 70" [_thread_blocked, id=2328, stack(0x0000004ea7800000,0x0000004ea7900000)]
  0x000002458033c000 JavaThread "jar transforms Thread 71" [_thread_blocked, id=22660, stack(0x0000004ea7900000,0x0000004ea7a00000)]
  0x000002458033d800 JavaThread "jar transforms Thread 72" [_thread_blocked, id=18472, stack(0x0000004ea7a00000,0x0000004ea7b00000)]
  0x000002458033d000 JavaThread "jar transforms Thread 73" [_thread_blocked, id=22480, stack(0x0000004ea7b00000,0x0000004ea7c00000)]
  0x000002458033b000 JavaThread "jar transforms Thread 74" [_thread_blocked, id=5144, stack(0x0000004ea7c00000,0x0000004ea7d00000)]
  0x000002458033e800 JavaThread "jar transforms Thread 75" [_thread_blocked, id=7160, stack(0x0000004ea7d00000,0x0000004ea7e00000)]
  0x0000024580340000 JavaThread "jar transforms Thread 76" [_thread_blocked, id=24660, stack(0x0000004ea7e00000,0x0000004ea7f00000)]
  0x000002458033a800 JavaThread "jar transforms Thread 77" [_thread_blocked, id=8248, stack(0x0000004ea7f00000,0x0000004ea8000000)]
  0x0000024580341800 JavaThread "jar transforms Thread 78" [_thread_blocked, id=20432, stack(0x0000004ea8000000,0x0000004ea8100000)]
  0x0000024580341000 JavaThread "jar transforms Thread 79" [_thread_blocked, id=15520, stack(0x0000004ea8100000,0x0000004ea8200000)]
  0x0000024580343800 JavaThread "jar transforms Thread 80" [_thread_blocked, id=8524, stack(0x0000004ea8200000,0x0000004ea8300000)]
  0x0000024580342800 JavaThread "jar transforms Thread 81" [_thread_blocked, id=13500, stack(0x0000004ea8300000,0x0000004ea8400000)]
  0x0000024580345000 JavaThread "jar transforms Thread 82" [_thread_blocked, id=3972, stack(0x0000004ea8400000,0x0000004ea8500000)]
  0x0000024580344000 JavaThread "jar transforms Thread 83" [_thread_blocked, id=10452, stack(0x0000004ea8500000,0x0000004ea8600000)]
  0x000002458033f000 JavaThread "jar transforms Thread 84" [_thread_blocked, id=6396, stack(0x0000004ea8600000,0x0000004ea8700000)]
  0x0000024580347800 JavaThread "jar transforms Thread 85" [_thread_blocked, id=12912, stack(0x0000004ea8700000,0x0000004ea8800000)]
  0x0000024580348000 JavaThread "jar transforms Thread 86" [_thread_blocked, id=7804, stack(0x0000004ea8800000,0x0000004ea8900000)]
  0x0000024580349000 JavaThread "jar transforms Thread 87" [_thread_blocked, id=12252, stack(0x0000004ea8900000,0x0000004ea8a00000)]
  0x0000024580346000 JavaThread "jar transforms Thread 88" [_thread_blocked, id=23372, stack(0x0000004ea8a00000,0x0000004ea8b00000)]
  0x0000024580346800 JavaThread "jar transforms Thread 89" [_thread_blocked, id=15816, stack(0x0000004ea8b00000,0x0000004ea8c00000)]
  0x00000245fdaf2000 JavaThread "jar transforms Thread 90" [_thread_blocked, id=25128, stack(0x0000004ea8c00000,0x0000004ea8d00000)]
  0x00000245fdaef800 JavaThread "jar transforms Thread 91" [_thread_blocked, id=3172, stack(0x0000004ea8d00000,0x0000004ea8e00000)]
  0x00000245fdaf3000 JavaThread "jar transforms Thread 92" [_thread_blocked, id=3720, stack(0x0000004ea8e00000,0x0000004ea8f00000)]
  0x00000245fdaed000 JavaThread "jar transforms Thread 93" [_thread_blocked, id=11188, stack(0x0000004ea8f00000,0x0000004ea9000000)]
  0x00000245fdaf0800 JavaThread "jar transforms Thread 94" [_thread_blocked, id=2040, stack(0x0000004ea9000000,0x0000004ea9100000)]
  0x00000245fdaf3800 JavaThread "jar transforms Thread 95" [_thread_blocked, id=15860, stack(0x0000004ea9100000,0x0000004ea9200000)]
  0x00000245fdaee000 JavaThread "jar transforms Thread 96" [_thread_blocked, id=15352, stack(0x0000004ea9200000,0x0000004ea9300000)]
  0x00000245fdaf4800 JavaThread "jar transforms Thread 97" [_thread_blocked, id=8512, stack(0x0000004ea9300000,0x0000004ea9400000)]
  0x00000245fdaf1000 JavaThread "jar transforms Thread 98" [_thread_blocked, id=13712, stack(0x0000004ea9400000,0x0000004ea9500000)]
  0x00000245fdaef000 JavaThread "jar transforms Thread 99" [_thread_blocked, id=1656, stack(0x0000004ea9500000,0x0000004ea9600000)]
=>0x00000245800b7800 JavaThread "C2 CompilerThread1" daemon [_thread_in_native, id=24380, stack(0x0000004ea3300000,0x0000004ea3400000)]
  0x00000245fdafa000 JavaThread "Memory manager" [_thread_new, id=11420, stack(0x0000000000000000,0x0000000000000000)]

Other Threads:
  0x00000245fb2b6800 VMThread "VM Thread" [stack: 0x0000004ea0a00000,0x0000004ea0b00000] [id=7560]
  0x00000245fb483000 WatcherThread [stack: 0x0000004ea1400000,0x0000004ea1500000] [id=3732]
  0x00000245e08d3000 GCTaskThread "GC Thread#0" [stack: 0x0000004ea0500000,0x0000004ea0600000] [id=5260]
  0x00000245fbb1d000 GCTaskThread "GC Thread#1" [stack: 0x0000004ea1600000,0x0000004ea1700000] [id=16520]
  0x00000245fb669800 GCTaskThread "GC Thread#2" [stack: 0x0000004ea1700000,0x0000004ea1800000] [id=17028]
  0x00000245fb66a000 GCTaskThread "GC Thread#3" [stack: 0x0000004ea1800000,0x0000004ea1900000] [id=13092]
  0x00000245e0905000 ConcurrentGCThread "G1 Main Marker" [stack: 0x0000004ea0600000,0x0000004ea0700000] [id=14948]
  0x00000245e0907000 ConcurrentGCThread "G1 Conc#0" [stack: 0x0000004ea0700000,0x0000004ea0800000] [id=7584]
  0x00000245e099e000 ConcurrentGCThread "G1 Refine#0" [stack: 0x0000004ea0800000,0x0000004ea0900000] [id=14292]
  0x00000245fa8e2800 ConcurrentGCThread "G1 Young RemSet Sampling" [stack: 0x0000004ea0900000,0x0000004ea0a00000] [id=2676]

Threads with active compile tasks:
C2 CompilerThread1  18002 5047       4       org.objectweb.asm.Frame::execute (2318 bytes)

VM state:not at safepoint (normal execution)

VM Mutex/Monitor currently owned by a thread: None

Heap address: 0x0000000080000000, size: 2048 MB, Compressed Oops mode: 32-bit
Narrow klass base: 0x0000000000000000, Narrow klass shift: 3
Compressed class space size: 1073741824 Address: 0x0000000100000000

Heap:
 garbage-first heap   total 196608K, used 53561K [0x0000000080000000, 0x0000000100000000)
  region size 1024K, 30 young (30720K), 15 survivors (15360K)
 Metaspace       used 54874K, capacity 56268K, committed 56448K, reserved 1097728K
  class space    used 6976K, capacity 7511K, committed 7552K, reserved 1048576K
Heap Regions: E=young(eden), S=young(survivor), O=old, HS=humongous(starts), HC=humongous(continues), CS=collection set, F=free, A=archive, TAMS=top-at-mark-start (previous, next)
|   0|0x0000000080000000, 0x0000000080100000, 0x0000000080100000|100%| O|  |TAMS 0x0000000080100000, 0x0000000080000000| Untracked 
|   1|0x0000000080100000, 0x0000000080200000, 0x0000000080200000|100%| O|  |TAMS 0x0000000080200000, 0x0000000080100000| Untracked 
|   2|0x0000000080200000, 0x0000000080300000, 0x0000000080300000|100%| O|  |TAMS 0x0000000080300000, 0x0000000080200000| Untracked 
|   3|0x0000000080300000, 0x0000000080400000, 0x0000000080400000|100%|HS|  |TAMS 0x0000000080400000, 0x0000000080300000| Complete 
|   4|0x0000000080400000, 0x0000000080500000, 0x0000000080500000|100%|HC|  |TAMS 0x0000000080500000, 0x0000000080400000| Complete 
|   5|0x0000000080500000, 0x0000000080600000, 0x0000000080600000|100%|HC|  |TAMS 0x0000000080600000, 0x0000000080500000| Complete 
|   6|0x0000000080600000, 0x0000000080700000, 0x0000000080700000|100%| O|  |TAMS 0x0000000080700000, 0x0000000080600000| Untracked 
|   7|0x0000000080700000, 0x0000000080800000, 0x0000000080800000|100%| O|  |TAMS 0x0000000080800000, 0x0000000080700000| Untracked 
|   8|0x0000000080800000, 0x0000000080900000, 0x0000000080900000|100%| O|  |TAMS 0x0000000080900000, 0x0000000080800000| Untracked 
|   9|0x0000000080900000, 0x0000000080a00000, 0x0000000080a00000|100%| O|  |TAMS 0x0000000080a00000, 0x0000000080900000| Untracked 
|  10|0x0000000080a00000, 0x0000000080b00000, 0x0000000080b00000|100%| O|  |TAMS 0x0000000080b00000, 0x0000000080a00000| Untracked 
|  11|0x0000000080b00000, 0x0000000080c00000, 0x0000000080c00000|100%| O|  |TAMS 0x0000000080c00000, 0x0000000080b00000| Untracked 
|  12|0x0000000080c00000, 0x0000000080d00000, 0x0000000080d00000|100%| O|  |TAMS 0x0000000080cd1800, 0x0000000080c00000| Untracked 
|  13|0x0000000080d00000, 0x0000000080e00000, 0x0000000080e00000|100%|HS|  |TAMS 0x0000000080d00000, 0x0000000080d00000| Complete 
|  14|0x0000000080e00000, 0x0000000080f00000, 0x0000000080f00000|100%|HS|  |TAMS 0x0000000080e00000, 0x0000000080e00000| Complete 
|  15|0x0000000080f00000, 0x0000000081000000, 0x0000000081000000|100%|HC|  |TAMS 0x0000000080f00000, 0x0000000080f00000| Complete 
|  16|0x0000000081000000, 0x0000000081100000, 0x0000000081100000|100%| O|  |TAMS 0x0000000081000000, 0x0000000081000000| Untracked 
|  17|0x0000000081100000, 0x0000000081200000, 0x0000000081200000|100%| O|  |TAMS 0x0000000081100000, 0x0000000081100000| Untracked 
|  18|0x0000000081200000, 0x0000000081300000, 0x0000000081300000|100%| O|  |TAMS 0x0000000081200000, 0x0000000081200000| Untracked 
|  19|0x0000000081300000, 0x0000000081400000, 0x0000000081400000|100%| O|  |TAMS 0x0000000081300000, 0x0000000081300000| Untracked 
|  20|0x0000000081400000, 0x0000000081500000, 0x0000000081500000|100%| O|  |TAMS 0x0000000081400000, 0x0000000081400000| Untracked 
|  21|0x0000000081500000, 0x0000000081600000, 0x0000000081600000|100%| O|  |TAMS 0x0000000081500000, 0x0000000081500000| Untracked 
|  22|0x0000000081600000, 0x0000000081700000, 0x0000000081700000|100%| O|  |TAMS 0x0000000081600000, 0x0000000081600000| Untracked 
|  23|0x0000000081700000, 0x00000000817d3400, 0x0000000081800000| 82%| O|  |TAMS 0x0000000081700000, 0x0000000081700000| Untracked 
|  24|0x0000000081800000, 0x0000000081800000, 0x0000000081900000|  0%| F|  |TAMS 0x0000000081800000, 0x0000000081800000| Untracked 
|  25|0x0000000081900000, 0x0000000081900000, 0x0000000081a00000|  0%| F|  |TAMS 0x0000000081900000, 0x0000000081900000| Untracked 
|  26|0x0000000081a00000, 0x0000000081a00000, 0x0000000081b00000|  0%| F|  |TAMS 0x0000000081a00000, 0x0000000081a00000| Untracked 
|  27|0x0000000081b00000, 0x0000000081b00000, 0x0000000081c00000|  0%| F|  |TAMS 0x0000000081b00000, 0x0000000081b00000| Untracked 
|  28|0x0000000081c00000, 0x0000000081c00000, 0x0000000081d00000|  0%| F|  |TAMS 0x0000000081c00000, 0x0000000081c00000| Untracked 
|  29|0x0000000081d00000, 0x0000000081d00000, 0x0000000081e00000|  0%| F|  |TAMS 0x0000000081d00000, 0x0000000081d00000| Untracked 
|  30|0x0000000081e00000, 0x0000000081e00000, 0x0000000081f00000|  0%| F|  |TAMS 0x0000000081e00000, 0x0000000081e00000| Untracked 
|  31|0x0000000081f00000, 0x0000000081f00000, 0x0000000082000000|  0%| F|  |TAMS 0x0000000081f00000, 0x0000000081f00000| Untracked 
|  32|0x0000000082000000, 0x0000000082000000, 0x0000000082100000|  0%| F|  |TAMS 0x0000000082000000, 0x0000000082000000| Untracked 
|  33|0x0000000082100000, 0x0000000082100000, 0x0000000082200000|  0%| F|  |TAMS 0x0000000082100000, 0x0000000082100000| Untracked 
|  34|0x0000000082200000, 0x0000000082200000, 0x0000000082300000|  0%| F|  |TAMS 0x0000000082200000, 0x0000000082200000| Untracked 
|  35|0x0000000082300000, 0x0000000082300000, 0x0000000082400000|  0%| F|  |TAMS 0x0000000082300000, 0x0000000082300000| Untracked 
|  36|0x0000000082400000, 0x0000000082400000, 0x0000000082500000|  0%| F|  |TAMS 0x0000000082400000, 0x0000000082400000| Untracked 
|  37|0x0000000082500000, 0x0000000082500000, 0x0000000082600000|  0%| F|  |TAMS 0x0000000082500000, 0x0000000082500000| Untracked 
|  38|0x0000000082600000, 0x0000000082600000, 0x0000000082700000|  0%| F|  |TAMS 0x0000000082600000, 0x0000000082600000| Untracked 
|  39|0x0000000082700000, 0x0000000082700000, 0x0000000082800000|  0%| F|  |TAMS 0x0000000082700000, 0x0000000082700000| Untracked 
|  40|0x0000000082800000, 0x0000000082800000, 0x0000000082900000|  0%| F|  |TAMS 0x0000000082800000, 0x0000000082800000| Untracked 
|  41|0x0000000082900000, 0x0000000082900000, 0x0000000082a00000|  0%| F|  |TAMS 0x0000000082900000, 0x0000000082900000| Untracked 
|  42|0x0000000082a00000, 0x0000000082a00000, 0x0000000082b00000|  0%| F|  |TAMS 0x0000000082a00000, 0x0000000082a00000| Untracked 
|  43|0x0000000082b00000, 0x0000000082b00000, 0x0000000082c00000|  0%| F|  |TAMS 0x0000000082b00000, 0x0000000082b00000| Untracked 
|  44|0x0000000082c00000, 0x0000000082c00000, 0x0000000082d00000|  0%| F|  |TAMS 0x0000000082c00000, 0x0000000082c00000| Untracked 
|  45|0x0000000082d00000, 0x0000000082d00000, 0x0000000082e00000|  0%| F|  |TAMS 0x0000000082d00000, 0x0000000082d00000| Untracked 
|  46|0x0000000082e00000, 0x0000000082e00000, 0x0000000082f00000|  0%| F|  |TAMS 0x0000000082e00000, 0x0000000082e00000| Untracked 
|  47|0x0000000082f00000, 0x0000000082f00000, 0x0000000083000000|  0%| F|  |TAMS 0x0000000082f00000, 0x0000000082f00000| Untracked 
|  48|0x0000000083000000, 0x0000000083000000, 0x0000000083100000|  0%| F|  |TAMS 0x0000000083000000, 0x0000000083000000| Untracked 
|  49|0x0000000083100000, 0x0000000083100000, 0x0000000083200000|  0%| F|  |TAMS 0x0000000083100000, 0x0000000083100000| Untracked 
|  50|0x0000000083200000, 0x0000000083200000, 0x0000000083300000|  0%| F|  |TAMS 0x0000000083200000, 0x0000000083200000| Untracked 
|  51|0x0000000083300000, 0x0000000083300000, 0x0000000083400000|  0%| F|  |TAMS 0x0000000083300000, 0x0000000083300000| Untracked 
|  52|0x0000000083400000, 0x0000000083400000, 0x0000000083500000|  0%| F|  |TAMS 0x0000000083400000, 0x0000000083400000| Untracked 
|  53|0x0000000083500000, 0x0000000083500000, 0x0000000083600000|  0%| F|  |TAMS 0x0000000083500000, 0x0000000083500000| Untracked 
|  54|0x0000000083600000, 0x0000000083600000, 0x0000000083700000|  0%| F|  |TAMS 0x0000000083600000, 0x0000000083600000| Untracked 
|  55|0x0000000083700000, 0x0000000083700000, 0x0000000083800000|  0%| F|  |TAMS 0x0000000083700000, 0x0000000083700000| Untracked 
|  56|0x0000000083800000, 0x0000000083800000, 0x0000000083900000|  0%| F|  |TAMS 0x0000000083800000, 0x0000000083800000| Untracked 
|  57|0x0000000083900000, 0x0000000083900000, 0x0000000083a00000|  0%| F|  |TAMS 0x0000000083900000, 0x0000000083900000| Untracked 
|  58|0x0000000083a00000, 0x0000000083a00000, 0x0000000083b00000|  0%| F|  |TAMS 0x0000000083a00000, 0x0000000083a00000| Untracked 
|  59|0x0000000083b00000, 0x0000000083b00000, 0x0000000083c00000|  0%| F|  |TAMS 0x0000000083b00000, 0x0000000083b00000| Untracked 
|  60|0x0000000083c00000, 0x0000000083c00000, 0x0000000083d00000|  0%| F|  |TAMS 0x0000000083c00000, 0x0000000083c00000| Untracked 
|  61|0x0000000083d00000, 0x0000000083d00000, 0x0000000083e00000|  0%| F|  |TAMS 0x0000000083d00000, 0x0000000083d00000| Untracked 
|  62|0x0000000083e00000, 0x0000000083e00000, 0x0000000083f00000|  0%| F|  |TAMS 0x0000000083e00000, 0x0000000083e00000| Untracked 
|  63|0x0000000083f00000, 0x0000000083f7b210, 0x0000000084000000| 48%| S|CS|TAMS 0x0000000083f00000, 0x0000000083f00000| Complete 
|  64|0x0000000084000000, 0x0000000084100000, 0x0000000084100000|100%| S|CS|TAMS 0x0000000084000000, 0x0000000084000000| Complete 
|  65|0x0000000084100000, 0x0000000084200000, 0x0000000084200000|100%| S|CS|TAMS 0x0000000084100000, 0x0000000084100000| Complete 
|  66|0x0000000084200000, 0x0000000084300000, 0x0000000084300000|100%| S|CS|TAMS 0x0000000084200000, 0x0000000084200000| Complete 
|  67|0x0000000084300000, 0x0000000084400000, 0x0000000084400000|100%| S|CS|TAMS 0x0000000084300000, 0x0000000084300000| Complete 
|  68|0x0000000084400000, 0x0000000084500000, 0x0000000084500000|100%| S|CS|TAMS 0x0000000084400000, 0x0000000084400000| Complete 
|  69|0x0000000084500000, 0x0000000084600000, 0x0000000084600000|100%| S|CS|TAMS 0x0000000084500000, 0x0000000084500000| Complete 
|  70|0x0000000084600000, 0x0000000084700000, 0x0000000084700000|100%| S|CS|TAMS 0x0000000084600000, 0x0000000084600000| Complete 
|  71|0x0000000084700000, 0x0000000084800000, 0x0000000084800000|100%| S|CS|TAMS 0x0000000084700000, 0x0000000084700000| Complete 
|  72|0x0000000084800000, 0x0000000084900000, 0x0000000084900000|100%| S|CS|TAMS 0x0000000084800000, 0x0000000084800000| Complete 
|  73|0x0000000084900000, 0x0000000084a00000, 0x0000000084a00000|100%| S|CS|TAMS 0x0000000084900000, 0x0000000084900000| Complete 
|  74|0x0000000084a00000, 0x0000000084b00000, 0x0000000084b00000|100%| S|CS|TAMS 0x0000000084a00000, 0x0000000084a00000| Complete 
|  75|0x0000000084b00000, 0x0000000084c00000, 0x0000000084c00000|100%| S|CS|TAMS 0x0000000084b00000, 0x0000000084b00000| Complete 
|  76|0x0000000084c00000, 0x0000000084d00000, 0x0000000084d00000|100%| S|CS|TAMS 0x0000000084c00000, 0x0000000084c00000| Complete 
|  77|0x0000000084d00000, 0x0000000084e00000, 0x0000000084e00000|100%| S|CS|TAMS 0x0000000084d00000, 0x0000000084d00000| Complete 
|  78|0x0000000084e00000, 0x0000000084e00000, 0x0000000084f00000|  0%| F|  |TAMS 0x0000000084e00000, 0x0000000084e00000| Untracked 
|  79|0x0000000084f00000, 0x0000000084f00000, 0x0000000085000000|  0%| F|  |TAMS 0x0000000084f00000, 0x0000000084f00000| Untracked 
|  80|0x0000000085000000, 0x0000000085000000, 0x0000000085100000|  0%| F|  |TAMS 0x0000000085000000, 0x0000000085000000| Untracked 
|  81|0x0000000085100000, 0x0000000085100000, 0x0000000085200000|  0%| F|  |TAMS 0x0000000085100000, 0x0000000085100000| Untracked 
|  82|0x0000000085200000, 0x0000000085200000, 0x0000000085300000|  0%| F|  |TAMS 0x0000000085200000, 0x0000000085200000| Untracked 
|  83|0x0000000085300000, 0x0000000085300000, 0x0000000085400000|  0%| F|  |TAMS 0x0000000085300000, 0x0000000085300000| Untracked 
|  84|0x0000000085400000, 0x0000000085400000, 0x0000000085500000|  0%| F|  |TAMS 0x0000000085400000, 0x0000000085400000| Untracked 
|  85|0x0000000085500000, 0x0000000085500000, 0x0000000085600000|  0%| F|  |TAMS 0x0000000085500000, 0x0000000085500000| Untracked 
|  86|0x0000000085600000, 0x0000000085600000, 0x0000000085700000|  0%| F|  |TAMS 0x0000000085600000, 0x0000000085600000| Untracked 
|  87|0x0000000085700000, 0x0000000085700000, 0x0000000085800000|  0%| F|  |TAMS 0x0000000085700000, 0x0000000085700000| Untracked 
|  88|0x0000000085800000, 0x0000000085800000, 0x0000000085900000|  0%| F|  |TAMS 0x0000000085800000, 0x0000000085800000| Untracked 
|  89|0x0000000085900000, 0x0000000085900000, 0x0000000085a00000|  0%| F|  |TAMS 0x0000000085900000, 0x0000000085900000| Untracked 
|  90|0x0000000085a00000, 0x0000000085a00000, 0x0000000085b00000|  0%| F|  |TAMS 0x0000000085a00000, 0x0000000085a00000| Untracked 
|  91|0x0000000085b00000, 0x0000000085b00000, 0x0000000085c00000|  0%| F|  |TAMS 0x0000000085b00000, 0x0000000085b00000| Untracked 
|  92|0x0000000085c00000, 0x0000000085c00000, 0x0000000085d00000|  0%| F|  |TAMS 0x0000000085c00000, 0x0000000085c00000| Untracked 
|  93|0x0000000085d00000, 0x0000000085d00000, 0x0000000085e00000|  0%| F|  |TAMS 0x0000000085d00000, 0x0000000085d00000| Untracked 
|  94|0x0000000085e00000, 0x0000000085e00000, 0x0000000085f00000|  0%| F|  |TAMS 0x0000000085e00000, 0x0000000085e00000| Untracked 
|  95|0x0000000085f00000, 0x0000000085f00000, 0x0000000086000000|  0%| F|  |TAMS 0x0000000085f00000, 0x0000000085f00000| Untracked 
|  96|0x0000000086000000, 0x0000000086000000, 0x0000000086100000|  0%| F|  |TAMS 0x0000000086000000, 0x0000000086000000| Untracked 
|  97|0x0000000086100000, 0x0000000086100000, 0x0000000086200000|  0%| F|  |TAMS 0x0000000086100000, 0x0000000086100000| Untracked 
|  98|0x0000000086200000, 0x0000000086200000, 0x0000000086300000|  0%| F|  |TAMS 0x0000000086200000, 0x0000000086200000| Untracked 
|  99|0x0000000086300000, 0x0000000086300000, 0x0000000086400000|  0%| F|  |TAMS 0x0000000086300000, 0x0000000086300000| Untracked 
| 100|0x0000000086400000, 0x0000000086400000, 0x0000000086500000|  0%| F|  |TAMS 0x0000000086400000, 0x0000000086400000| Untracked 
| 101|0x0000000086500000, 0x0000000086500000, 0x0000000086600000|  0%| F|  |TAMS 0x0000000086500000, 0x0000000086500000| Untracked 
| 102|0x0000000086600000, 0x0000000086600000, 0x0000000086700000|  0%| F|  |TAMS 0x0000000086600000, 0x0000000086600000| Untracked 
| 103|0x0000000086700000, 0x0000000086700000, 0x0000000086800000|  0%| F|  |TAMS 0x0000000086700000, 0x0000000086700000| Untracked 
| 104|0x0000000086800000, 0x0000000086800000, 0x0000000086900000|  0%| F|  |TAMS 0x0000000086800000, 0x0000000086800000| Untracked 
| 105|0x0000000086900000, 0x0000000086900000, 0x0000000086a00000|  0%| F|  |TAMS 0x0000000086900000, 0x0000000086900000| Untracked 
| 106|0x0000000086a00000, 0x0000000086a00000, 0x0000000086b00000|  0%| F|  |TAMS 0x0000000086a00000, 0x0000000086a00000| Untracked 
| 107|0x0000000086b00000, 0x0000000086b00000, 0x0000000086c00000|  0%| F|  |TAMS 0x0000000086b00000, 0x0000000086b00000| Untracked 
| 108|0x0000000086c00000, 0x0000000086c00000, 0x0000000086d00000|  0%| F|  |TAMS 0x0000000086c00000, 0x0000000086c00000| Untracked 
| 109|0x0000000086d00000, 0x0000000086d00000, 0x0000000086e00000|  0%| F|  |TAMS 0x0000000086d00000, 0x0000000086d00000| Untracked 
| 110|0x0000000086e00000, 0x0000000086e00000, 0x0000000086f00000|  0%| F|  |TAMS 0x0000000086e00000, 0x0000000086e00000| Untracked 
| 111|0x0000000086f00000, 0x0000000086f00000, 0x0000000087000000|  0%| F|  |TAMS 0x0000000086f00000, 0x0000000086f00000| Untracked 
| 112|0x0000000087000000, 0x0000000087000000, 0x0000000087100000|  0%| F|  |TAMS 0x0000000087000000, 0x0000000087000000| Untracked 
| 113|0x0000000087100000, 0x0000000087100000, 0x0000000087200000|  0%| F|  |TAMS 0x0000000087100000, 0x0000000087100000| Untracked 
| 114|0x0000000087200000, 0x0000000087200000, 0x0000000087300000|  0%| F|  |TAMS 0x0000000087200000, 0x0000000087200000| Untracked 
| 115|0x0000000087300000, 0x0000000087300000, 0x0000000087400000|  0%| F|  |TAMS 0x0000000087300000, 0x0000000087300000| Untracked 
| 116|0x0000000087400000, 0x0000000087400000, 0x0000000087500000|  0%| F|  |TAMS 0x0000000087400000, 0x0000000087400000| Untracked 
| 117|0x0000000087500000, 0x0000000087500000, 0x0000000087600000|  0%| F|  |TAMS 0x0000000087500000, 0x0000000087500000| Untracked 
| 118|0x0000000087600000, 0x0000000087600000, 0x0000000087700000|  0%| F|  |TAMS 0x0000000087600000, 0x0000000087600000| Untracked 
| 119|0x0000000087700000, 0x0000000087700000, 0x0000000087800000|  0%| F|  |TAMS 0x0000000087700000, 0x0000000087700000| Untracked 
| 120|0x0000000087800000, 0x0000000087800000, 0x0000000087900000|  0%| F|  |TAMS 0x0000000087800000, 0x0000000087800000| Untracked 
| 121|0x0000000087900000, 0x0000000087900000, 0x0000000087a00000|  0%| F|  |TAMS 0x0000000087900000, 0x0000000087900000| Untracked 
| 122|0x0000000087a00000, 0x0000000087a00000, 0x0000000087b00000|  0%| F|  |TAMS 0x0000000087a00000, 0x0000000087a00000| Untracked 
| 123|0x0000000087b00000, 0x0000000087b00000, 0x0000000087c00000|  0%| F|  |TAMS 0x0000000087b00000, 0x0000000087b00000| Untracked 
| 124|0x0000000087c00000, 0x0000000087c00000, 0x0000000087d00000|  0%| F|  |TAMS 0x0000000087c00000, 0x0000000087c00000| Untracked 
| 125|0x0000000087d00000, 0x0000000087d00000, 0x0000000087e00000|  0%| F|  |TAMS 0x0000000087d00000, 0x0000000087d00000| Untracked 
| 126|0x0000000087e00000, 0x0000000087e00000, 0x0000000087f00000|  0%| F|  |TAMS 0x0000000087e00000, 0x0000000087e00000| Untracked 
| 127|0x0000000087f00000, 0x0000000087f00000, 0x0000000088000000|  0%| F|  |TAMS 0x0000000087f00000, 0x0000000087f00000| Untracked 
| 128|0x0000000088000000, 0x0000000088000000, 0x0000000088100000|  0%| F|  |TAMS 0x0000000088000000, 0x0000000088000000| Untracked 
| 129|0x0000000088100000, 0x0000000088100000, 0x0000000088200000|  0%| F|  |TAMS 0x0000000088100000, 0x0000000088100000| Untracked 
| 130|0x0000000088200000, 0x0000000088200000, 0x0000000088300000|  0%| F|  |TAMS 0x0000000088200000, 0x0000000088200000| Untracked 
| 131|0x0000000088300000, 0x0000000088300000, 0x0000000088400000|  0%| F|  |TAMS 0x0000000088300000, 0x0000000088300000| Untracked 
| 132|0x0000000088400000, 0x0000000088400000, 0x0000000088500000|  0%| F|  |TAMS 0x0000000088400000, 0x0000000088400000| Untracked 
| 133|0x0000000088500000, 0x0000000088500000, 0x0000000088600000|  0%| F|  |TAMS 0x0000000088500000, 0x0000000088500000| Untracked 
| 134|0x0000000088600000, 0x0000000088600000, 0x0000000088700000|  0%| F|  |TAMS 0x0000000088600000, 0x0000000088600000| Untracked 
| 135|0x0000000088700000, 0x0000000088700000, 0x0000000088800000|  0%| F|  |TAMS 0x0000000088700000, 0x0000000088700000| Untracked 
| 136|0x0000000088800000, 0x0000000088800000, 0x0000000088900000|  0%| F|  |TAMS 0x0000000088800000, 0x0000000088800000| Untracked 
| 137|0x0000000088900000, 0x0000000088900000, 0x0000000088a00000|  0%| F|  |TAMS 0x0000000088900000, 0x0000000088900000| Untracked 
| 138|0x0000000088a00000, 0x0000000088a00000, 0x0000000088b00000|  0%| F|  |TAMS 0x0000000088a00000, 0x0000000088a00000| Untracked 
| 139|0x0000000088b00000, 0x0000000088b00000, 0x0000000088c00000|  0%| F|  |TAMS 0x0000000088b00000, 0x0000000088b00000| Untracked 
| 140|0x0000000088c00000, 0x0000000088c00000, 0x0000000088d00000|  0%| F|  |TAMS 0x0000000088c00000, 0x0000000088c00000| Untracked 
| 141|0x0000000088d00000, 0x0000000088d00000, 0x0000000088e00000|  0%| F|  |TAMS 0x0000000088d00000, 0x0000000088d00000| Untracked 
| 142|0x0000000088e00000, 0x0000000088e00000, 0x0000000088f00000|  0%| F|  |TAMS 0x0000000088e00000, 0x0000000088e00000| Untracked 
| 143|0x0000000088f00000, 0x0000000088f00000, 0x0000000089000000|  0%| F|  |TAMS 0x0000000088f00000, 0x0000000088f00000| Untracked 
| 144|0x0000000089000000, 0x0000000089000000, 0x0000000089100000|  0%| F|  |TAMS 0x0000000089000000, 0x0000000089000000| Untracked 
| 145|0x0000000089100000, 0x0000000089100000, 0x0000000089200000|  0%| F|  |TAMS 0x0000000089100000, 0x0000000089100000| Untracked 
| 146|0x0000000089200000, 0x0000000089200000, 0x0000000089300000|  0%| F|  |TAMS 0x0000000089200000, 0x0000000089200000| Untracked 
| 147|0x0000000089300000, 0x0000000089300000, 0x0000000089400000|  0%| F|  |TAMS 0x0000000089300000, 0x0000000089300000| Untracked 
| 148|0x0000000089400000, 0x0000000089400000, 0x0000000089500000|  0%| F|  |TAMS 0x0000000089400000, 0x0000000089400000| Untracked 
| 149|0x0000000089500000, 0x0000000089500000, 0x0000000089600000|  0%| F|  |TAMS 0x0000000089500000, 0x0000000089500000| Untracked 
| 150|0x0000000089600000, 0x0000000089600000, 0x0000000089700000|  0%| F|  |TAMS 0x0000000089600000, 0x0000000089600000| Untracked 
| 151|0x0000000089700000, 0x0000000089700000, 0x0000000089800000|  0%| F|  |TAMS 0x0000000089700000, 0x0000000089700000| Untracked 
| 152|0x0000000089800000, 0x0000000089800000, 0x0000000089900000|  0%| F|  |TAMS 0x0000000089800000, 0x0000000089800000| Untracked 
| 153|0x0000000089900000, 0x0000000089900000, 0x0000000089a00000|  0%| F|  |TAMS 0x0000000089900000, 0x0000000089900000| Untracked 
| 154|0x0000000089a00000, 0x0000000089a00000, 0x0000000089b00000|  0%| F|  |TAMS 0x0000000089a00000, 0x0000000089a00000| Untracked 
| 155|0x0000000089b00000, 0x0000000089b00000, 0x0000000089c00000|  0%| F|  |TAMS 0x0000000089b00000, 0x0000000089b00000| Untracked 
| 156|0x0000000089c00000, 0x0000000089c00000, 0x0000000089d00000|  0%| F|  |TAMS 0x0000000089c00000, 0x0000000089c00000| Untracked 
| 157|0x0000000089d00000, 0x0000000089d00000, 0x0000000089e00000|  0%| F|  |TAMS 0x0000000089d00000, 0x0000000089d00000| Untracked 
| 158|0x0000000089e00000, 0x0000000089e00000, 0x0000000089f00000|  0%| F|  |TAMS 0x0000000089e00000, 0x0000000089e00000| Untracked 
| 159|0x0000000089f00000, 0x0000000089f00000, 0x000000008a000000|  0%| F|  |TAMS 0x0000000089f00000, 0x0000000089f00000| Untracked 
| 160|0x000000008a000000, 0x000000008a000000, 0x000000008a100000|  0%| F|  |TAMS 0x000000008a000000, 0x000000008a000000| Untracked 
| 161|0x000000008a100000, 0x000000008a100000, 0x000000008a200000|  0%| F|  |TAMS 0x000000008a100000, 0x000000008a100000| Untracked 
| 162|0x000000008a200000, 0x000000008a200000, 0x000000008a300000|  0%| F|  |TAMS 0x000000008a200000, 0x000000008a200000| Untracked 
| 163|0x000000008a300000, 0x000000008a300000, 0x000000008a400000|  0%| F|  |TAMS 0x000000008a300000, 0x000000008a300000| Untracked 
| 164|0x000000008a400000, 0x000000008a400000, 0x000000008a500000|  0%| F|  |TAMS 0x000000008a400000, 0x000000008a400000| Untracked 
| 165|0x000000008a500000, 0x000000008a500000, 0x000000008a600000|  0%| F|  |TAMS 0x000000008a500000, 0x000000008a500000| Untracked 
| 166|0x000000008a600000, 0x000000008a600000, 0x000000008a700000|  0%| F|  |TAMS 0x000000008a600000, 0x000000008a600000| Untracked 
| 167|0x000000008a700000, 0x000000008a700000, 0x000000008a800000|  0%| F|  |TAMS 0x000000008a700000, 0x000000008a700000| Untracked 
| 168|0x000000008a800000, 0x000000008a800000, 0x000000008a900000|  0%| F|  |TAMS 0x000000008a800000, 0x000000008a800000| Untracked 
| 169|0x000000008a900000, 0x000000008a900000, 0x000000008aa00000|  0%| F|  |TAMS 0x000000008a900000, 0x000000008a900000| Untracked 
| 170|0x000000008aa00000, 0x000000008aa00000, 0x000000008ab00000|  0%| F|  |TAMS 0x000000008aa00000, 0x000000008aa00000| Untracked 
| 171|0x000000008ab00000, 0x000000008ab00000, 0x000000008ac00000|  0%| F|  |TAMS 0x000000008ab00000, 0x000000008ab00000| Untracked 
| 172|0x000000008ac00000, 0x000000008ac00000, 0x000000008ad00000|  0%| F|  |TAMS 0x000000008ac00000, 0x000000008ac00000| Untracked 
| 173|0x000000008ad00000, 0x000000008ad00000, 0x000000008ae00000|  0%| F|  |TAMS 0x000000008ad00000, 0x000000008ad00000| Untracked 
| 174|0x000000008ae00000, 0x000000008ae00000, 0x000000008af00000|  0%| F|  |TAMS 0x000000008ae00000, 0x000000008ae00000| Untracked 
| 175|0x000000008af00000, 0x000000008af00000, 0x000000008b000000|  0%| F|  |TAMS 0x000000008af00000, 0x000000008af00000| Untracked 
| 176|0x000000008b000000, 0x000000008b000000, 0x000000008b100000|  0%| F|  |TAMS 0x000000008b000000, 0x000000008b000000| Untracked 
| 177|0x000000008b100000, 0x000000008b180800, 0x000000008b200000| 50%| E|  |TAMS 0x000000008b100000, 0x000000008b100000| Complete 
| 178|0x000000008b200000, 0x000000008b300000, 0x000000008b300000|100%| E|CS|TAMS 0x000000008b200000, 0x000000008b200000| Complete 
| 179|0x000000008b300000, 0x000000008b400000, 0x000000008b400000|100%| E|CS|TAMS 0x000000008b300000, 0x000000008b300000| Complete 
| 180|0x000000008b400000, 0x000000008b500000, 0x000000008b500000|100%| E|CS|TAMS 0x000000008b400000, 0x000000008b400000| Complete 
| 181|0x000000008b500000, 0x000000008b600000, 0x000000008b600000|100%| E|CS|TAMS 0x000000008b500000, 0x000000008b500000| Complete 
| 182|0x000000008b600000, 0x000000008b700000, 0x000000008b700000|100%| E|CS|TAMS 0x000000008b600000, 0x000000008b600000| Complete 
| 183|0x000000008b700000, 0x000000008b800000, 0x000000008b800000|100%| E|CS|TAMS 0x000000008b700000, 0x000000008b700000| Complete 
| 184|0x000000008b800000, 0x000000008b900000, 0x000000008b900000|100%| E|CS|TAMS 0x000000008b800000, 0x000000008b800000| Complete 
| 185|0x000000008b900000, 0x000000008ba00000, 0x000000008ba00000|100%| E|CS|TAMS 0x000000008b900000, 0x000000008b900000| Complete 
| 186|0x000000008ba00000, 0x000000008bb00000, 0x000000008bb00000|100%| E|CS|TAMS 0x000000008ba00000, 0x000000008ba00000| Complete 
| 187|0x000000008bb00000, 0x000000008bc00000, 0x000000008bc00000|100%| E|CS|TAMS 0x000000008bb00000, 0x000000008bb00000| Complete 
| 188|0x000000008bc00000, 0x000000008bd00000, 0x000000008bd00000|100%| E|CS|TAMS 0x000000008bc00000, 0x000000008bc00000| Complete 
| 189|0x000000008bd00000, 0x000000008be00000, 0x000000008be00000|100%| E|CS|TAMS 0x000000008bd00000, 0x000000008bd00000| Complete 
| 190|0x000000008be00000, 0x000000008bf00000, 0x000000008bf00000|100%| E|CS|TAMS 0x000000008be00000, 0x000000008be00000| Complete 
| 191|0x000000008bf00000, 0x000000008c000000, 0x000000008c000000|100%| E|CS|TAMS 0x000000008bf00000, 0x000000008bf00000| Complete 

Card table byte_map: [0x00000245f3c60000,0x00000245f4060000] _byte_map_base: 0x00000245f3860000

Marking Bits (Prev, Next): (CMBitMap*) 0x00000245e08fc2c8, (CMBitMap*) 0x00000245e08fc300
 Prev Bits: [0x00000245f4460000, 0x00000245f6460000)
 Next Bits: [0x00000245f6460000, 0x00000245f8460000)

Polling page: 0x00000245deef0000

Metaspace:

Usage:
  Non-class:     47.61 MB capacity,    46.78 MB ( 98%) used,   734.56 KB (  2%) free+waste,   123.81 KB ( <1%) overhead. 
      Class:      7.33 MB capacity,     6.81 MB ( 93%) used,   475.67 KB (  6%) free+waste,    59.25 KB ( <1%) overhead. 
       Both:     54.95 MB capacity,    53.59 MB ( 98%) used,     1.18 MB (  2%) free+waste,   183.06 KB ( <1%) overhead. 

Virtual space:
  Non-class space:       48.00 MB reserved,      47.75 MB (>99%) committed 
      Class space:        1.00 GB reserved,       7.38 MB ( <1%) committed 
             Both:        1.05 GB reserved,      55.13 MB (  5%) committed 

Chunk freelists:
   Non-Class:  11.00 KB
       Class:  9.00 KB
        Both:  20.00 KB

MaxMetaspaceSize: 17179869184.00 GB
CompressedClassSpaceSize: 1.00 GB

CodeHeap 'non-profiled nmethods': size=120064Kb used=2577Kb max_used=2577Kb free=117486Kb
 bounds [0x00000245ebd00000, 0x00000245ebf90000, 0x00000245f3240000]
CodeHeap 'profiled nmethods': size=120000Kb used=10344Kb max_used=10344Kb free=109655Kb
 bounds [0x00000245e47d0000, 0x00000245e51f0000, 0x00000245ebd00000]
CodeHeap 'non-nmethods': size=5696Kb used=2219Kb max_used=2252Kb free=3477Kb
 bounds [0x00000245e4240000, 0x00000245e44b0000, 0x00000245e47d0000]
 total_blobs=5679 nmethods=4884 adapters=706
 compilation: enabled
              stopped_count=0, restarted_count=0
 full_count=0

Compilation events (20 events):
Event: 17.924 Thread 0x00000245faaad800 5098       3       javax.management.ImmutableDescriptor::getFieldValue (87 bytes)
Event: 17.925 Thread 0x00000245faaad800 nmethod 5098 0x00000245e51de710 code [0x00000245e51de9e0, 0x00000245e51df5d8]
Event: 17.925 Thread 0x00000245faaad800 5099       3       javax.management.ImmutableDescriptor::checkIllegalFieldName (19 bytes)
Event: 17.926 Thread 0x00000245faaad800 nmethod 5099 0x00000245e51dfa90 code [0x00000245e51dfc80, 0x00000245e51dffa8]
Event: 17.926 Thread 0x00000245faaad800 5100       3       sun.reflect.annotation.AnnotationParser::toArray (18 bytes)
Event: 17.926 Thread 0x00000245faaad800 nmethod 5100 0x00000245e51e0110 code [0x00000245e51e02e0, 0x00000245e51e0638]
Event: 17.929 Thread 0x00000245faaad800 5101       3       java.util.TreeMap::navigableKeySet (27 bytes)
Event: 17.929 Thread 0x00000245faaad800 nmethod 5101 0x00000245e51e0710 code [0x00000245e51e08e0, 0x00000245e51e0cb8]
Event: 17.930 Thread 0x00000245faaad800 5102       1       javax.management.MBeanFeatureInfo::getName (5 bytes)
Event: 17.930 Thread 0x00000245faaad800 nmethod 5102 0x00000245ebf80210 code [0x00000245ebf803c0, 0x00000245ebf80478]
Event: 17.930 Thread 0x00000245faaad800 5104       3       java.util.LinkedHashMap::entrySet (27 bytes)
Event: 17.931 Thread 0x00000245faaad800 nmethod 5104 0x00000245e51e0e10 code [0x00000245e51e0fe0, 0x00000245e51e13b8]
Event: 17.931 Thread 0x00000245faaad800 5105       3       java.util.LinkedHashMap$LinkedEntrySet::iterator (12 bytes)
Event: 17.931 Thread 0x00000245faaad800 nmethod 5105 0x00000245e51e1510 code [0x00000245e51e16e0, 0x00000245e51e1a78]
Event: 17.931 Thread 0x00000245faaad800 5106       1       java.util.logging.Level::intValue (5 bytes)
Event: 17.931 Thread 0x00000245faaad800 nmethod 5106 0x00000245ebf80510 code [0x00000245ebf806c0, 0x00000245ebf80778]
Event: 17.942 Thread 0x00000245faaad800 5107       3       java.util.TreeMap::getEntryUsingComparator (74 bytes)
Event: 17.942 Thread 0x00000245faaad800 nmethod 5107 0x00000245e51e1b90 code [0x00000245e51e1d60, 0x00000245e51e2108]
Event: 17.942 Thread 0x00000245faaa8800 nmethod 5077 0x00000245ebf80810 code [0x00000245ebf80a00, 0x00000245ebf816c8]
Event: 17.942 Thread 0x00000245faaa8800 5103       4       java.lang.reflect.Method::getGenericReturnType (20 bytes)

GC Heap History (18 events):
Event: 1.038 GC heap before
{Heap before GC invocations=0 (full 0):
 garbage-first heap   total 196608K, used 19456K [0x0000000080000000, 0x0000000100000000)
  region size 1024K, 14 young (14336K), 0 survivors (0K)
 Metaspace       used 7412K, capacity 7567K, committed 7680K, reserved 1056768K
  class space    used 669K, capacity 716K, committed 768K, reserved 1048576K
}
Event: 1.071 GC heap after
{Heap after GC invocations=1 (full 0):
 garbage-first heap   total 196608K, used 7953K [0x0000000080000000, 0x0000000100000000)
  region size 1024K, 2 young (2048K), 2 survivors (2048K)
 Metaspace       used 7412K, capacity 7567K, committed 7680K, reserved 1056768K
  class space    used 669K, capacity 716K, committed 768K, reserved 1048576K
}
Event: 1.687 GC heap before
{Heap before GC invocations=1 (full 0):
 garbage-first heap   total 196608K, used 19217K [0x0000000080000000, 0x0000000100000000)
  region size 1024K, 13 young (13312K), 2 survivors (2048K)
 Metaspace       used 10437K, capacity 10689K, committed 11008K, reserved 1058816K
  class space    used 1093K, capacity 1163K, committed 1280K, reserved 1048576K
}
Event: 1.690 GC heap after
{Heap after GC invocations=2 (full 0):
 garbage-first heap   total 196608K, used 8698K [0x0000000080000000, 0x0000000100000000)
  region size 1024K, 1 young (1024K), 1 survivors (1024K)
 Metaspace       used 10437K, capacity 10689K, committed 11008K, reserved 1058816K
  class space    used 1093K, capacity 1163K, committed 1280K, reserved 1048576K
}
Event: 2.377 GC heap before
{Heap before GC invocations=2 (full 0):
 garbage-first heap   total 196608K, used 38394K [0x0000000080000000, 0x0000000100000000)
  region size 1024K, 31 young (31744K), 1 survivors (1024K)
 Metaspace       used 10676K, capacity 10885K, committed 11008K, reserved 1058816K
  class space    used 1104K, capacity 1164K, committed 1280K, reserved 1048576K
}
Event: 2.382 GC heap after
{Heap after GC invocations=3 (full 0):
 garbage-first heap   total 196608K, used 13312K [0x0000000080000000, 0x0000000100000000)
  region size 1024K, 4 young (4096K), 4 survivors (4096K)
 Metaspace       used 10676K, capacity 10885K, committed 11008K, reserved 1058816K
  class space    used 1104K, capacity 1164K, committed 1280K, reserved 1048576K
}
Event: 5.110 GC heap before
{Heap before GC invocations=3 (full 0):
 garbage-first heap   total 196608K, used 57344K [0x0000000080000000, 0x0000000100000000)
  region size 1024K, 47 young (48128K), 4 survivors (4096K)
 Metaspace       used 18970K, capacity 19388K, committed 19712K, reserved 1067008K
  class space    used 2289K, capacity 2456K, committed 2560K, reserved 1048576K
}
Event: 5.119 GC heap after
{Heap after GC invocations=4 (full 0):
 garbage-first heap   total 196608K, used 16126K [0x0000000080000000, 0x0000000100000000)
  region size 1024K, 3 young (3072K), 3 survivors (3072K)
 Metaspace       used 18970K, capacity 19388K, committed 19712K, reserved 1067008K
  class space    used 2289K, capacity 2456K, committed 2560K, reserved 1048576K
}
Event: 5.493 GC heap before
{Heap before GC invocations=4 (full 0):
 garbage-first heap   total 196608K, used 27390K [0x0000000080000000, 0x0000000100000000)
  region size 1024K, 15 young (15360K), 3 survivors (3072K)
 Metaspace       used 20602K, capacity 21093K, committed 21248K, reserved 1067008K
  class space    used 2519K, capacity 2710K, committed 2816K, reserved 1048576K
}
Event: 5.501 GC heap after
{Heap after GC invocations=5 (full 0):
 garbage-first heap   total 196608K, used 16560K [0x0000000080000000, 0x0000000100000000)
  region size 1024K, 4 young (4096K), 4 survivors (4096K)
 Metaspace       used 20602K, capacity 21093K, committed 21248K, reserved 1067008K
  class space    used 2519K, capacity 2710K, committed 2816K, reserved 1048576K
}
Event: 6.959 GC heap before
{Heap before GC invocations=6 (full 0):
 garbage-first heap   total 196608K, used 71856K [0x0000000080000000, 0x0000000100000000)
  region size 1024K, 58 young (59392K), 4 survivors (4096K)
 Metaspace       used 26660K, capacity 27225K, committed 27392K, reserved 1073152K
  class space    used 3493K, capacity 3716K, committed 3840K, reserved 1048576K
}
Event: 6.968 GC heap after
{Heap after GC invocations=7 (full 0):
 garbage-first heap   total 196608K, used 18548K [0x0000000080000000, 0x0000000100000000)
  region size 1024K, 6 young (6144K), 6 survivors (6144K)
 Metaspace       used 26660K, capacity 27225K, committed 27392K, reserved 1073152K
  class space    used 3493K, capacity 3716K, committed 3840K, reserved 1048576K
}
Event: 8.812 GC heap before
{Heap before GC invocations=7 (full 0):
 garbage-first heap   total 196608K, used 61556K [0x0000000080000000, 0x0000000100000000)
  region size 1024K, 50 young (51200K), 6 survivors (6144K)
 Metaspace       used 35114K, capacity 35789K, committed 35840K, reserved 1081344K
  class space    used 4561K, capacity 4824K, committed 4864K, reserved 1048576K
}
Event: 8.827 GC heap after
{Heap after GC invocations=8 (full 0):
 garbage-first heap   total 196608K, used 22043K [0x0000000080000000, 0x0000000100000000)
  region size 1024K, 9 young (9216K), 9 survivors (9216K)
 Metaspace       used 35114K, capacity 35789K, committed 35840K, reserved 1081344K
  class space    used 4561K, capacity 4824K, committed 4864K, reserved 1048576K
}
Event: 13.772 GC heap before
{Heap before GC invocations=9 (full 0):
 garbage-first heap   total 196608K, used 121371K [0x0000000080000000, 0x0000000100000000)
  region size 1024K, 103 young (105472K), 9 survivors (9216K)
 Metaspace       used 43828K, capacity 44837K, committed 44928K, reserved 1087488K
  class space    used 5603K, capacity 5983K, committed 6016K, reserved 1048576K
}
Event: 13.792 GC heap after
{Heap after GC invocations=10 (full 0):
 garbage-first heap   total 196608K, used 27100K [0x0000000080000000, 0x0000000100000000)
  region size 1024K, 11 young (11264K), 11 survivors (11264K)
 Metaspace       used 43828K, capacity 44837K, committed 44928K, reserved 1087488K
  class space    used 5603K, capacity 5983K, committed 6016K, reserved 1048576K
}
Event: 17.240 GC heap before
{Heap before GC invocations=10 (full 0):
 garbage-first heap   total 196608K, used 135644K [0x0000000080000000, 0x0000000100000000)
  region size 1024K, 114 young (116736K), 11 survivors (11264K)
 Metaspace       used 52397K, capacity 53690K, committed 53760K, reserved 1095680K
  class space    used 6645K, capacity 7125K, committed 7168K, reserved 1048576K
}
Event: 17.264 GC heap after
{Heap after GC invocations=11 (full 0):
 garbage-first heap   total 196608K, used 39225K [0x0000000080000000, 0x0000000100000000)
  region size 1024K, 15 young (15360K), 15 survivors (15360K)
 Metaspace       used 52397K, capacity 53690K, committed 53760K, reserved 1095680K
  class space    used 6645K, capacity 7125K, committed 7168K, reserved 1048576K
}

Deoptimization events (20 events):
Event: 16.454 Thread 0x00000245fd28d800 Uncommon trap: trap_request=0xffffff4d fr.pc=0x00000245ebe7362c relative=0x00000000000010cc
Event: 16.454 Thread 0x00000245fd28d800 Uncommon trap: reason=unstable_if action=reinterpret pc=0x00000245ebe7362c method=java.util.zip.ZipFile$ZipFileInflaterInputStream.close()V @ 4 c2
Event: 16.454 Thread 0x00000245fd28d800 DEOPT PACKING pc=0x00000245ebe7362c sp=0x0000004ea20f5470
Event: 16.454 Thread 0x00000245fd28d800 DEOPT UNPACKING pc=0x00000245e42674af sp=0x0000004ea20f5470 mode 2
Event: 16.820 Thread 0x00000245fd28d800 DEOPT PACKING pc=0x00000245e50fd663 sp=0x0000004ea20f6540
Event: 16.820 Thread 0x00000245fd28d800 DEOPT UNPACKING pc=0x00000245e42672ce sp=0x0000004ea20f59f0 mode 0
Event: 16.820 Thread 0x00000245fd28d800 DEOPT PACKING pc=0x00000245e50fd663 sp=0x0000004ea20f6540
Event: 16.820 Thread 0x00000245fd28d800 DEOPT UNPACKING pc=0x00000245e42672ce sp=0x0000004ea20f59f0 mode 0
Event: 17.071 Thread 0x00000245fd28d800 Uncommon trap: trap_request=0xffffffc6 fr.pc=0x00000245ebe69850 relative=0x0000000000003a10
Event: 17.071 Thread 0x00000245fd28d800 Uncommon trap: reason=bimorphic_or_optimized_type_check action=maybe_recompile pc=0x00000245ebe69850 method=java.util.AbstractCollection.addAll(Ljava/util/Collection;)Z @ 29 c2
Event: 17.071 Thread 0x00000245fd28d800 DEOPT PACKING pc=0x00000245ebe69850 sp=0x0000004ea20f8780
Event: 17.071 Thread 0x00000245fd28d800 DEOPT UNPACKING pc=0x00000245e42674af sp=0x0000004ea20f8780 mode 2
Event: 17.470 Thread 0x00000245fd28d800 Uncommon trap: trap_request=0xffffff4d fr.pc=0x00000245ebe53458 relative=0x0000000000000398
Event: 17.470 Thread 0x00000245fd28d800 Uncommon trap: reason=unstable_if action=reinterpret pc=0x00000245ebe53458 method=java.lang.String.equalsIgnoreCase(Ljava/lang/String;)Z @ 36 c2
Event: 17.470 Thread 0x00000245fd28d800 DEOPT PACKING pc=0x00000245ebe53458 sp=0x0000004ea20f7b80
Event: 17.470 Thread 0x00000245fd28d800 DEOPT UNPACKING pc=0x00000245e42674af sp=0x0000004ea20f7b40 mode 2
Event: 17.855 Thread 0x00000245fd28d800 Uncommon trap: trap_request=0xffffff7e fr.pc=0x00000245ebeade8c relative=0x00000000000001ac
Event: 17.855 Thread 0x00000245fd28d800 Uncommon trap: reason=predicate action=maybe_recompile pc=0x00000245ebeade8c method=java.util.Arrays.binarySearch0([Ljava/lang/Object;IILjava/lang/Object;Ljava/util/Comparator;)I @ 25 c2
Event: 17.855 Thread 0x00000245fd28d800 DEOPT PACKING pc=0x00000245ebeade8c sp=0x0000004ea20f3760
Event: 17.855 Thread 0x00000245fd28d800 DEOPT UNPACKING pc=0x00000245e42674af sp=0x0000004ea20f36c8 mode 2

Classes redefined (0 events):
No events

Internal exceptions (20 events):
Event: 15.003 Thread 0x00000245fce9e000 Exception <a 'java/lang/NoSuchMethodError'{0x000000008bfab468}: <clinit>> (0x000000008bfab468) thrown at [./src/hotspot/share/prims/jni.cpp, line 1362]
Event: 15.004 Thread 0x00000245fce9e000 Exception <a 'java/lang/NoSuchMethodError'{0x000000008bfb5010}: <clinit>> (0x000000008bfb5010) thrown at [./src/hotspot/share/prims/jni.cpp, line 1362]
Event: 15.006 Thread 0x00000245fce9e000 Exception <a 'java/lang/NoSuchMethodError'{0x0000000088a07530}: <clinit>> (0x0000000088a07530) thrown at [./src/hotspot/share/prims/jni.cpp, line 1362]
Event: 15.011 Thread 0x00000245fce9e000 Exception <a 'java/lang/NoSuchMethodError'{0x0000000088a1ad60}: <clinit>> (0x0000000088a1ad60) thrown at [./src/hotspot/share/prims/jni.cpp, line 1362]
Event: 15.049 Thread 0x00000245fd28d800 Exception <a 'java/lang/ClassNotFoundException'{0x0000000088bf4118}: build_b68ouay9irzb2qkc7yi43hix1BeanInfo> (0x0000000088bf4118) thrown at [./src/hotspot/share/classfile/systemDictionary.cpp, line 231]
Event: 15.050 Thread 0x00000245fd28d800 Exception <a 'java/lang/ClassNotFoundException'{0x0000000088bfcf20}: build_b68ouay9irzb2qkc7yi43hix1Customizer> (0x0000000088bfcf20) thrown at [./src/hotspot/share/classfile/systemDictionary.cpp, line 231]
Event: 15.059 Thread 0x00000245fd28d800 Exception <a 'java/lang/ClassNotFoundException'{0x0000000088aa4898}: org/gradle/plugin/use/internal/PluginRequestCollector$PluginDependenciesSpecImplBeanInfo> (0x0000000088aa4898) thrown at [./src/hotspot/share/classfile/systemDictionary.cpp, line 231]
Event: 15.060 Thread 0x00000245fd28d800 Exception <a 'java/lang/ClassNotFoundException'{0x0000000088aca890}: org/gradle/plugin/use/internal/PluginRequestCollector$PluginDependenciesSpecImplCustomizer> (0x0000000088aca890) thrown at [./src/hotspot/share/classfile/systemDictionary.cpp, line 231]
Event: 15.083 Thread 0x00000245fd28d800 Exception <a 'java/lang/NoSuchMethodError'{0x0000000088941368}: 'void java.lang.invoke.DirectMethodHandle$Holder.invokeInterface(java.lang.Object, java.lang.Object)'> (0x0000000088941368) thrown at [./src/hotspot/share/interpreter/linkResolver.cpp, line 773]
Event: 15.236 Thread 0x00000245fd28d800 Exception <a 'java/lang/ClassNotFoundException'{0x0000000088745d98}: org/gradle/api/internal/plugins/DefaultObjectConfigurationActionBeanInfo> (0x0000000088745d98) thrown at [./src/hotspot/share/classfile/systemDictionary.cpp, line 231]
Event: 15.304 Thread 0x00000245fd28d800 Exception <a 'java/lang/ClassNotFoundException'{0x0000000088771d68}: org/gradle/api/internal/plugins/DefaultObjectConfigurationActionCustomizer> (0x0000000088771d68) thrown at [./src/hotspot/share/classfile/systemDictionary.cpp, line 231]
Event: 15.686 Thread 0x00000245fd28d800 Exception <a 'java/lang/NoSuchMethodError'{0x0000000087e4a9f0}: 'java.lang.Object java.lang.invoke.DirectMethodHandle$Holder.invokeStatic(java.lang.Object, java.lang.Object, java.lang.Object, java.lang.Object, int)'> (0x0000000087e4a9f0) thrown at [./src/hotspot/share/interpreter/linkResolver.cpp, line 773]
Event: 15.687 Thread 0x00000245fd28d800 Exception <a 'java/lang/NoSuchMethodError'{0x0000000087e4f3e8}: 'java.lang.Object java.lang.invoke.DirectMethodHandle$Holder.invokeSpecial(java.lang.Object, java.lang.Object, java.lang.Object, java.lang.Object, java.lang.Object, int)'> (0x0000000087e4f3e8) thrown at [./src/hotspot/share/interpreter/linkResolver.cpp, line 773]
Event: 15.687 Thread 0x00000245fd28d800 Exception <a 'java/lang/NoSuchMethodError'{0x0000000087e53a28}: 'java.lang.Object java.lang.invoke.Invokers$Holder.linkToTargetMethod(java.lang.Object, java.lang.Object, java.lang.Object, int, java.lang.Object)'> (0x0000000087e53a28) thrown at [./src/hotspot/share/interpreter/linkResolver.cpp, line 773]
Event: 16.443 Thread 0x00000245fd28d800 Exception <a 'java/lang/NoSuchMethodError'{0x0000000086b7adc8}: 'java.lang.Object java.lang.invoke.DirectMethodHandle$Holder.invokeSpecial(java.lang.Object, java.lang.Object, int, int, java.lang.Object, java.lang.Object, java.lang.Object)'> (0x0000000086b7adc8) thrown at [./src/hotspot/share/interpreter/linkResolver.cpp, line 773]
Event: 16.444 Thread 0x00000245fd28d800 Exception <a 'java/lang/NoSuchMethodError'{0x0000000086b7f348}: 'java.lang.Object java.lang.invoke.DelegatingMethodHandle$Holder.reinvoke_L(java.lang.Object, int, int, java.lang.Object, java.lang.Object, java.lang.Object)'> (0x0000000086b7f348) thrown at [./src/hotspot/share/interpreter/linkResolver.cpp, line 773]
Event: 17.012 Thread 0x00000245fd28d800 Exception <a 'java/lang/NoSuchMethodError'{0x0000000085e03108}: 'int java.lang.invoke.DirectMethodHandle$Holder.invokeInterface(java.lang.Object, java.lang.Object, java.lang.Object, java.lang.Object)'> (0x0000000085e03108) thrown at [./src/hotspot/share/interpreter/linkResolver.cpp, line 773]
Event: 17.465 Thread 0x00000245fd28d800 Exception <a 'java/lang/NoSuchMethodError'{0x000000008bb35df0}: 'void java.lang.invoke.DirectMethodHandle$Holder.invokeInterface(java.lang.Object, java.lang.Object, java.lang.Object, java.lang.Object)'> (0x000000008bb35df0) thrown at [./src/hotspot/share/interpreter/linkResolver.cpp, line 773]
Event: 17.834 Thread 0x00000245fd28d800 Exception <a 'java/lang/IncompatibleClassChangeError'{0x000000008b4c51b8}: Found class java.lang.Object, but interface was expected> (0x000000008b4c51b8) thrown at [./src/hotspot/share/interpreter/linkResolver.cpp, line 839]
Event: 17.917 Thread 0x00000245fd28d800 Exception <a 'java/lang/NoSuchMethodError'{0x000000008b361158}: 'void java.lang.invoke.DirectMethodHandle$Holder.invokeStatic(java.lang.Object, java.lang.Object, java.lang.Object, java.lang.Object, java.lang.Object)'> (0x000000008b361158) thrown at [./src/hotspot/share/interpreter/linkResolver.cpp, line 773]

Events (20 events):
Event: 17.926 loading class java/util/logging/LoggingMXBean
Event: 17.926 loading class java/util/logging/LoggingMXBean done
Event: 17.926 loading class java/util/logging/Logging
Event: 17.926 loading class java/util/logging/Logging done
Event: 17.927 loading class javax/management/openmbean/OpenMBeanParameterInfoSupport
Event: 17.927 loading class javax/management/openmbean/OpenMBeanParameterInfoSupport done
Event: 17.928 loading class javax/management/openmbean/OpenMBeanOperationInfoSupport
Event: 17.928 loading class javax/management/openmbean/OpenMBeanOperationInfo
Event: 17.928 loading class javax/management/openmbean/OpenMBeanOperationInfo done
Event: 17.928 loading class javax/management/openmbean/OpenMBeanOperationInfoSupport done
Event: 17.928 loading class javax/management/MBeanInfo$ArrayGettersSafeAction
Event: 17.928 loading class javax/management/MBeanInfo$ArrayGettersSafeAction done
Event: 17.931 loading class com/sun/management/internal/DiagnosticCommandImpl$OperationInfoComparator
Event: 17.931 loading class com/sun/management/internal/DiagnosticCommandImpl$OperationInfoComparator done
Event: 17.933 loading class com/sun/management/internal/DiagnosticCommandInfo
Event: 17.934 loading class com/sun/management/internal/DiagnosticCommandInfo done
Event: 17.940 loading class com/sun/management/internal/DiagnosticCommandArgumentInfo
Event: 17.940 loading class com/sun/management/internal/DiagnosticCommandArgumentInfo done
Event: 17.941 loading class com/sun/management/internal/DiagnosticCommandImpl$Wrapper
Event: 17.941 loading class com/sun/management/internal/DiagnosticCommandImpl$Wrapper done


Dynamic libraries:
0x00007ff6c7ce0000 - 0x00007ff6c7cea000 	C:\Program Files\Android\Android Studio\jre\bin\java.exe
0x00007ffc80230000 - 0x00007ffc80425000 	C:\WINDOWS\SYSTEM32\ntdll.dll
0x00007ffc7e5b0000 - 0x00007ffc7e66d000 	C:\WINDOWS\System32\KERNEL32.DLL
0x00007ffc7dd30000 - 0x00007ffc7dff8000 	C:\WINDOWS\System32\KERNELBASE.dll
0x00007ffc7e190000 - 0x00007ffc7e290000 	C:\WINDOWS\System32\ucrtbase.dll
0x00007ffc54610000 - 0x00007ffc54629000 	C:\Program Files\Android\Android Studio\jre\bin\jli.dll
0x00007ffc7ed10000 - 0x00007ffc7eeb0000 	C:\WINDOWS\System32\USER32.dll
0x00007ffc7e060000 - 0x00007ffc7e082000 	C:\WINDOWS\System32\win32u.dll
0x00007ffc7f850000 - 0x00007ffc7f87a000 	C:\WINDOWS\System32\GDI32.dll
0x00007ffc7d970000 - 0x00007ffc7da7b000 	C:\WINDOWS\System32\gdi32full.dll
0x00007ffc7dc90000 - 0x00007ffc7dd2d000 	C:\WINDOWS\System32\msvcp_win.dll
0x00007ffc51da0000 - 0x00007ffc51db7000 	C:\Program Files\Android\Android Studio\jre\bin\VCRUNTIME140.dll
0x00007ffc6d830000 - 0x00007ffc6daca000 	C:\WINDOWS\WinSxS\amd64_microsoft.windows.common-controls_6595b64144ccf1df_6.0.19041.844_none_ca00b6081b84eb1d\COMCTL32.dll
0x00007ffc7eff0000 - 0x00007ffc7f08e000 	C:\WINDOWS\System32\msvcrt.dll
0x00007ffc7e2b0000 - 0x00007ffc7e2e0000 	C:\WINDOWS\System32\IMM32.DLL
0x00007ffc42f30000 - 0x00007ffc42fcd000 	C:\Program Files\Android\Android Studio\jre\bin\msvcp140.dll
0x00007ffc26800000 - 0x00007ffc272bc000 	C:\Program Files\Android\Android Studio\jre\bin\server\jvm.dll
0x00007ffc7ef40000 - 0x00007ffc7efec000 	C:\WINDOWS\System32\ADVAPI32.dll
0x00007ffc7e490000 - 0x00007ffc7e52b000 	C:\WINDOWS\System32\sechost.dll
0x00007ffc7fa70000 - 0x00007ffc7fb9b000 	C:\WINDOWS\System32\RPCRT4.dll
0x00007ffc7fa60000 - 0x00007ffc7fa68000 	C:\WINDOWS\System32\PSAPI.DLL
0x00007ffc6af80000 - 0x00007ffc6af89000 	C:\WINDOWS\SYSTEM32\WSOCK32.dll
0x00007ffc7eb90000 - 0x00007ffc7ebfb000 	C:\WINDOWS\System32\WS2_32.dll
0x00007ffc6dde0000 - 0x00007ffc6de07000 	C:\WINDOWS\SYSTEM32\WINMM.dll
0x00007ffc75710000 - 0x00007ffc7571a000 	C:\WINDOWS\SYSTEM32\VERSION.dll
0x00007ffc7c290000 - 0x00007ffc7c2a2000 	C:\WINDOWS\SYSTEM32\kernel.appcore.dll
0x00007ffc6bc40000 - 0x00007ffc6bc51000 	C:\Program Files\Android\Android Studio\jre\bin\verify.dll
0x00007ffc7bf10000 - 0x00007ffc7c0f4000 	C:\WINDOWS\SYSTEM32\DBGHELP.DLL
0x00007ffc69430000 - 0x00007ffc6945c000 	C:\WINDOWS\SYSTEM32\dbgcore.DLL
0x00007ffc7dc10000 - 0x00007ffc7dc90000 	C:\WINDOWS\System32\bcryptPrimitives.dll
0x00007ffc69fe0000 - 0x00007ffc6a009000 	C:\Program Files\Android\Android Studio\jre\bin\java.dll
0x00007ffc7a020000 - 0x00007ffc7a02b000 	C:\Program Files\Android\Android Studio\jre\bin\jimage.dll
0x00007ffc6bc20000 - 0x00007ffc6bc38000 	C:\Program Files\Android\Android Studio\jre\bin\zip.dll
0x00007ffc7f100000 - 0x00007ffc7f842000 	C:\WINDOWS\System32\SHELL32.dll
0x00007ffc7b770000 - 0x00007ffc7bf00000 	C:\WINDOWS\SYSTEM32\windows.storage.dll
0x00007ffc7e670000 - 0x00007ffc7e9c5000 	C:\WINDOWS\System32\combase.dll
0x00007ffc7d3e0000 - 0x00007ffc7d40c000 	C:\WINDOWS\SYSTEM32\Wldp.dll
0x00007ffc7ec60000 - 0x00007ffc7ed0e000 	C:\WINDOWS\System32\SHCORE.dll
0x00007ffc7ec00000 - 0x00007ffc7ec55000 	C:\WINDOWS\System32\shlwapi.dll
0x00007ffc7d8b0000 - 0x00007ffc7d8cf000 	C:\WINDOWS\SYSTEM32\profapi.dll
0x00007ffc6a040000 - 0x00007ffc6a05a000 	C:\Program Files\Android\Android Studio\jre\bin\net.dll
0x00007ffc708c0000 - 0x00007ffc709cb000 	C:\WINDOWS\SYSTEM32\WINHTTP.dll
0x00007ffc7d150000 - 0x00007ffc7d1ba000 	C:\WINDOWS\system32\mswsock.dll
0x00007ffc69fc0000 - 0x00007ffc69fd4000 	C:\Program Files\Android\Android Studio\jre\bin\nio.dll
0x00007ffc59b30000 - 0x00007ffc59b57000 	C:\Users\Putera Ezzalee\.gradle\native\fdc75f09e3144964f2cf3f50f0aa648679c211496f362492102eb8c894070792\windows-amd64\native-platform.dll
0x00007ffc3dde0000 - 0x00007ffc3df76000 	C:\Users\Putera Ezzalee\.gradle\native\12488b8bf47d2d4c9fbf2f6322a914ad602e24e48041cd04a747c6da556b65c4\windows-amd64\native-platform-file-events.dll
0x00007ffc799c0000 - 0x00007ffc799ca000 	C:\Program Files\Android\Android Studio\jre\bin\management.dll
0x00007ffc77400000 - 0x00007ffc7740c000 	C:\Program Files\Android\Android Studio\jre\bin\management_ext.dll
0x00007ffc7d320000 - 0x00007ffc7d338000 	C:\WINDOWS\SYSTEM32\CRYPTSP.dll
0x00007ffc7ca80000 - 0x00007ffc7cab4000 	C:\WINDOWS\system32\rsaenh.dll
0x00007ffc7dbe0000 - 0x00007ffc7dc07000 	C:\WINDOWS\System32\bcrypt.dll
0x00007ffc7d830000 - 0x00007ffc7d85e000 	C:\WINDOWS\SYSTEM32\USERENV.dll
0x00007ffc7d340000 - 0x00007ffc7d34c000 	C:\WINDOWS\SYSTEM32\CRYPTBASE.dll
0x00007ffc7cdf0000 - 0x00007ffc7ce2b000 	C:\WINDOWS\SYSTEM32\IPHLPAPI.DLL
0x00007ffc7e9d0000 - 0x00007ffc7e9d8000 	C:\WINDOWS\System32\NSI.dll
0x00007ffc756f0000 - 0x00007ffc75707000 	C:\WINDOWS\SYSTEM32\dhcpcsvc6.DLL
0x00007ffc76090000 - 0x00007ffc760ad000 	C:\WINDOWS\SYSTEM32\dhcpcsvc.DLL
0x00007ffc7ce40000 - 0x00007ffc7cf0c000 	C:\WINDOWS\SYSTEM32\DNSAPI.dll
0x00007ffc76220000 - 0x00007ffc7622b000 	C:\WINDOWS\SYSTEM32\WINNSI.DLL

dbghelp: loaded successfully - version: 4.0.5 - missing functions: none
symbol engine: initialized successfully - sym options: 0x614 - pdb path: .;C:\Program Files\Android\Android Studio\jre\bin;C:\WINDOWS\SYSTEM32;C:\WINDOWS\WinSxS\amd64_microsoft.windows.common-controls_6595b64144ccf1df_6.0.19041.844_none_ca00b6081b84eb1d;C:\Program Files\Android\Android Studio\jre\bin\server;C:\Users\Putera Ezzalee\.gradle\native\fdc75f09e3144964f2cf3f50f0aa648679c211496f362492102eb8c894070792\windows-amd64;C:\Users\Putera Ezzalee\.gradle\native\12488b8bf47d2d4c9fbf2f6322a914ad602e24e48041cd04a747c6da556b65c4\windows-amd64

VM Arguments:
jvm_args: --add-opens=java.base/java.util=ALL-UNNAMED --add-opens=java.base/java.lang=ALL-UNNAMED --add-opens=java.base/java.lang.invoke=ALL-UNNAMED --add-opens=java.prefs/java.util.prefs=ALL-UNNAMED -Xmx2048m -Dfile.encoding=UTF-8 -Duser.country=US -Duser.language=en -Duser.variant 
java_command: org.gradle.launcher.daemon.bootstrap.GradleDaemon 6.7.1
java_class_path (initial): C:\Users\Putera Ezzalee\.gradle\wrapper\dists\gradle-6.7.1-all\2moa8rlfac5eqlcfgk98k0deb\gradle-6.7.1\lib\gradle-launcher-6.7.1.jar
Launcher Type: SUN_STANDARD

[Global flags]
     intx CICompilerCount                          = 3                                         {product} {ergonomic}
     uint ConcGCThreads                            = 1                                         {product} {ergonomic}
     uint G1ConcRefinementThreads                  = 4                                         {product} {ergonomic}
   size_t G1HeapRegionSize                         = 1048576                                   {product} {ergonomic}
    uintx GCDrainStackTargetSize                   = 64                                        {product} {ergonomic}
   size_t InitialHeapSize                          = 201326592                                 {product} {ergonomic}
   size_t MarkStackSize                            = 4194304                                   {product} {ergonomic}
   size_t MaxHeapSize                              = 2147483648                                {product} {command line}
   size_t MaxNewSize                               = 1287651328                                {product} {ergonomic}
   size_t MinHeapDeltaBytes                        = 1048576                                   {product} {ergonomic}
    uintx NonNMethodCodeHeapSize                   = 5830732                                {pd product} {ergonomic}
    uintx NonProfiledCodeHeapSize                  = 122913754                              {pd product} {ergonomic}
    uintx ProfiledCodeHeapSize                     = 122913754                              {pd product} {ergonomic}
    uintx ReservedCodeCacheSize                    = 251658240                              {pd product} {ergonomic}
     bool SegmentedCodeCache                       = true                                      {product} {ergonomic}
     bool UseCompressedClassPointers               = true                                 {lp64_product} {ergonomic}
     bool UseCompressedOops                        = true                                 {lp64_product} {ergonomic}
     bool UseG1GC                                  = true                                      {product} {ergonomic}
     bool UseLargePagesIndividualAllocation        = false                                  {pd product} {ergonomic}

Logging:
Log output configuration:
 #0: stdout all=warning uptime,level,tags
 #1: stderr all=off uptime,level,tags

Environment Variables:
JAVA_HOME=C:\Program Files\Java\jdk-13.0.2
PATH=C:\oraclexe\app\oracle\product\11.2.0\server\bin;C:\app\Putera_Ezzalee\product\11.2.0\dbhome_1\bin;C:\WINDOWS\system32;C:\WINDOWS;C:\WINDOWS\System32\Wbem;C:\WINDOWS\System32\WindowsPowerShell\v1.0\;C:\WINDOWS\System32\OpenSSH\;C:\Program Files\nodejs\;C:\Program Files\Git\cmd;C:\Program Files\Microsoft SQL Server\130\Tools\Binn\;C:\Program Files\Microsoft SQL Server\Client SDK\ODBC\170\Tools\Binn\;C:\Program Files\dotnet\;C:\Program Files (x86)\Microsoft SQL Server\150\Tools\Binn\;C:\Program Files\Microsoft SQL Server\150\Tools\Binn\;C:\Program Files\Microsoft SQL Server\150\DTS\Binn\;C:\Program Files\Azure Data Studio\bin;C:\Program Files (x86)\Microsoft SQL Server\150\DTS\Binn\;C:\xampp\php;C:\ProgramData\ComposerSetup\bin;C:\Program Files\MySQL\MySQL Shell 8.0\bin\;C:\Users\Putera Ezzalee\AppData\Local\Programs\Python\Python38-32\Scripts\;C:\Users\Putera Ezzalee\AppData\Local\Programs\Python\Python38-32\;C:\Users\Putera Ezzalee\AppData\Local\Microsoft\WindowsApps;C:\Users\Putera Ezzalee\AppData\Roaming\npm;C:\Mingw-w64\mingw32\bin;C:\Users\Putera Ezzalee\AppData\Local\atom\bin;C:\Program Files\JetBrains\PyCharm Community Edition 2019.2.4\bin;;C:\Users\Putera Ezzalee\AppData\Local\Programs\Microsoft VS Code\bin;";C:\Program Files\Java\jdk-13.0.2\bin";;C:\Users\Putera Ezzalee\AppData\Local\Microsoft\WindowsApps;C:\Users\Putera Ezzalee\.dotnet\tools;C:\Program Files\Azure Data Studio\bin;C:\Users\Putera Ezzalee\AppData\Roaming\Composer\vendor\bin
USERNAME=Putera Ezzalee
OS=Windows_NT
PROCESSOR_IDENTIFIER=Intel64 Family 6 Model 142 Stepping 9, GenuineIntel



---------------  S Y S T E M  ---------------

OS: Windows 10 , 64 bit Build 19041 (10.0.19041.928)
OS uptime: 27 days 11:31 hours

CPU:total 4 (initial active 4) (2 cores per cpu, 2 threads per core) family 6 model 142 stepping 9, cmov, cx8, fxsr, mmx, sse, sse2, sse3, ssse3, sse4.1, sse4.2, popcnt, avx, avx2, aes, clmul, erms, 3dnowpref, lzcnt, ht, tsc, tscinvbit, bmi1, bmi2, adx, fma

Memory: 4k page, system-wide physical 12170M (506M free)
TotalPageFile size 40711M (AvailPageFile size 12M)
current process WorkingSet (physical memory assigned to process): 325M, peak: 326M
current process commit charge ("private bytes"): 399M, peak: 400M

vm_info: OpenJDK 64-Bit Server VM (11.0.8+10-b944.6842174) for windows-amd64 JRE (11.0.8+10-b944.6842174), built on Sep 19 2020 01:11:42 by "builder" with MS VC++ 14.0 (VS2015)

END.
