#
# There is insufficient memory for the Java Runtime Environment to continue.
# Native memory allocation (malloc) failed to allocate 1088096 bytes for Chunk::new
# Possible reasons:
#   The system is out of physical RAM or swap space
#   The process is running with CompressedOops enabled, and the Java Heap may be blocking the growth of the native heap
# Possible solutions:
#   Reduce memory load on the system
#   Increase physical memory or swap space
#   Check if swap backing store is full
#   Decrease Java heap size (-Xmx/-Xms)
#   Decrease number of Java threads
#   Decrease Java thread stack sizes (-Xss)
#   Set larger code cache with -XX:ReservedCodeCacheSize=
#   JVM is running with Unscaled Compressed Oops mode in which the Java heap is
#     placed in the first 4GB address space. The Java Heap base address is the
#     maximum limit for the native heap growth. Please use -XX:HeapBaseMinAddress
#     to set the Java Heap base and to place the Java Heap above 4GB virtual address.
# This output file may be truncated or incomplete.
#
#  Out of Memory Error (./src/hotspot/share/memory/arena.cpp:197), pid=9760, tid=23400
#
# JRE version: OpenJDK Runtime Environment (11.0.8+10) (build 11.0.8+10-b944.6842174)
# Java VM: OpenJDK 64-Bit Server VM (11.0.8+10-b944.6842174, mixed mode, tiered, compressed oops, g1 gc, windows-amd64)
# No core dump will be written. Minidumps are not enabled by default on client versions of Windows
#

---------------  S U M M A R Y ------------

Command Line: --add-opens=java.base/java.util=ALL-UNNAMED --add-opens=java.base/java.lang=ALL-UNNAMED --add-opens=java.base/java.lang.invoke=ALL-UNNAMED --add-opens=java.prefs/java.util.prefs=ALL-UNNAMED -Xmx2048m -Dfile.encoding=UTF-8 -Duser.country=US -Duser.language=en -Duser.variant org.gradle.launcher.daemon.bootstrap.GradleDaemon 6.7.1

Host: Intel(R) Core(TM) i5-7200U CPU @ 2.50GHz, 4 cores, 11G,  Windows 10 , 64 bit Build 19041 (10.0.19041.928)
Time: Mon Jun 14 08:49:44 2021 Malay Peninsula Standard Time elapsed time: 9 seconds (0d 0h 0m 9s)

---------------  T H R E A D  ---------------

Current thread (0x000001dda414f000):  JavaThread "C2 CompilerThread1" daemon [_thread_in_native, id=23400, stack(0x000000b144d00000,0x000000b144e00000)]


Current CompileTask:
C2:   9069 2312   !   4       java.net.URLClassLoader$1::run (63 bytes)

Stack: [0x000000b144d00000,0x000000b144e00000]
Native frames: (J=compiled Java code, j=interpreted, Vv=VM code, C=native code)
V  [jvm.dll+0x5de50a]
V  [jvm.dll+0x7122f5]
V  [jvm.dll+0x71384d]
V  [jvm.dll+0x713f03]
V  [jvm.dll+0x23e728]
V  [jvm.dll+0xb899c]
V  [jvm.dll+0xb8e9c]
V  [jvm.dll+0x2b20e4]
V  [jvm.dll+0x502098]
V  [jvm.dll+0x1ff393]
V  [jvm.dll+0x1f917c]
V  [jvm.dll+0x1f685f]
V  [jvm.dll+0x17f32c]
V  [jvm.dll+0x205047]
V  [jvm.dll+0x203891]
V  [jvm.dll+0x6dad3f]
V  [jvm.dll+0x6d3895]
V  [jvm.dll+0x5dd4a6]
C  [ucrtbase.dll+0x21bb2]
C  [KERNEL32.DLL+0x17034]
C  [ntdll.dll+0x52651]


---------------  P R O C E S S  ---------------

Threads class SMR info:
_java_thread_list=0x000001dda5bc0280, length=28, elements={
0x000001dd86e0b000, 0x000001dda1883800, 0x000001dda1884800, 0x000001dda106e800,
0x000001dda1070800, 0x000001dda1071800, 0x000001dda107e800, 0x000001dda192d000,
0x000001dda1a29000, 0x000001dda1a43000, 0x000001dda3041000, 0x000001dda2597800,
0x000001dda2e2b000, 0x000001dda304a000, 0x000001dda3438800, 0x000001dda34a1000,
0x000001dda2b56000, 0x000001dda3d68000, 0x000001dda19da000, 0x000001dda1d91000,
0x000001dda1d90800, 0x000001dda1d92800, 0x000001dda1d92000, 0x000001dda1d93800,
0x000001dda1d95000, 0x000001dda1d94800, 0x000001dda414f000, 0x000001dda1d96000
}

Java Threads: ( => current thread )
  0x000001dd86e0b000 JavaThread "main" [_thread_blocked, id=16424, stack(0x000000b142600000,0x000000b142700000)]
  0x000001dda1883800 JavaThread "Reference Handler" daemon [_thread_blocked, id=16976, stack(0x000000b142e00000,0x000000b142f00000)]
  0x000001dda1884800 JavaThread "Finalizer" daemon [_thread_blocked, id=24420, stack(0x000000b142f00000,0x000000b143000000)]
  0x000001dda106e800 JavaThread "Signal Dispatcher" daemon [_thread_blocked, id=15692, stack(0x000000b143000000,0x000000b143100000)]
  0x000001dda1070800 JavaThread "Attach Listener" daemon [_thread_blocked, id=24440, stack(0x000000b143100000,0x000000b143200000)]
  0x000001dda1071800 JavaThread "C2 CompilerThread0" daemon [_thread_in_native, id=15112, stack(0x000000b143200000,0x000000b143300000)]
  0x000001dda107e800 JavaThread "C1 CompilerThread0" daemon [_thread_blocked, id=18076, stack(0x000000b143300000,0x000000b143400000)]
  0x000001dda192d000 JavaThread "Sweeper thread" daemon [_thread_blocked, id=18344, stack(0x000000b143400000,0x000000b143500000)]
  0x000001dda1a29000 JavaThread "Common-Cleaner" daemon [_thread_blocked, id=6600, stack(0x000000b143500000,0x000000b143600000)]
  0x000001dda1a43000 JavaThread "Service Thread" daemon [_thread_blocked, id=8880, stack(0x000000b143600000,0x000000b143700000)]
  0x000001dda3041000 JavaThread "Daemon health stats" [_thread_blocked, id=25212, stack(0x000000b143c00000,0x000000b143d00000)]
  0x000001dda2597800 JavaThread "Incoming local TCP Connector on port 57691" [_thread_in_native, id=904, stack(0x000000b143e00000,0x000000b143f00000)]
  0x000001dda2e2b000 JavaThread "Daemon periodic checks" [_thread_blocked, id=13036, stack(0x000000b143f00000,0x000000b144000000)]
  0x000001dda304a000 JavaThread "Daemon" [_thread_blocked, id=5668, stack(0x000000b144000000,0x000000b144100000)]
  0x000001dda3438800 JavaThread "Handler for socket connection from /127.0.0.1:57691 to /127.0.0.1:57692" [_thread_in_native, id=1208, stack(0x000000b144100000,0x000000b144200000)]
  0x000001dda34a1000 JavaThread "Cancel handler" [_thread_blocked, id=14832, stack(0x000000b144300000,0x000000b144400000)]
  0x000001dda2b56000 JavaThread "Daemon worker" [_thread_in_vm, id=18084, stack(0x000000b144400000,0x000000b144500000)]
  0x000001dda3d68000 JavaThread "Asynchronous log dispatcher for DefaultDaemonConnection: socket connection from /127.0.0.1:57691 to /127.0.0.1:57692" [_thread_blocked, id=23200, stack(0x000000b144500000,0x000000b144600000)]
  0x000001dda19da000 JavaThread "Stdin handler" [_thread_blocked, id=23168, stack(0x000000b144600000,0x000000b144700000)]
  0x000001dda1d91000 JavaThread "Thread-8" [_thread_blocked, id=21012, stack(0x000000b144700000,0x000000b144800000)]
  0x000001dda1d90800 JavaThread "Cache worker for file hash cache (C:\Users\Putera Ezzalee\.gradle\caches\6.7.1\fileHashes)" [_thread_blocked, id=4612, stack(0x000000b144200000,0x000000b144300000)]
  0x000001dda1d92800 JavaThread "File lock request listener" [_thread_in_native, id=18244, stack(0x000000b144800000,0x000000b144900000)]
  0x000001dda1d92000 JavaThread "Cache worker for journal cache (C:\Users\Putera Ezzalee\.gradle\caches\journal-1)" [_thread_blocked, id=8620, stack(0x000000b144900000,0x000000b144a00000)]
  0x000001dda1d93800 JavaThread "Cache worker for file hash cache (C:\Users\Putera Ezzalee\AndroidStudioProjects\KarismaTuitionCentre\.gradle\6.7.1\fileHashes)" [_thread_blocked, id=7320, stack(0x000000b144a00000,0x000000b144b00000)]
  0x000001dda1d95000 JavaThread "Cache worker for checksums cache (C:\Users\Putera Ezzalee\AndroidStudioProjects\KarismaTuitionCentre\.gradle\checksums)" [_thread_blocked, id=21140, stack(0x000000b144b00000,0x000000b144c00000)]
  0x000001dda1d94800 JavaThread "Cache worker for cache directory md-supplier (C:\Users\Putera Ezzalee\.gradle\caches\6.7.1\md-supplier)" [_thread_blocked, id=12672, stack(0x000000b144c00000,0x000000b144d00000)]
=>0x000001dda414f000 JavaThread "C2 CompilerThread1" daemon [_thread_in_native, id=23400, stack(0x000000b144d00000,0x000000b144e00000)]
  0x000001dda1d96000 JavaThread "Cache worker for cache directory md-rule (C:\Users\Putera Ezzalee\.gradle\caches\6.7.1\md-rule)" [_thread_blocked, id=2100, stack(0x000000b144e00000,0x000000b144f00000)]

Other Threads:
  0x000001dda1063000 VMThread "VM Thread" [stack: 0x000000b142d00000,0x000000b142e00000] [id=16660]
  0x000001dda1a5d800 WatcherThread [stack: 0x000000b143700000,0x000000b143800000] [id=940]
  0x000001dd86e23800 GCTaskThread "GC Thread#0" [stack: 0x000000b142800000,0x000000b142900000] [id=15708]
  0x000001dda1e3f800 GCTaskThread "GC Thread#1" [stack: 0x000000b143800000,0x000000b143900000] [id=740]
  0x000001dda1de4000 GCTaskThread "GC Thread#2" [stack: 0x000000b143900000,0x000000b143a00000] [id=20832]
  0x000001dda202c000 GCTaskThread "GC Thread#3" [stack: 0x000000b143a00000,0x000000b143b00000] [id=13328]
  0x000001dd86e56000 ConcurrentGCThread "G1 Main Marker" [stack: 0x000000b142900000,0x000000b142a00000] [id=3544]
  0x000001dd86e57000 ConcurrentGCThread "G1 Conc#0" [stack: 0x000000b142a00000,0x000000b142b00000] [id=22312]
  0x000001dda0eb0800 ConcurrentGCThread "G1 Refine#0" [stack: 0x000000b142b00000,0x000000b142c00000] [id=5812]
  0x000001dda0eb1000 ConcurrentGCThread "G1 Young RemSet Sampling" [stack: 0x000000b142c00000,0x000000b142d00000] [id=6744]

Threads with active compile tasks:
C2 CompilerThread0   9122 2311       4       java.net.URLClassLoader$1::run (5 bytes)
C2 CompilerThread1   9122 2312   !   4       java.net.URLClassLoader$1::run (63 bytes)

VM state:not at safepoint (normal execution)

VM Mutex/Monitor currently owned by a thread: None

Heap address: 0x0000000080000000, size: 2048 MB, Compressed Oops mode: 32-bit
Narrow klass base: 0x0000000000000000, Narrow klass shift: 3
Compressed class space size: 1073741824 Address: 0x0000000100000000

Heap:
 garbage-first heap   total 196608K, used 30729K [0x0000000080000000, 0x0000000100000000)
  region size 1024K, 19 young (19456K), 6 survivors (6144K)
 Metaspace       used 27949K, capacity 28619K, committed 28800K, reserved 1075200K
  class space    used 3685K, capacity 3924K, committed 3968K, reserved 1048576K
Heap Regions: E=young(eden), S=young(survivor), O=old, HS=humongous(starts), HC=humongous(continues), CS=collection set, F=free, A=archive, TAMS=top-at-mark-start (previous, next)
|   0|0x0000000080000000, 0x0000000080100000, 0x0000000080100000|100%| O|  |TAMS 0x0000000080100000, 0x0000000080000000| Untracked 
|   1|0x0000000080100000, 0x0000000080200000, 0x0000000080200000|100%| O|  |TAMS 0x0000000080200000, 0x0000000080100000| Untracked 
|   2|0x0000000080200000, 0x0000000080300000, 0x0000000080300000|100%| O|  |TAMS 0x0000000080300000, 0x0000000080200000| Untracked 
|   3|0x0000000080300000, 0x0000000080400000, 0x0000000080400000|100%|HS|  |TAMS 0x0000000080400000, 0x0000000080300000| Complete 
|   4|0x0000000080400000, 0x0000000080500000, 0x0000000080500000|100%|HC|  |TAMS 0x0000000080500000, 0x0000000080400000| Complete 
|   5|0x0000000080500000, 0x0000000080600000, 0x0000000080600000|100%|HC|  |TAMS 0x0000000080600000, 0x0000000080500000| Complete 
|   6|0x0000000080600000, 0x0000000080700000, 0x0000000080700000|100%| O|  |TAMS 0x0000000080700000, 0x0000000080600000| Untracked 
|   7|0x0000000080700000, 0x0000000080800000, 0x0000000080800000|100%| O|  |TAMS 0x0000000080800000, 0x0000000080700000| Untracked 
|   8|0x0000000080800000, 0x0000000080900000, 0x0000000080900000|100%| O|  |TAMS 0x0000000080900000, 0x0000000080800000| Untracked 
|   9|0x0000000080900000, 0x0000000080a00000, 0x0000000080a00000|100%| O|  |TAMS 0x0000000080a00000, 0x0000000080900000| Untracked 
|  10|0x0000000080a00000, 0x0000000080b00000, 0x0000000080b00000|100%| O|  |TAMS 0x0000000080b00000, 0x0000000080a00000| Untracked 
|  11|0x0000000080b00000, 0x0000000080c00000, 0x0000000080c00000|100%| O|  |TAMS 0x0000000080c00000, 0x0000000080b00000| Untracked 
|  12|0x0000000080c00000, 0x0000000080c8fe00, 0x0000000080d00000| 56%| O|  |TAMS 0x0000000080c8fe00, 0x0000000080c00000| Untracked 
|  13|0x0000000080d00000, 0x0000000080d00000, 0x0000000080e00000|  0%| F|  |TAMS 0x0000000080d00000, 0x0000000080d00000| Untracked 
|  14|0x0000000080e00000, 0x0000000080e00000, 0x0000000080f00000|  0%| F|  |TAMS 0x0000000080e00000, 0x0000000080e00000| Untracked 
|  15|0x0000000080f00000, 0x0000000080f00000, 0x0000000081000000|  0%| F|  |TAMS 0x0000000080f00000, 0x0000000080f00000| Untracked 
|  16|0x0000000081000000, 0x0000000081000000, 0x0000000081100000|  0%| F|  |TAMS 0x0000000081000000, 0x0000000081000000| Untracked 
|  17|0x0000000081100000, 0x0000000081100000, 0x0000000081200000|  0%| F|  |TAMS 0x0000000081100000, 0x0000000081100000| Untracked 
|  18|0x0000000081200000, 0x0000000081200000, 0x0000000081300000|  0%| F|  |TAMS 0x0000000081200000, 0x0000000081200000| Untracked 
|  19|0x0000000081300000, 0x0000000081300000, 0x0000000081400000|  0%| F|  |TAMS 0x0000000081300000, 0x0000000081300000| Untracked 
|  20|0x0000000081400000, 0x0000000081400000, 0x0000000081500000|  0%| F|  |TAMS 0x0000000081400000, 0x0000000081400000| Untracked 
|  21|0x0000000081500000, 0x0000000081500000, 0x0000000081600000|  0%| F|  |TAMS 0x0000000081500000, 0x0000000081500000| Untracked 
|  22|0x0000000081600000, 0x0000000081600000, 0x0000000081700000|  0%| F|  |TAMS 0x0000000081600000, 0x0000000081600000| Untracked 
|  23|0x0000000081700000, 0x0000000081700000, 0x0000000081800000|  0%| F|  |TAMS 0x0000000081700000, 0x0000000081700000| Untracked 
|  24|0x0000000081800000, 0x0000000081800000, 0x0000000081900000|  0%| F|  |TAMS 0x0000000081800000, 0x0000000081800000| Untracked 
|  25|0x0000000081900000, 0x0000000081900000, 0x0000000081a00000|  0%| F|  |TAMS 0x0000000081900000, 0x0000000081900000| Untracked 
|  26|0x0000000081a00000, 0x0000000081a00000, 0x0000000081b00000|  0%| F|  |TAMS 0x0000000081a00000, 0x0000000081a00000| Untracked 
|  27|0x0000000081b00000, 0x0000000081b00000, 0x0000000081c00000|  0%| F|  |TAMS 0x0000000081b00000, 0x0000000081b00000| Untracked 
|  28|0x0000000081c00000, 0x0000000081c00000, 0x0000000081d00000|  0%| F|  |TAMS 0x0000000081c00000, 0x0000000081c00000| Untracked 
|  29|0x0000000081d00000, 0x0000000081d00000, 0x0000000081e00000|  0%| F|  |TAMS 0x0000000081d00000, 0x0000000081d00000| Untracked 
|  30|0x0000000081e00000, 0x0000000081e00000, 0x0000000081f00000|  0%| F|  |TAMS 0x0000000081e00000, 0x0000000081e00000| Untracked 
|  31|0x0000000081f00000, 0x0000000081f00000, 0x0000000082000000|  0%| F|  |TAMS 0x0000000081f00000, 0x0000000081f00000| Untracked 
|  32|0x0000000082000000, 0x0000000082000000, 0x0000000082100000|  0%| F|  |TAMS 0x0000000082000000, 0x0000000082000000| Untracked 
|  33|0x0000000082100000, 0x0000000082100000, 0x0000000082200000|  0%| F|  |TAMS 0x0000000082100000, 0x0000000082100000| Untracked 
|  34|0x0000000082200000, 0x0000000082200000, 0x0000000082300000|  0%| F|  |TAMS 0x0000000082200000, 0x0000000082200000| Untracked 
|  35|0x0000000082300000, 0x0000000082300000, 0x0000000082400000|  0%| F|  |TAMS 0x0000000082300000, 0x0000000082300000| Untracked 
|  36|0x0000000082400000, 0x0000000082400000, 0x0000000082500000|  0%| F|  |TAMS 0x0000000082400000, 0x0000000082400000| Untracked 
|  37|0x0000000082500000, 0x0000000082500000, 0x0000000082600000|  0%| F|  |TAMS 0x0000000082500000, 0x0000000082500000| Untracked 
|  38|0x0000000082600000, 0x0000000082600000, 0x0000000082700000|  0%| F|  |TAMS 0x0000000082600000, 0x0000000082600000| Untracked 
|  39|0x0000000082700000, 0x0000000082700000, 0x0000000082800000|  0%| F|  |TAMS 0x0000000082700000, 0x0000000082700000| Untracked 
|  40|0x0000000082800000, 0x0000000082800000, 0x0000000082900000|  0%| F|  |TAMS 0x0000000082800000, 0x0000000082800000| Untracked 
|  41|0x0000000082900000, 0x0000000082900000, 0x0000000082a00000|  0%| F|  |TAMS 0x0000000082900000, 0x0000000082900000| Untracked 
|  42|0x0000000082a00000, 0x0000000082a00000, 0x0000000082b00000|  0%| F|  |TAMS 0x0000000082a00000, 0x0000000082a00000| Untracked 
|  43|0x0000000082b00000, 0x0000000082b00000, 0x0000000082c00000|  0%| F|  |TAMS 0x0000000082b00000, 0x0000000082b00000| Untracked 
|  44|0x0000000082c00000, 0x0000000082c00000, 0x0000000082d00000|  0%| F|  |TAMS 0x0000000082c00000, 0x0000000082c00000| Untracked 
|  45|0x0000000082d00000, 0x0000000082d00000, 0x0000000082e00000|  0%| F|  |TAMS 0x0000000082d00000, 0x0000000082d00000| Untracked 
|  46|0x0000000082e00000, 0x0000000082e00000, 0x0000000082f00000|  0%| F|  |TAMS 0x0000000082e00000, 0x0000000082e00000| Untracked 
|  47|0x0000000082f00000, 0x0000000082f00000, 0x0000000083000000|  0%| F|  |TAMS 0x0000000082f00000, 0x0000000082f00000| Untracked 
|  48|0x0000000083000000, 0x0000000083000000, 0x0000000083100000|  0%| F|  |TAMS 0x0000000083000000, 0x0000000083000000| Untracked 
|  49|0x0000000083100000, 0x0000000083100000, 0x0000000083200000|  0%| F|  |TAMS 0x0000000083100000, 0x0000000083100000| Untracked 
|  50|0x0000000083200000, 0x0000000083200000, 0x0000000083300000|  0%| F|  |TAMS 0x0000000083200000, 0x0000000083200000| Untracked 
|  51|0x0000000083300000, 0x0000000083300000, 0x0000000083400000|  0%| F|  |TAMS 0x0000000083300000, 0x0000000083300000| Untracked 
|  52|0x0000000083400000, 0x0000000083400000, 0x0000000083500000|  0%| F|  |TAMS 0x0000000083400000, 0x0000000083400000| Untracked 
|  53|0x0000000083500000, 0x0000000083500000, 0x0000000083600000|  0%| F|  |TAMS 0x0000000083500000, 0x0000000083500000| Untracked 
|  54|0x0000000083600000, 0x0000000083600000, 0x0000000083700000|  0%| F|  |TAMS 0x0000000083600000, 0x0000000083600000| Untracked 
|  55|0x0000000083700000, 0x0000000083700000, 0x0000000083800000|  0%| F|  |TAMS 0x0000000083700000, 0x0000000083700000| Untracked 
|  56|0x0000000083800000, 0x0000000083800000, 0x0000000083900000|  0%| F|  |TAMS 0x0000000083800000, 0x0000000083800000| Untracked 
|  57|0x0000000083900000, 0x0000000083900000, 0x0000000083a00000|  0%| F|  |TAMS 0x0000000083900000, 0x0000000083900000| Untracked 
|  58|0x0000000083a00000, 0x0000000083a00000, 0x0000000083b00000|  0%| F|  |TAMS 0x0000000083a00000, 0x0000000083a00000| Untracked 
|  59|0x0000000083b00000, 0x0000000083b00000, 0x0000000083c00000|  0%| F|  |TAMS 0x0000000083b00000, 0x0000000083b00000| Untracked 
|  60|0x0000000083c00000, 0x0000000083c00000, 0x0000000083d00000|  0%| F|  |TAMS 0x0000000083c00000, 0x0000000083c00000| Untracked 
|  61|0x0000000083d00000, 0x0000000083d00000, 0x0000000083e00000|  0%| F|  |TAMS 0x0000000083d00000, 0x0000000083d00000| Untracked 
|  62|0x0000000083e00000, 0x0000000083e00000, 0x0000000083f00000|  0%| F|  |TAMS 0x0000000083e00000, 0x0000000083e00000| Untracked 
|  63|0x0000000083f00000, 0x0000000083f00000, 0x0000000084000000|  0%| F|  |TAMS 0x0000000083f00000, 0x0000000083f00000| Untracked 
|  64|0x0000000084000000, 0x0000000084000000, 0x0000000084100000|  0%| F|  |TAMS 0x0000000084000000, 0x0000000084000000| Untracked 
|  65|0x0000000084100000, 0x0000000084100000, 0x0000000084200000|  0%| F|  |TAMS 0x0000000084100000, 0x0000000084100000| Untracked 
|  66|0x0000000084200000, 0x0000000084200000, 0x0000000084300000|  0%| F|  |TAMS 0x0000000084200000, 0x0000000084200000| Untracked 
|  67|0x0000000084300000, 0x0000000084300000, 0x0000000084400000|  0%| F|  |TAMS 0x0000000084300000, 0x0000000084300000| Untracked 
|  68|0x0000000084400000, 0x0000000084400000, 0x0000000084500000|  0%| F|  |TAMS 0x0000000084400000, 0x0000000084400000| Untracked 
|  69|0x0000000084500000, 0x0000000084500000, 0x0000000084600000|  0%| F|  |TAMS 0x0000000084500000, 0x0000000084500000| Untracked 
|  70|0x0000000084600000, 0x0000000084600000, 0x0000000084700000|  0%| F|  |TAMS 0x0000000084600000, 0x0000000084600000| Untracked 
|  71|0x0000000084700000, 0x0000000084700000, 0x0000000084800000|  0%| F|  |TAMS 0x0000000084700000, 0x0000000084700000| Untracked 
|  72|0x0000000084800000, 0x0000000084800000, 0x0000000084900000|  0%| F|  |TAMS 0x0000000084800000, 0x0000000084800000| Untracked 
|  73|0x0000000084900000, 0x0000000084900000, 0x0000000084a00000|  0%| F|  |TAMS 0x0000000084900000, 0x0000000084900000| Untracked 
|  74|0x0000000084a00000, 0x0000000084a00000, 0x0000000084b00000|  0%| F|  |TAMS 0x0000000084a00000, 0x0000000084a00000| Untracked 
|  75|0x0000000084b00000, 0x0000000084b00000, 0x0000000084c00000|  0%| F|  |TAMS 0x0000000084b00000, 0x0000000084b00000| Untracked 
|  76|0x0000000084c00000, 0x0000000084c00000, 0x0000000084d00000|  0%| F|  |TAMS 0x0000000084c00000, 0x0000000084c00000| Untracked 
|  77|0x0000000084d00000, 0x0000000084d00000, 0x0000000084e00000|  0%| F|  |TAMS 0x0000000084d00000, 0x0000000084d00000| Untracked 
|  78|0x0000000084e00000, 0x0000000084e00000, 0x0000000084f00000|  0%| F|  |TAMS 0x0000000084e00000, 0x0000000084e00000| Untracked 
|  79|0x0000000084f00000, 0x0000000084f00000, 0x0000000085000000|  0%| F|  |TAMS 0x0000000084f00000, 0x0000000084f00000| Untracked 
|  80|0x0000000085000000, 0x0000000085000000, 0x0000000085100000|  0%| F|  |TAMS 0x0000000085000000, 0x0000000085000000| Untracked 
|  81|0x0000000085100000, 0x0000000085100000, 0x0000000085200000|  0%| F|  |TAMS 0x0000000085100000, 0x0000000085100000| Untracked 
|  82|0x0000000085200000, 0x0000000085200000, 0x0000000085300000|  0%| F|  |TAMS 0x0000000085200000, 0x0000000085200000| Untracked 
|  83|0x0000000085300000, 0x0000000085300000, 0x0000000085400000|  0%| F|  |TAMS 0x0000000085300000, 0x0000000085300000| Untracked 
|  84|0x0000000085400000, 0x0000000085400000, 0x0000000085500000|  0%| F|  |TAMS 0x0000000085400000, 0x0000000085400000| Untracked 
|  85|0x0000000085500000, 0x0000000085500000, 0x0000000085600000|  0%| F|  |TAMS 0x0000000085500000, 0x0000000085500000| Untracked 
|  86|0x0000000085600000, 0x0000000085600000, 0x0000000085700000|  0%| F|  |TAMS 0x0000000085600000, 0x0000000085600000| Untracked 
|  87|0x0000000085700000, 0x0000000085700000, 0x0000000085800000|  0%| F|  |TAMS 0x0000000085700000, 0x0000000085700000| Untracked 
|  88|0x0000000085800000, 0x0000000085800000, 0x0000000085900000|  0%| F|  |TAMS 0x0000000085800000, 0x0000000085800000| Untracked 
|  89|0x0000000085900000, 0x0000000085900000, 0x0000000085a00000|  0%| F|  |TAMS 0x0000000085900000, 0x0000000085900000| Untracked 
|  90|0x0000000085a00000, 0x0000000085a00000, 0x0000000085b00000|  0%| F|  |TAMS 0x0000000085a00000, 0x0000000085a00000| Untracked 
|  91|0x0000000085b00000, 0x0000000085b00000, 0x0000000085c00000|  0%| F|  |TAMS 0x0000000085b00000, 0x0000000085b00000| Untracked 
|  92|0x0000000085c00000, 0x0000000085c00000, 0x0000000085d00000|  0%| F|  |TAMS 0x0000000085c00000, 0x0000000085c00000| Untracked 
|  93|0x0000000085d00000, 0x0000000085d00000, 0x0000000085e00000|  0%| F|  |TAMS 0x0000000085d00000, 0x0000000085d00000| Untracked 
|  94|0x0000000085e00000, 0x0000000085e00000, 0x0000000085f00000|  0%| F|  |TAMS 0x0000000085e00000, 0x0000000085e00000| Untracked 
|  95|0x0000000085f00000, 0x0000000085f00000, 0x0000000086000000|  0%| F|  |TAMS 0x0000000085f00000, 0x0000000085f00000| Untracked 
|  96|0x0000000086000000, 0x0000000086000000, 0x0000000086100000|  0%| F|  |TAMS 0x0000000086000000, 0x0000000086000000| Untracked 
|  97|0x0000000086100000, 0x0000000086100000, 0x0000000086200000|  0%| F|  |TAMS 0x0000000086100000, 0x0000000086100000| Untracked 
|  98|0x0000000086200000, 0x0000000086200000, 0x0000000086300000|  0%| F|  |TAMS 0x0000000086200000, 0x0000000086200000| Untracked 
|  99|0x0000000086300000, 0x0000000086300000, 0x0000000086400000|  0%| F|  |TAMS 0x0000000086300000, 0x0000000086300000| Untracked 
| 100|0x0000000086400000, 0x0000000086400000, 0x0000000086500000|  0%| F|  |TAMS 0x0000000086400000, 0x0000000086400000| Untracked 
| 101|0x0000000086500000, 0x0000000086500000, 0x0000000086600000|  0%| F|  |TAMS 0x0000000086500000, 0x0000000086500000| Untracked 
| 102|0x0000000086600000, 0x0000000086600000, 0x0000000086700000|  0%| F|  |TAMS 0x0000000086600000, 0x0000000086600000| Untracked 
| 103|0x0000000086700000, 0x0000000086700000, 0x0000000086800000|  0%| F|  |TAMS 0x0000000086700000, 0x0000000086700000| Untracked 
| 104|0x0000000086800000, 0x0000000086800000, 0x0000000086900000|  0%| F|  |TAMS 0x0000000086800000, 0x0000000086800000| Untracked 
| 105|0x0000000086900000, 0x0000000086900000, 0x0000000086a00000|  0%| F|  |TAMS 0x0000000086900000, 0x0000000086900000| Untracked 
| 106|0x0000000086a00000, 0x0000000086a00000, 0x0000000086b00000|  0%| F|  |TAMS 0x0000000086a00000, 0x0000000086a00000| Untracked 
| 107|0x0000000086b00000, 0x0000000086b00000, 0x0000000086c00000|  0%| F|  |TAMS 0x0000000086b00000, 0x0000000086b00000| Untracked 
| 108|0x0000000086c00000, 0x0000000086c00000, 0x0000000086d00000|  0%| F|  |TAMS 0x0000000086c00000, 0x0000000086c00000| Untracked 
| 109|0x0000000086d00000, 0x0000000086d00000, 0x0000000086e00000|  0%| F|  |TAMS 0x0000000086d00000, 0x0000000086d00000| Untracked 
| 110|0x0000000086e00000, 0x0000000086e00000, 0x0000000086f00000|  0%| F|  |TAMS 0x0000000086e00000, 0x0000000086e00000| Untracked 
| 111|0x0000000086f00000, 0x0000000086f00000, 0x0000000087000000|  0%| F|  |TAMS 0x0000000086f00000, 0x0000000086f00000| Untracked 
| 112|0x0000000087000000, 0x0000000087000000, 0x0000000087100000|  0%| F|  |TAMS 0x0000000087000000, 0x0000000087000000| Untracked 
| 113|0x0000000087100000, 0x0000000087100000, 0x0000000087200000|  0%| F|  |TAMS 0x0000000087100000, 0x0000000087100000| Untracked 
| 114|0x0000000087200000, 0x0000000087200000, 0x0000000087300000|  0%| F|  |TAMS 0x0000000087200000, 0x0000000087200000| Untracked 
| 115|0x0000000087300000, 0x0000000087300000, 0x0000000087400000|  0%| F|  |TAMS 0x0000000087300000, 0x0000000087300000| Untracked 
| 116|0x0000000087400000, 0x0000000087400000, 0x0000000087500000|  0%| F|  |TAMS 0x0000000087400000, 0x0000000087400000| Untracked 
| 117|0x0000000087500000, 0x0000000087500000, 0x0000000087600000|  0%| F|  |TAMS 0x0000000087500000, 0x0000000087500000| Untracked 
| 118|0x0000000087600000, 0x0000000087600000, 0x0000000087700000|  0%| F|  |TAMS 0x0000000087600000, 0x0000000087600000| Untracked 
| 119|0x0000000087700000, 0x0000000087700000, 0x0000000087800000|  0%| F|  |TAMS 0x0000000087700000, 0x0000000087700000| Untracked 
| 120|0x0000000087800000, 0x0000000087800000, 0x0000000087900000|  0%| F|  |TAMS 0x0000000087800000, 0x0000000087800000| Untracked 
| 121|0x0000000087900000, 0x0000000087900000, 0x0000000087a00000|  0%| F|  |TAMS 0x0000000087900000, 0x0000000087900000| Untracked 
| 122|0x0000000087a00000, 0x0000000087a00000, 0x0000000087b00000|  0%| F|  |TAMS 0x0000000087a00000, 0x0000000087a00000| Untracked 
| 123|0x0000000087b00000, 0x0000000087b00000, 0x0000000087c00000|  0%| F|  |TAMS 0x0000000087b00000, 0x0000000087b00000| Untracked 
| 124|0x0000000087c00000, 0x0000000087c00000, 0x0000000087d00000|  0%| F|  |TAMS 0x0000000087c00000, 0x0000000087c00000| Untracked 
| 125|0x0000000087d00000, 0x0000000087d00000, 0x0000000087e00000|  0%| F|  |TAMS 0x0000000087d00000, 0x0000000087d00000| Untracked 
| 126|0x0000000087e00000, 0x0000000087e00000, 0x0000000087f00000|  0%| F|  |TAMS 0x0000000087e00000, 0x0000000087e00000| Untracked 
| 127|0x0000000087f00000, 0x0000000087f00000, 0x0000000088000000|  0%| F|  |TAMS 0x0000000087f00000, 0x0000000087f00000| Untracked 
| 128|0x0000000088000000, 0x00000000880729c0, 0x0000000088100000| 44%| S|CS|TAMS 0x0000000088000000, 0x0000000088000000| Complete 
| 129|0x0000000088100000, 0x0000000088200000, 0x0000000088200000|100%| S|CS|TAMS 0x0000000088100000, 0x0000000088100000| Complete 
| 130|0x0000000088200000, 0x0000000088300000, 0x0000000088300000|100%| S|CS|TAMS 0x0000000088200000, 0x0000000088200000| Complete 
| 131|0x0000000088300000, 0x0000000088400000, 0x0000000088400000|100%| S|CS|TAMS 0x0000000088300000, 0x0000000088300000| Complete 
| 132|0x0000000088400000, 0x0000000088500000, 0x0000000088500000|100%| S|CS|TAMS 0x0000000088400000, 0x0000000088400000| Complete 
| 133|0x0000000088500000, 0x0000000088600000, 0x0000000088600000|100%| S|CS|TAMS 0x0000000088500000, 0x0000000088500000| Complete 
| 134|0x0000000088600000, 0x0000000088600000, 0x0000000088700000|  0%| F|  |TAMS 0x0000000088600000, 0x0000000088600000| Untracked 
| 135|0x0000000088700000, 0x0000000088700000, 0x0000000088800000|  0%| F|  |TAMS 0x0000000088700000, 0x0000000088700000| Untracked 
| 136|0x0000000088800000, 0x0000000088800000, 0x0000000088900000|  0%| F|  |TAMS 0x0000000088800000, 0x0000000088800000| Untracked 
| 137|0x0000000088900000, 0x0000000088900000, 0x0000000088a00000|  0%| F|  |TAMS 0x0000000088900000, 0x0000000088900000| Untracked 
| 138|0x0000000088a00000, 0x0000000088a00000, 0x0000000088b00000|  0%| F|  |TAMS 0x0000000088a00000, 0x0000000088a00000| Untracked 
| 139|0x0000000088b00000, 0x0000000088b00000, 0x0000000088c00000|  0%| F|  |TAMS 0x0000000088b00000, 0x0000000088b00000| Untracked 
| 140|0x0000000088c00000, 0x0000000088c00000, 0x0000000088d00000|  0%| F|  |TAMS 0x0000000088c00000, 0x0000000088c00000| Untracked 
| 141|0x0000000088d00000, 0x0000000088d00000, 0x0000000088e00000|  0%| F|  |TAMS 0x0000000088d00000, 0x0000000088d00000| Untracked 
| 142|0x0000000088e00000, 0x0000000088e00000, 0x0000000088f00000|  0%| F|  |TAMS 0x0000000088e00000, 0x0000000088e00000| Untracked 
| 143|0x0000000088f00000, 0x0000000088f00000, 0x0000000089000000|  0%| F|  |TAMS 0x0000000088f00000, 0x0000000088f00000| Untracked 
| 144|0x0000000089000000, 0x0000000089000000, 0x0000000089100000|  0%| F|  |TAMS 0x0000000089000000, 0x0000000089000000| Untracked 
| 145|0x0000000089100000, 0x0000000089100000, 0x0000000089200000|  0%| F|  |TAMS 0x0000000089100000, 0x0000000089100000| Untracked 
| 146|0x0000000089200000, 0x0000000089200000, 0x0000000089300000|  0%| F|  |TAMS 0x0000000089200000, 0x0000000089200000| Untracked 
| 147|0x0000000089300000, 0x0000000089300000, 0x0000000089400000|  0%| F|  |TAMS 0x0000000089300000, 0x0000000089300000| Untracked 
| 148|0x0000000089400000, 0x0000000089400000, 0x0000000089500000|  0%| F|  |TAMS 0x0000000089400000, 0x0000000089400000| Untracked 
| 149|0x0000000089500000, 0x0000000089500000, 0x0000000089600000|  0%| F|  |TAMS 0x0000000089500000, 0x0000000089500000| Untracked 
| 150|0x0000000089600000, 0x0000000089600000, 0x0000000089700000|  0%| F|  |TAMS 0x0000000089600000, 0x0000000089600000| Untracked 
| 151|0x0000000089700000, 0x0000000089700000, 0x0000000089800000|  0%| F|  |TAMS 0x0000000089700000, 0x0000000089700000| Untracked 
| 152|0x0000000089800000, 0x0000000089800000, 0x0000000089900000|  0%| F|  |TAMS 0x0000000089800000, 0x0000000089800000| Untracked 
| 153|0x0000000089900000, 0x0000000089900000, 0x0000000089a00000|  0%| F|  |TAMS 0x0000000089900000, 0x0000000089900000| Untracked 
| 154|0x0000000089a00000, 0x0000000089a00000, 0x0000000089b00000|  0%| F|  |TAMS 0x0000000089a00000, 0x0000000089a00000| Untracked 
| 155|0x0000000089b00000, 0x0000000089b00000, 0x0000000089c00000|  0%| F|  |TAMS 0x0000000089b00000, 0x0000000089b00000| Untracked 
| 156|0x0000000089c00000, 0x0000000089c00000, 0x0000000089d00000|  0%| F|  |TAMS 0x0000000089c00000, 0x0000000089c00000| Untracked 
| 157|0x0000000089d00000, 0x0000000089d00000, 0x0000000089e00000|  0%| F|  |TAMS 0x0000000089d00000, 0x0000000089d00000| Untracked 
| 158|0x0000000089e00000, 0x0000000089e00000, 0x0000000089f00000|  0%| F|  |TAMS 0x0000000089e00000, 0x0000000089e00000| Untracked 
| 159|0x0000000089f00000, 0x0000000089f00000, 0x000000008a000000|  0%| F|  |TAMS 0x0000000089f00000, 0x0000000089f00000| Untracked 
| 160|0x000000008a000000, 0x000000008a000000, 0x000000008a100000|  0%| F|  |TAMS 0x000000008a000000, 0x000000008a000000| Untracked 
| 161|0x000000008a100000, 0x000000008a100000, 0x000000008a200000|  0%| F|  |TAMS 0x000000008a100000, 0x000000008a100000| Untracked 
| 162|0x000000008a200000, 0x000000008a200000, 0x000000008a300000|  0%| F|  |TAMS 0x000000008a200000, 0x000000008a200000| Untracked 
| 163|0x000000008a300000, 0x000000008a300000, 0x000000008a400000|  0%| F|  |TAMS 0x000000008a300000, 0x000000008a300000| Untracked 
| 164|0x000000008a400000, 0x000000008a400000, 0x000000008a500000|  0%| F|  |TAMS 0x000000008a400000, 0x000000008a400000| Untracked 
| 165|0x000000008a500000, 0x000000008a500000, 0x000000008a600000|  0%| F|  |TAMS 0x000000008a500000, 0x000000008a500000| Untracked 
| 166|0x000000008a600000, 0x000000008a600000, 0x000000008a700000|  0%| F|  |TAMS 0x000000008a600000, 0x000000008a600000| Untracked 
| 167|0x000000008a700000, 0x000000008a700000, 0x000000008a800000|  0%| F|  |TAMS 0x000000008a700000, 0x000000008a700000| Untracked 
| 168|0x000000008a800000, 0x000000008a800000, 0x000000008a900000|  0%| F|  |TAMS 0x000000008a800000, 0x000000008a800000| Untracked 
| 169|0x000000008a900000, 0x000000008a900000, 0x000000008aa00000|  0%| F|  |TAMS 0x000000008a900000, 0x000000008a900000| Untracked 
| 170|0x000000008aa00000, 0x000000008aa00000, 0x000000008ab00000|  0%| F|  |TAMS 0x000000008aa00000, 0x000000008aa00000| Untracked 
| 171|0x000000008ab00000, 0x000000008ab00000, 0x000000008ac00000|  0%| F|  |TAMS 0x000000008ab00000, 0x000000008ab00000| Untracked 
| 172|0x000000008ac00000, 0x000000008ac00000, 0x000000008ad00000|  0%| F|  |TAMS 0x000000008ac00000, 0x000000008ac00000| Untracked 
| 173|0x000000008ad00000, 0x000000008ad00000, 0x000000008ae00000|  0%| F|  |TAMS 0x000000008ad00000, 0x000000008ad00000| Untracked 
| 174|0x000000008ae00000, 0x000000008ae00000, 0x000000008af00000|  0%| F|  |TAMS 0x000000008ae00000, 0x000000008ae00000| Untracked 
| 175|0x000000008af00000, 0x000000008af00000, 0x000000008b000000|  0%| F|  |TAMS 0x000000008af00000, 0x000000008af00000| Untracked 
| 176|0x000000008b000000, 0x000000008b000000, 0x000000008b100000|  0%| F|  |TAMS 0x000000008b000000, 0x000000008b000000| Untracked 
| 177|0x000000008b100000, 0x000000008b100000, 0x000000008b200000|  0%| F|  |TAMS 0x000000008b100000, 0x000000008b100000| Untracked 
| 178|0x000000008b200000, 0x000000008b200000, 0x000000008b300000|  0%| F|  |TAMS 0x000000008b200000, 0x000000008b200000| Untracked 
| 179|0x000000008b300000, 0x000000008b400000, 0x000000008b400000|100%| E|  |TAMS 0x000000008b300000, 0x000000008b300000| Complete 
| 180|0x000000008b400000, 0x000000008b500000, 0x000000008b500000|100%| E|CS|TAMS 0x000000008b400000, 0x000000008b400000| Complete 
| 181|0x000000008b500000, 0x000000008b600000, 0x000000008b600000|100%| E|CS|TAMS 0x000000008b500000, 0x000000008b500000| Complete 
| 182|0x000000008b600000, 0x000000008b700000, 0x000000008b700000|100%| E|CS|TAMS 0x000000008b600000, 0x000000008b600000| Complete 
| 183|0x000000008b700000, 0x000000008b800000, 0x000000008b800000|100%| E|CS|TAMS 0x000000008b700000, 0x000000008b700000| Complete 
| 184|0x000000008b800000, 0x000000008b900000, 0x000000008b900000|100%| E|CS|TAMS 0x000000008b800000, 0x000000008b800000| Complete 
| 185|0x000000008b900000, 0x000000008ba00000, 0x000000008ba00000|100%| E|CS|TAMS 0x000000008b900000, 0x000000008b900000| Complete 
| 186|0x000000008ba00000, 0x000000008bb00000, 0x000000008bb00000|100%| E|CS|TAMS 0x000000008ba00000, 0x000000008ba00000| Complete 
| 187|0x000000008bb00000, 0x000000008bc00000, 0x000000008bc00000|100%| E|CS|TAMS 0x000000008bb00000, 0x000000008bb00000| Complete 
| 188|0x000000008bc00000, 0x000000008bd00000, 0x000000008bd00000|100%| E|CS|TAMS 0x000000008bc00000, 0x000000008bc00000| Complete 
| 189|0x000000008bd00000, 0x000000008be00000, 0x000000008be00000|100%| E|CS|TAMS 0x000000008bd00000, 0x000000008bd00000| Complete 
| 190|0x000000008be00000, 0x000000008bf00000, 0x000000008bf00000|100%| E|CS|TAMS 0x000000008be00000, 0x000000008be00000| Complete 
| 191|0x000000008bf00000, 0x000000008c000000, 0x000000008c000000|100%| E|CS|TAMS 0x000000008bf00000, 0x000000008bf00000| Complete 

Card table byte_map: [0x000001dd9a1e0000,0x000001dd9a5e0000] _byte_map_base: 0x000001dd99de0000

Marking Bits (Prev, Next): (CMBitMap*) 0x000001dd86e4cfb0, (CMBitMap*) 0x000001dd86e4cf78
 Prev Bits: [0x000001dd9c9e0000, 0x000001dd9e9e0000)
 Next Bits: [0x000001dd9a9e0000, 0x000001dd9c9e0000)

Polling page: 0x000001dd8a790000

Metaspace:

Usage:
  Non-class:     24.12 MB capacity,    23.70 MB ( 98%) used,   371.09 KB (  2%) free+waste,    52.44 KB ( <1%) overhead. 
      Class:      3.83 MB capacity,     3.60 MB ( 94%) used,   212.13 KB (  5%) free+waste,    26.25 KB ( <1%) overhead. 
       Both:     27.95 MB capacity,    27.30 MB ( 98%) used,   583.23 KB (  2%) free+waste,    78.69 KB ( <1%) overhead. 

Virtual space:
  Non-class space:       26.00 MB reserved,      24.25 MB ( 93%) committed 
      Class space:        1.00 GB reserved,       3.88 MB ( <1%) committed 
             Both:        1.03 GB reserved,      28.13 MB (  3%) committed 

Chunk freelists:
   Non-Class:  9.00 KB
       Class:  12.00 KB
        Both:  21.00 KB

MaxMetaspaceSize: 17179869184.00 GB
CompressedClassSpaceSize: 1.00 GB

CodeHeap 'non-profiled nmethods': size=120064Kb used=1065Kb max_used=1065Kb free=118998Kb
 bounds [0x000001dd92270000, 0x000001dd924e0000, 0x000001dd997b0000]
CodeHeap 'profiled nmethods': size=120000Kb used=4682Kb max_used=4682Kb free=115318Kb
 bounds [0x000001dd8ad40000, 0x000001dd8b1e0000, 0x000001dd92270000]
CodeHeap 'non-nmethods': size=5696Kb used=1147Kb max_used=1170Kb free=4548Kb
 bounds [0x000001dd8a7b0000, 0x000001dd8aa20000, 0x000001dd8ad40000]
 total_blobs=2689 nmethods=2204 adapters=396
 compilation: enabled
              stopped_count=0, restarted_count=0
 full_count=0

Compilation events (20 events):
Event: 9.012 Thread 0x000001dda107e800 2435       3       org.objectweb.asm.Attribute::computeAttributesSize (62 bytes)
Event: 9.013 Thread 0x000001dda107e800 nmethod 2435 0x000001dd8b1cf210 code [0x000001dd8b1cf400, 0x000001dd8b1cf728]
Event: 9.013 Thread 0x000001dda107e800 2436       3       org.objectweb.asm.AnnotationWriter::computeAnnotationsSize (66 bytes)
Event: 9.013 Thread 0x000001dda107e800 nmethod 2436 0x000001dd8b1cf890 code [0x000001dd8b1cfa80, 0x000001dd8b1cfd98]
Event: 9.013 Thread 0x000001dda107e800 2437       3       org.objectweb.asm.Attribute::putAttributes (78 bytes)
Event: 9.013 Thread 0x000001dda107e800 nmethod 2437 0x000001dd8b1cff90 code [0x000001dd8b1d0200, 0x000001dd8b1d0718]
Event: 9.013 Thread 0x000001dda107e800 2433       3       org.objectweb.asm.MethodWriter::visitFieldInsn (258 bytes)
Event: 9.015 Thread 0x000001dda107e800 nmethod 2433 0x000001dd8b1d0a10 code [0x000001dd8b1d0c80, 0x000001dd8b1d1888]
Event: 9.015 Thread 0x000001dda107e800 2434       3       org.objectweb.asm.SymbolTable::addConstantFieldref (10 bytes)
Event: 9.015 Thread 0x000001dda107e800 nmethod 2434 0x000001dd8b1d1c90 code [0x000001dd8b1d1e40, 0x000001dd8b1d1f88]
Event: 9.016 Thread 0x000001dda107e800 2438       3       org.objectweb.asm.SymbolTable::getType (7 bytes)
Event: 9.016 Thread 0x000001dda107e800 nmethod 2438 0x000001dd8b1d2090 code [0x000001dd8b1d2240, 0x000001dd8b1d2378]
Event: 9.019 Thread 0x000001dda107e800 2440       3       jdk.internal.misc.Unsafe::weakCompareAndSetInt (11 bytes)
Event: 9.019 Thread 0x000001dda107e800 nmethod 2440 0x000001dd8b1d2490 code [0x000001dd8b1d2640, 0x000001dd8b1d2758]
Event: 9.034 Thread 0x000001dda107e800 2441       3       java.util.concurrent.locks.LockSupport::setBlocker (12 bytes)
Event: 9.034 Thread 0x000001dda107e800 nmethod 2441 0x000001dd8b1d2810 code [0x000001dd8b1d29c0, 0x000001dd8b1d2af8]
Event: 9.034 Thread 0x000001dda107e800 2442       3       java.util.concurrent.locks.AbstractQueuedSynchronizer::isOnSyncQueue (33 bytes)
Event: 9.035 Thread 0x000001dda107e800 nmethod 2442 0x000001dd8b1d2b90 code [0x000001dd8b1d2d60, 0x000001dd8b1d30b8]
Event: 9.059 Thread 0x000001dda107e800 2443       3       jdk.internal.misc.Unsafe::getAndAddInt (27 bytes)
Event: 9.059 Thread 0x000001dda107e800 nmethod 2443 0x000001dd8b1d3210 code [0x000001dd8b1d33c0, 0x000001dd8b1d35f8]

GC Heap History (12 events):
Event: 1.274 GC heap before
{Heap before GC invocations=0 (full 0):
 garbage-first heap   total 196608K, used 19456K [0x0000000080000000, 0x0000000100000000)
  region size 1024K, 14 young (14336K), 0 survivors (0K)
 Metaspace       used 7418K, capacity 7567K, committed 7680K, reserved 1056768K
  class space    used 669K, capacity 716K, committed 768K, reserved 1048576K
}
Event: 1.353 GC heap after
{Heap after GC invocations=1 (full 0):
 garbage-first heap   total 196608K, used 7952K [0x0000000080000000, 0x0000000100000000)
  region size 1024K, 2 young (2048K), 2 survivors (2048K)
 Metaspace       used 7418K, capacity 7567K, committed 7680K, reserved 1056768K
  class space    used 669K, capacity 716K, committed 768K, reserved 1048576K
}
Event: 2.045 GC heap before
{Heap before GC invocations=1 (full 0):
 garbage-first heap   total 196608K, used 20240K [0x0000000080000000, 0x0000000100000000)
  region size 1024K, 14 young (14336K), 2 survivors (2048K)
 Metaspace       used 10525K, capacity 10692K, committed 11008K, reserved 1058816K
  class space    used 1102K, capacity 1164K, committed 1280K, reserved 1048576K
}
Event: 2.047 GC heap after
{Heap after GC invocations=2 (full 0):
 garbage-first heap   total 196608K, used 8716K [0x0000000080000000, 0x0000000100000000)
  region size 1024K, 1 young (1024K), 1 survivors (1024K)
 Metaspace       used 10525K, capacity 10692K, committed 11008K, reserved 1058816K
  class space    used 1102K, capacity 1164K, committed 1280K, reserved 1048576K
}
Event: 3.043 GC heap before
{Heap before GC invocations=2 (full 0):
 garbage-first heap   total 196608K, used 39436K [0x0000000080000000, 0x0000000100000000)
  region size 1024K, 32 young (32768K), 1 survivors (1024K)
 Metaspace       used 10688K, capacity 10949K, committed 11264K, reserved 1058816K
  class space    used 1104K, capacity 1164K, committed 1280K, reserved 1048576K
}
Event: 3.047 GC heap after
{Heap after GC invocations=3 (full 0):
 garbage-first heap   total 196608K, used 12985K [0x0000000080000000, 0x0000000100000000)
  region size 1024K, 4 young (4096K), 4 survivors (4096K)
 Metaspace       used 10688K, capacity 10949K, committed 11264K, reserved 1058816K
  class space    used 1104K, capacity 1164K, committed 1280K, reserved 1048576K
}
Event: 6.509 GC heap before
{Heap before GC invocations=3 (full 0):
 garbage-first heap   total 196608K, used 58041K [0x0000000080000000, 0x0000000100000000)
  region size 1024K, 48 young (49152K), 4 survivors (4096K)
 Metaspace       used 19151K, capacity 19582K, committed 19712K, reserved 1067008K
  class space    used 2322K, capacity 2457K, committed 2560K, reserved 1048576K
}
Event: 6.518 GC heap after
{Heap after GC invocations=4 (full 0):
 garbage-first heap   total 196608K, used 15935K [0x0000000080000000, 0x0000000100000000)
  region size 1024K, 3 young (3072K), 3 survivors (3072K)
 Metaspace       used 19151K, capacity 19582K, committed 19712K, reserved 1067008K
  class space    used 2322K, capacity 2457K, committed 2560K, reserved 1048576K
}
Event: 6.847 GC heap before
{Heap before GC invocations=4 (full 0):
 garbage-first heap   total 196608K, used 25151K [0x0000000080000000, 0x0000000100000000)
  region size 1024K, 13 young (13312K), 3 survivors (3072K)
 Metaspace       used 20627K, capacity 21093K, committed 21248K, reserved 1067008K
  class space    used 2520K, capacity 2710K, committed 2816K, reserved 1048576K
}
Event: 6.855 GC heap after
{Heap after GC invocations=5 (full 0):
 garbage-first heap   total 196608K, used 16193K [0x0000000080000000, 0x0000000100000000)
  region size 1024K, 4 young (4096K), 4 survivors (4096K)
 Metaspace       used 20627K, capacity 21093K, committed 21248K, reserved 1067008K
  class space    used 2520K, capacity 2710K, committed 2816K, reserved 1048576K
}
Event: 8.553 GC heap before
{Heap before GC invocations=6 (full 0):
 garbage-first heap   total 196608K, used 71489K [0x0000000080000000, 0x0000000100000000)
  region size 1024K, 58 young (59392K), 4 survivors (4096K)
 Metaspace       used 26710K, capacity 27357K, committed 27648K, reserved 1073152K
  class space    used 3502K, capacity 3718K, committed 3840K, reserved 1048576K
}
Event: 8.562 GC heap after
{Heap after GC invocations=7 (full 0):
 garbage-first heap   total 196608K, used 18441K [0x0000000080000000, 0x0000000100000000)
  region size 1024K, 6 young (6144K), 6 survivors (6144K)
 Metaspace       used 26710K, capacity 27357K, committed 27648K, reserved 1073152K
  class space    used 3502K, capacity 3718K, committed 3840K, reserved 1048576K
}

Deoptimization events (20 events):
Event: 8.135 Thread 0x000001dda2b56000 DEOPT PACKING pc=0x000001dd922e5ba8 sp=0x000000b1444fca30
Event: 8.135 Thread 0x000001dda2b56000 DEOPT UNPACKING pc=0x000001dd8a7d74af sp=0x000000b1444fca28 mode 2
Event: 8.135 Thread 0x000001dda2b56000 Uncommon trap: trap_request=0xffffffde fr.pc=0x000001dd922e5ba8 relative=0x00000000000002e8
Event: 8.135 Thread 0x000001dda2b56000 Uncommon trap: reason=class_check action=maybe_recompile pc=0x000001dd922e5ba8 method=java.util.Collections$SetFromMap.remove(Ljava/lang/Object;)Z @ 5 c2
Event: 8.135 Thread 0x000001dda2b56000 DEOPT PACKING pc=0x000001dd922e5ba8 sp=0x000000b1444fc9b0
Event: 8.135 Thread 0x000001dda2b56000 DEOPT UNPACKING pc=0x000001dd8a7d74af sp=0x000000b1444fc9a8 mode 2
Event: 8.177 Thread 0x000001dda2b56000 Uncommon trap: trap_request=0xffffff4d fr.pc=0x000001dd922921a0 relative=0x00000000000004e0
Event: 8.177 Thread 0x000001dda2b56000 Uncommon trap: reason=unstable_if action=reinterpret pc=0x000001dd922921a0 method=java.util.Properties$LineReader.readLine()I @ 249 c2
Event: 8.177 Thread 0x000001dda2b56000 DEOPT PACKING pc=0x000001dd922921a0 sp=0x000000b1444fbe10
Event: 8.177 Thread 0x000001dda2b56000 DEOPT UNPACKING pc=0x000001dd8a7d74af sp=0x000000b1444fbda0 mode 2
Event: 8.296 Thread 0x000001dda2b56000 Uncommon trap: trap_request=0xffffff4d fr.pc=0x000001dd9235d9cc relative=0x000000000000020c
Event: 8.296 Thread 0x000001dda2b56000 Uncommon trap: reason=unstable_if action=reinterpret pc=0x000001dd9235d9cc method=java.util.HashMap.hash(Ljava/lang/Object;)I @ 1 c2
Event: 8.296 Thread 0x000001dda2b56000 DEOPT PACKING pc=0x000001dd9235d9cc sp=0x000000b1444f88f0
Event: 8.296 Thread 0x000001dda2b56000 DEOPT UNPACKING pc=0x000001dd8a7d74af sp=0x000000b1444f8828 mode 2
Event: 8.609 Thread 0x000001dda2b56000 DEOPT PACKING pc=0x000001dd8ae1f67a sp=0x000000b1444f5d30
Event: 8.609 Thread 0x000001dda2b56000 DEOPT UNPACKING pc=0x000001dd8a7d72ce sp=0x000000b1444f5320 mode 0
Event: 8.634 Thread 0x000001dda2b56000 Uncommon trap: trap_request=0xffffff4d fr.pc=0x000001dd922c6108 relative=0x0000000000000a48
Event: 8.634 Thread 0x000001dda2b56000 Uncommon trap: reason=unstable_if action=reinterpret pc=0x000001dd922c6108 method=java.io.WinNTFileSystem.resolve(Ljava/lang/String;Ljava/lang/String;)Ljava/lang/String; @ 83 c2
Event: 8.634 Thread 0x000001dda2b56000 DEOPT PACKING pc=0x000001dd922c6108 sp=0x000000b1444fa110
Event: 8.634 Thread 0x000001dda2b56000 DEOPT UNPACKING pc=0x000001dd8a7d74af sp=0x000000b1444fa0b8 mode 2

Classes redefined (0 events):
No events

Internal exceptions (20 events):
Event: 6.829 Thread 0x000001dda2b56000 Exception <a 'java/lang/IncompatibleClassChangeError'{0x000000008b7cff38}: Found class java.lang.Object, but interface was expected> (0x000000008b7cff38) thrown at [./src/hotspot/share/interpreter/linkResolver.cpp, line 839]
Event: 6.955 Thread 0x000001dda2b56000 Exception <a 'java/lang/NoSuchMethodError'{0x000000008bcde130}: 'void java.lang.invoke.DirectMethodHandle$Holder.invokeSpecial(java.lang.Object, java.lang.Object)'> (0x000000008bcde130) thrown at [./src/hotspot/share/interpreter/linkResolver.cpp, line 773]
Event: 7.166 Thread 0x000001dda2b56000 Exception <a 'java/lang/NoSuchMethodError'{0x000000008ae9c878}: 'java.lang.Object java.lang.invoke.DirectMethodHandle$Holder.invokeVirtual(java.lang.Object, java.lang.Object, java.lang.Object, java.lang.Object)'> (0x000000008ae9c878) thrown at [./src/hotspot/share/interpreter/linkResolver.cpp, line 773]
Event: 7.694 Thread 0x000001dda2b56000 Exception <a 'java/lang/NoSuchMethodError'{0x000000008a130d78}: 'void java.lang.invoke.DirectMethodHandle$Holder.invokeSpecial(java.lang.Object, java.lang.Object, java.lang.Object, java.lang.Object, java.lang.Object, java.lang.Object)'> (0x000000008a130d78) thrown at [./src/hotspot/share/interpreter/linkResolver.cpp, line 773]
Event: 7.753 Thread 0x000001dda2b56000 Exception <a 'java/lang/NoSuchMethodError'{0x000000008a0dd260}: 'java.lang.Object java.lang.invoke.Invokers$Holder.invoker(java.lang.Object, java.lang.Object, java.lang.Object)'> (0x000000008a0dd260) thrown at [./src/hotspot/share/interpreter/linkResolver.cpp, line 773]
Event: 7.802 Thread 0x000001dda2b56000 Exception <a 'java/lang/NoSuchMethodError'{0x0000000089fde200}: 'void java.lang.invoke.DirectMethodHandle$Holder.invokeSpecial(java.lang.Object, java.lang.Object, java.lang.Object, java.lang.Object, java.lang.Object, java.lang.Object, java.lang.Object)'> (0x0000000089fde200) thrown at [./src/hotspot/share/interpreter/linkResolver.cpp, line 773]
Event: 7.803 Thread 0x000001dda2b56000 Exception <a 'java/lang/NoSuchMethodError'{0x0000000089fe6448}: 'java.lang.Object java.lang.invoke.Invokers$Holder.linkToTargetMethod(java.lang.Object, java.lang.Object, java.lang.Object, java.lang.Object, java.lang.Object, java.lang.Object)'> (0x0000000089fe6448) thrown at [./src/hotspot/share/interpreter/linkResolver.cpp, line 773]
Event: 7.835 Thread 0x000001dda2b56000 Exception <a 'java/lang/NoSuchMethodError'{0x0000000089d17cb8}: 'java.lang.Object java.lang.invoke.DirectMethodHandle$Holder.invokeVirtual(java.lang.Object, java.lang.Object, java.lang.Object, java.lang.Object, java.lang.Object, java.lang.Object, java.lang.Object, java.lang.Object, java.lang.Object, java.lang.Object, java.lang.Object, java.lang.Object, java.lang.Object, java.lang.Object, java.lang.Object, java.lang.Object, java.lang.Object)'> (0x0000000089d17cb8) thrown at [./src/hotspot/share/interpreter/
Event: 7.839 Thread 0x000001dda2b56000 Exception <a 'java/lang/NoSuchMethodError'{0x0000000089d48440}: 'java.lang.Object java.lang.invoke.DirectMethodHandle$Holder.invokeSpecial(java.lang.Object, java.lang.Object, java.lang.Object, java.lang.Object, java.lang.Object, java.lang.Object, java.lang.Object, java.lang.Object, java.lang.Object)'> (0x0000000089d48440) thrown at [./src/hotspot/share/interpreter/linkResolver.cpp, line 773]
Event: 8.128 Thread 0x000001dda2b56000 Exception <a 'java/lang/NoSuchMethodError'{0x00000000893074c0}: 'java.lang.Object java.lang.invoke.DirectMethodHandle$Holder.invokeStatic(java.lang.Object, java.lang.Object, java.lang.Object, int, java.lang.Object, java.lang.Object)'> (0x00000000893074c0) thrown at [./src/hotspot/share/interpreter/linkResolver.cpp, line 773]
Event: 8.129 Thread 0x000001dda2b56000 Exception <a 'java/lang/NoSuchMethodError'{0x000000008930e828}: 'java.lang.Object java.lang.invoke.Invokers$Holder.linkToTargetMethod(java.lang.Object, java.lang.Object, int, java.lang.Object, java.lang.Object, java.lang.Object)'> (0x000000008930e828) thrown at [./src/hotspot/share/interpreter/linkResolver.cpp, line 773]
Event: 8.167 Thread 0x000001dda2b56000 Exception <a 'java/lang/NoSuchMethodError'{0x0000000089245870}: 'void java.lang.invoke.DirectMethodHandle$Holder.invokeSpecial(java.lang.Object, java.lang.Object, java.lang.Object, java.lang.Object)'> (0x0000000089245870) thrown at [./src/hotspot/share/interpreter/linkResolver.cpp, line 773]
Event: 8.296 Thread 0x000001dda2b56000 Implicit null exception at 0x000001dd9235d7f5 to 0x000001dd9235d9bc
Event: 8.467 Thread 0x000001dda2b56000 Exception <a 'java/lang/NoSuchMethodError'{0x000000008882a070}: 'java.lang.Object java.lang.invoke.DirectMethodHandle$Holder.invokeSpecialIFC(java.lang.Object, java.lang.Object, java.lang.Object, java.lang.Object)'> (0x000000008882a070) thrown at [./src/hotspot/share/interpreter/linkResolver.cpp, line 773]
Event: 8.486 Thread 0x000001dda2b56000 Exception <a 'java/lang/NoSuchMethodError'{0x00000000888e68d0}: 'java.lang.Object java.lang.invoke.DirectMethodHandle$Holder.invokeSpecial(java.lang.Object, java.lang.Object, java.lang.Object, java.lang.Object, java.lang.Object, java.lang.Object, java.lang.Object, java.lang.Object, java.lang.Object, java.lang.Object, java.lang.Object, java.lang.Object, java.lang.Object)'> (0x00000000888e68d0) thrown at [./src/hotspot/share/interpreter/linkResolver.cpp, line 773]
Event: 8.488 Thread 0x000001dda2b56000 Exception <a 'java/lang/NoSuchMethodError'{0x00000000888f7db8}: 'java.lang.Object java.lang.invoke.DirectMethodHandle$Holder.invokeSpecial(java.lang.Object, java.lang.Object, java.lang.Object, java.lang.Object, java.lang.Object, java.lang.Object, java.lang.Object, java.lang.Object, java.lang.Object, java.lang.Object, java.lang.Object, java.lang.Object)'> (0x00000000888f7db8) thrown at [./src/hotspot/share/interpreter/linkResolver.cpp, line 773]
Event: 8.489 Thread 0x000001dda2b56000 Exception <a 'java/lang/NoSuchMethodError'{0x00000000888fcee0}: 'java.lang.Object java.lang.invoke.Invokers$Holder.linkToTargetMethod(java.lang.Object, java.lang.Object, java.lang.Object, java.lang.Object, java.lang.Object, java.lang.Object, java.lang.Object, java.lang.Object, java.lang.Object, java.lang.Object, java.lang.Object)'> (0x00000000888fcee0) thrown at [./src/hotspot/share/interpreter/linkResolver.cpp, line 773]
Event: 8.531 Thread 0x000001dda2b56000 Exception <a 'java/lang/NoSuchMethodError'{0x00000000887f4b78}: 'java.lang.Object java.lang.invoke.DirectMethodHandle$Holder.invokeSpecial(java.lang.Object, java.lang.Object, java.lang.Object, java.lang.Object, java.lang.Object, java.lang.Object, java.lang.Object, java.lang.Object, java.lang.Object, java.lang.Object, java.lang.Object, java.lang.Object, java.lang.Object, java.lang.Object)'> (0x00000000887f4b78) thrown at [./src/hotspot/share/interpreter/linkResolver.cpp, line 773]
Event: 8.532 Thread 0x000001dda2b56000 Exception <a 'java/lang/NoSuchMethodError'{0x00000000886069c8}: 'java.lang.Object java.lang.invoke.Invokers$Holder.linkToTargetMethod(java.lang.Object, java.lang.Object, java.lang.Object, java.lang.Object, java.lang.Object, java.lang.Object, java.lang.Object, java.lang.Object, java.lang.Object, java.lang.Object, java.lang.Object, java.lang.Object)'> (0x00000000886069c8) thrown at [./src/hotspot/share/interpreter/linkResolver.cpp, line 773]
Event: 8.543 Thread 0x000001dda2b56000 Exception <a 'java/lang/NoSuchMethodError'{0x00000000886800b8}: 'java.lang.Object java.lang.invoke.DirectMethodHandle$Holder.invokeStaticInit(java.lang.Object, java.lang.Object, java.lang.Object, java.lang.Object)'> (0x00000000886800b8) thrown at [./src/hotspot/share/interpreter/linkResolver.cpp, line 773]

Events (20 events):
Event: 9.063 loading class com/google/common/io/BaseEncoding$Base16Encoding
Event: 9.063 loading class com/google/common/io/BaseEncoding$Base16Encoding done
Event: 9.063 loading class com/google/common/io/BaseEncoding$DecodingException
Event: 9.063 loading class com/google/common/io/BaseEncoding$DecodingException done
Event: 9.064 loading class com/google/common/io/BaseEncoding$2
Event: 9.064 loading class com/google/common/io/BaseEncoding$2 done
Event: 9.064 loading class com/google/common/io/BaseEncoding$5
Event: 9.064 loading class com/google/common/io/BaseEncoding$5 done
Event: 9.064 loading class com/google/common/io/BaseEncoding$3
Event: 9.064 loading class com/google/common/io/BaseEncoding$3 done
Event: 9.065 loading class com/google/common/io/BaseEncoding$1
Event: 9.065 loading class com/google/common/io/BaseEncoding$1 done
Event: 9.065 loading class com/google/common/io/BaseEncoding$StandardBaseEncoding$2
Event: 9.065 loading class com/google/common/io/BaseEncoding$StandardBaseEncoding$2 done
Event: 9.066 loading class com/google/common/io/BaseEncoding$StandardBaseEncoding$1
Event: 9.066 loading class com/google/common/io/BaseEncoding$StandardBaseEncoding$1 done
Event: 9.066 loading class com/google/common/io/BaseEncoding$SeparatedBaseEncoding
Event: 9.066 loading class com/google/common/io/BaseEncoding$SeparatedBaseEncoding done
Event: 9.067 loading class com/google/common/io/BaseEncoding$Alphabet
Event: 9.067 loading class com/google/common/io/BaseEncoding$Alphabet done


Dynamic libraries:
0x00007ff605d50000 - 0x00007ff605d5a000 	C:\Program Files\Android\Android Studio\jre\bin\java.exe
0x00007ffc80230000 - 0x00007ffc80425000 	C:\WINDOWS\SYSTEM32\ntdll.dll
0x00007ffc7e5b0000 - 0x00007ffc7e66d000 	C:\WINDOWS\System32\KERNEL32.DLL
0x00007ffc7dd30000 - 0x00007ffc7dff8000 	C:\WINDOWS\System32\KERNELBASE.dll
0x00007ffc7e190000 - 0x00007ffc7e290000 	C:\WINDOWS\System32\ucrtbase.dll
0x00007ffc510a0000 - 0x00007ffc510b9000 	C:\Program Files\Android\Android Studio\jre\bin\jli.dll
0x00007ffc4b4e0000 - 0x00007ffc4b4f7000 	C:\Program Files\Android\Android Studio\jre\bin\VCRUNTIME140.dll
0x00007ffc7ed10000 - 0x00007ffc7eeb0000 	C:\WINDOWS\System32\USER32.dll
0x00007ffc7e060000 - 0x00007ffc7e082000 	C:\WINDOWS\System32\win32u.dll
0x00007ffc7f850000 - 0x00007ffc7f87a000 	C:\WINDOWS\System32\GDI32.dll
0x00007ffc6d830000 - 0x00007ffc6daca000 	C:\WINDOWS\WinSxS\amd64_microsoft.windows.common-controls_6595b64144ccf1df_6.0.19041.844_none_ca00b6081b84eb1d\COMCTL32.dll
0x00007ffc7d970000 - 0x00007ffc7da7b000 	C:\WINDOWS\System32\gdi32full.dll
0x00007ffc7eff0000 - 0x00007ffc7f08e000 	C:\WINDOWS\System32\msvcrt.dll
0x00007ffc7dc90000 - 0x00007ffc7dd2d000 	C:\WINDOWS\System32\msvcp_win.dll
0x00007ffc7e2b0000 - 0x00007ffc7e2e0000 	C:\WINDOWS\System32\IMM32.DLL
0x00007ffc3f0f0000 - 0x00007ffc3f18d000 	C:\Program Files\Android\Android Studio\jre\bin\msvcp140.dll
0x00007ffc26800000 - 0x00007ffc272bc000 	C:\Program Files\Android\Android Studio\jre\bin\server\jvm.dll
0x00007ffc7ef40000 - 0x00007ffc7efec000 	C:\WINDOWS\System32\ADVAPI32.dll
0x00007ffc7e490000 - 0x00007ffc7e52b000 	C:\WINDOWS\System32\sechost.dll
0x00007ffc7fa70000 - 0x00007ffc7fb9b000 	C:\WINDOWS\System32\RPCRT4.dll
0x00007ffc7fa60000 - 0x00007ffc7fa68000 	C:\WINDOWS\System32\PSAPI.DLL
0x00007ffc6af80000 - 0x00007ffc6af89000 	C:\WINDOWS\SYSTEM32\WSOCK32.dll
0x00007ffc7eb90000 - 0x00007ffc7ebfb000 	C:\WINDOWS\System32\WS2_32.dll
0x00007ffc6dde0000 - 0x00007ffc6de07000 	C:\WINDOWS\SYSTEM32\WINMM.dll
0x00007ffc75710000 - 0x00007ffc7571a000 	C:\WINDOWS\SYSTEM32\VERSION.dll
0x00007ffc7c290000 - 0x00007ffc7c2a2000 	C:\WINDOWS\SYSTEM32\kernel.appcore.dll
0x00007ffc6bc40000 - 0x00007ffc6bc51000 	C:\Program Files\Android\Android Studio\jre\bin\verify.dll
0x00007ffc7bf10000 - 0x00007ffc7c0f4000 	C:\WINDOWS\SYSTEM32\DBGHELP.DLL
0x00007ffc69430000 - 0x00007ffc6945c000 	C:\WINDOWS\SYSTEM32\dbgcore.DLL
0x00007ffc7dc10000 - 0x00007ffc7dc90000 	C:\WINDOWS\System32\bcryptPrimitives.dll
0x00007ffc69fe0000 - 0x00007ffc6a009000 	C:\Program Files\Android\Android Studio\jre\bin\java.dll
0x00007ffc7a020000 - 0x00007ffc7a02b000 	C:\Program Files\Android\Android Studio\jre\bin\jimage.dll
0x00007ffc6bc20000 - 0x00007ffc6bc38000 	C:\Program Files\Android\Android Studio\jre\bin\zip.dll
0x00007ffc7f100000 - 0x00007ffc7f842000 	C:\WINDOWS\System32\SHELL32.dll
0x00007ffc7b770000 - 0x00007ffc7bf00000 	C:\WINDOWS\SYSTEM32\windows.storage.dll
0x00007ffc7e670000 - 0x00007ffc7e9c5000 	C:\WINDOWS\System32\combase.dll
0x00007ffc7d3e0000 - 0x00007ffc7d40c000 	C:\WINDOWS\SYSTEM32\Wldp.dll
0x00007ffc7ec60000 - 0x00007ffc7ed0e000 	C:\WINDOWS\System32\SHCORE.dll
0x00007ffc7ec00000 - 0x00007ffc7ec55000 	C:\WINDOWS\System32\shlwapi.dll
0x00007ffc7d8b0000 - 0x00007ffc7d8cf000 	C:\WINDOWS\SYSTEM32\profapi.dll
0x00007ffc6a040000 - 0x00007ffc6a05a000 	C:\Program Files\Android\Android Studio\jre\bin\net.dll
0x00007ffc708c0000 - 0x00007ffc709cb000 	C:\WINDOWS\SYSTEM32\WINHTTP.dll
0x00007ffc7d150000 - 0x00007ffc7d1ba000 	C:\WINDOWS\system32\mswsock.dll
0x00007ffc69fc0000 - 0x00007ffc69fd4000 	C:\Program Files\Android\Android Studio\jre\bin\nio.dll
0x00007ffc59b30000 - 0x00007ffc59b57000 	C:\Users\Putera Ezzalee\.gradle\native\fdc75f09e3144964f2cf3f50f0aa648679c211496f362492102eb8c894070792\windows-amd64\native-platform.dll
0x00007ffc3dde0000 - 0x00007ffc3df76000 	C:\Users\Putera Ezzalee\.gradle\native\12488b8bf47d2d4c9fbf2f6322a914ad602e24e48041cd04a747c6da556b65c4\windows-amd64\native-platform-file-events.dll
0x00007ffc799c0000 - 0x00007ffc799ca000 	C:\Program Files\Android\Android Studio\jre\bin\management.dll
0x00007ffc77400000 - 0x00007ffc7740c000 	C:\Program Files\Android\Android Studio\jre\bin\management_ext.dll
0x00007ffc7d320000 - 0x00007ffc7d338000 	C:\WINDOWS\SYSTEM32\CRYPTSP.dll
0x00007ffc7ca80000 - 0x00007ffc7cab4000 	C:\WINDOWS\system32\rsaenh.dll
0x00007ffc7dbe0000 - 0x00007ffc7dc07000 	C:\WINDOWS\System32\bcrypt.dll
0x00007ffc7d830000 - 0x00007ffc7d85e000 	C:\WINDOWS\SYSTEM32\USERENV.dll
0x00007ffc7d340000 - 0x00007ffc7d34c000 	C:\WINDOWS\SYSTEM32\CRYPTBASE.dll
0x00007ffc7cdf0000 - 0x00007ffc7ce2b000 	C:\WINDOWS\SYSTEM32\IPHLPAPI.DLL
0x00007ffc7e9d0000 - 0x00007ffc7e9d8000 	C:\WINDOWS\System32\NSI.dll
0x00007ffc756f0000 - 0x00007ffc75707000 	C:\WINDOWS\SYSTEM32\dhcpcsvc6.DLL
0x00007ffc76090000 - 0x00007ffc760ad000 	C:\WINDOWS\SYSTEM32\dhcpcsvc.DLL
0x00007ffc7ce40000 - 0x00007ffc7cf0c000 	C:\WINDOWS\SYSTEM32\DNSAPI.dll
0x00007ffc76220000 - 0x00007ffc7622b000 	C:\WINDOWS\SYSTEM32\WINNSI.DLL

dbghelp: loaded successfully - version: 4.0.5 - missing functions: none
symbol engine: initialized successfully - sym options: 0x614 - pdb path: .;C:\Program Files\Android\Android Studio\jre\bin;C:\WINDOWS\SYSTEM32;C:\WINDOWS\WinSxS\amd64_microsoft.windows.common-controls_6595b64144ccf1df_6.0.19041.844_none_ca00b6081b84eb1d;C:\Program Files\Android\Android Studio\jre\bin\server;C:\Users\Putera Ezzalee\.gradle\native\fdc75f09e3144964f2cf3f50f0aa648679c211496f362492102eb8c894070792\windows-amd64;C:\Users\Putera Ezzalee\.gradle\native\12488b8bf47d2d4c9fbf2f6322a914ad602e24e48041cd04a747c6da556b65c4\windows-amd64

VM Arguments:
jvm_args: --add-opens=java.base/java.util=ALL-UNNAMED --add-opens=java.base/java.lang=ALL-UNNAMED --add-opens=java.base/java.lang.invoke=ALL-UNNAMED --add-opens=java.prefs/java.util.prefs=ALL-UNNAMED -Xmx2048m -Dfile.encoding=UTF-8 -Duser.country=US -Duser.language=en -Duser.variant 
java_command: org.gradle.launcher.daemon.bootstrap.GradleDaemon 6.7.1
java_class_path (initial): C:\Users\Putera Ezzalee\.gradle\wrapper\dists\gradle-6.7.1-all\2moa8rlfac5eqlcfgk98k0deb\gradle-6.7.1\lib\gradle-launcher-6.7.1.jar
Launcher Type: SUN_STANDARD

[Global flags]
     intx CICompilerCount                          = 3                                         {product} {ergonomic}
     uint ConcGCThreads                            = 1                                         {product} {ergonomic}
     uint G1ConcRefinementThreads                  = 4                                         {product} {ergonomic}
   size_t G1HeapRegionSize                         = 1048576                                   {product} {ergonomic}
    uintx GCDrainStackTargetSize                   = 64                                        {product} {ergonomic}
   size_t InitialHeapSize                          = 201326592                                 {product} {ergonomic}
   size_t MarkStackSize                            = 4194304                                   {product} {ergonomic}
   size_t MaxHeapSize                              = 2147483648                                {product} {command line}
   size_t MaxNewSize                               = 1287651328                                {product} {ergonomic}
   size_t MinHeapDeltaBytes                        = 1048576                                   {product} {ergonomic}
    uintx NonNMethodCodeHeapSize                   = 5830732                                {pd product} {ergonomic}
    uintx NonProfiledCodeHeapSize                  = 122913754                              {pd product} {ergonomic}
    uintx ProfiledCodeHeapSize                     = 122913754                              {pd product} {ergonomic}
    uintx ReservedCodeCacheSize                    = 251658240                              {pd product} {ergonomic}
     bool SegmentedCodeCache                       = true                                      {product} {ergonomic}
     bool UseCompressedClassPointers               = true                                 {lp64_product} {ergonomic}
     bool UseCompressedOops                        = true                                 {lp64_product} {ergonomic}
     bool UseG1GC                                  = true                                      {product} {ergonomic}
     bool UseLargePagesIndividualAllocation        = false                                  {pd product} {ergonomic}

Logging:
Log output configuration:
 #0: stdout all=warning uptime,level,tags
 #1: stderr all=off uptime,level,tags

Environment Variables:
JAVA_HOME=C:\Program Files\Java\jdk-13.0.2
PATH=C:\oraclexe\app\oracle\product\11.2.0\server\bin;C:\app\Putera_Ezzalee\product\11.2.0\dbhome_1\bin;C:\WINDOWS\system32;C:\WINDOWS;C:\WINDOWS\System32\Wbem;C:\WINDOWS\System32\WindowsPowerShell\v1.0\;C:\WINDOWS\System32\OpenSSH\;C:\Program Files\nodejs\;C:\Program Files\Git\cmd;C:\Program Files\Microsoft SQL Server\130\Tools\Binn\;C:\Program Files\Microsoft SQL Server\Client SDK\ODBC\170\Tools\Binn\;C:\Program Files\dotnet\;C:\Program Files (x86)\Microsoft SQL Server\150\Tools\Binn\;C:\Program Files\Microsoft SQL Server\150\Tools\Binn\;C:\Program Files\Microsoft SQL Server\150\DTS\Binn\;C:\Program Files\Azure Data Studio\bin;C:\Program Files (x86)\Microsoft SQL Server\150\DTS\Binn\;C:\xampp\php;C:\ProgramData\ComposerSetup\bin;C:\Program Files\MySQL\MySQL Shell 8.0\bin\;C:\Users\Putera Ezzalee\AppData\Local\Programs\Python\Python38-32\Scripts\;C:\Users\Putera Ezzalee\AppData\Local\Programs\Python\Python38-32\;C:\Users\Putera Ezzalee\AppData\Local\Microsoft\WindowsApps;C:\Users\Putera Ezzalee\AppData\Roaming\npm;C:\Mingw-w64\mingw32\bin;C:\Users\Putera Ezzalee\AppData\Local\atom\bin;C:\Program Files\JetBrains\PyCharm Community Edition 2019.2.4\bin;;C:\Users\Putera Ezzalee\AppData\Local\Programs\Microsoft VS Code\bin;";C:\Program Files\Java\jdk-13.0.2\bin";;C:\Users\Putera Ezzalee\AppData\Local\Microsoft\WindowsApps;C:\Users\Putera Ezzalee\.dotnet\tools;C:\Program Files\Azure Data Studio\bin;C:\Users\Putera Ezzalee\AppData\Roaming\Composer\vendor\bin
USERNAME=Putera Ezzalee
OS=Windows_NT
PROCESSOR_IDENTIFIER=Intel64 Family 6 Model 142 Stepping 9, GenuineIntel



---------------  S Y S T E M  ---------------

OS: Windows 10 , 64 bit Build 19041 (10.0.19041.928)
OS uptime: 27 days 11:30 hours

CPU:total 4 (initial active 4) (2 cores per cpu, 2 threads per core) family 6 model 142 stepping 9, cmov, cx8, fxsr, mmx, sse, sse2, sse3, ssse3, sse4.1, sse4.2, popcnt, avx, avx2, aes, clmul, erms, 3dnowpref, lzcnt, ht, tsc, tscinvbit, bmi1, bmi2, adx, fma

Memory: 4k page, system-wide physical 12170M (400M free)
TotalPageFile size 40711M (AvailPageFile size 5M)
current process WorkingSet (physical memory assigned to process): 209M, peak: 209M
current process commit charge ("private bytes"): 355M, peak: 355M

vm_info: OpenJDK 64-Bit Server VM (11.0.8+10-b944.6842174) for windows-amd64 JRE (11.0.8+10-b944.6842174), built on Sep 19 2020 01:11:42 by "builder" with MS VC++ 14.0 (VS2015)

END.
